Traceback (most recent call last):
  File "/opt/hostedtoolcache/Python/3.9.19/x64/lib/python3.9/site-packages/jupyter_cache/executors/utils.py", line 58, in single_nb_execution
    executenb(
  File "/opt/hostedtoolcache/Python/3.9.19/x64/lib/python3.9/site-packages/nbclient/client.py", line 1305, in execute
    return NotebookClient(nb=nb, resources=resources, km=km, **kwargs).execute()
  File "/opt/hostedtoolcache/Python/3.9.19/x64/lib/python3.9/site-packages/jupyter_core/utils/__init__.py", line 165, in wrapped
    return loop.run_until_complete(inner)
  File "/opt/hostedtoolcache/Python/3.9.19/x64/lib/python3.9/asyncio/base_events.py", line 647, in run_until_complete
    return future.result()
  File "/opt/hostedtoolcache/Python/3.9.19/x64/lib/python3.9/site-packages/nbclient/client.py", line 705, in async_execute
    await self.async_execute_cell(
  File "/opt/hostedtoolcache/Python/3.9.19/x64/lib/python3.9/site-packages/nbclient/client.py", line 1058, in async_execute_cell
    await self._check_raise_for_error(cell, cell_index, exec_reply)
  File "/opt/hostedtoolcache/Python/3.9.19/x64/lib/python3.9/site-packages/nbclient/client.py", line 914, in _check_raise_for_error
    raise CellExecutionError.from_cell_and_msg(cell, exec_reply_content)
nbclient.exceptions.CellExecutionError: An error occurred while executing the following cell:
------------------
from policyengine_us import Microsimulation

sim = Microsimulation(dataset_year=2020)

sim.calc("md_ctc", period=2022).sum() / 1e6
------------------


[0;31m---------------------------------------------------------------------------[0m
[0;31mTypeError[0m                                 Traceback (most recent call last)
Cell [0;32mIn[2], line 3[0m
[1;32m      1[0m [38;5;28;01mfrom[39;00m [38;5;21;01mpolicyengine_us[39;00m [38;5;28;01mimport[39;00m Microsimulation
[0;32m----> 3[0m sim [38;5;241m=[39m [43mMicrosimulation[49m[43m([49m[43mdataset_year[49m[38;5;241;43m=[39;49m[38;5;241;43m2020[39;49m[43m)[49m
[1;32m      5[0m sim[38;5;241m.[39mcalc([38;5;124m"[39m[38;5;124mmd_ctc[39m[38;5;124m"[39m, period[38;5;241m=[39m[38;5;241m2022[39m)[38;5;241m.[39msum() [38;5;241m/[39m [38;5;241m1e6[39m

File [0;32m~/work/policyengine-us/policyengine-us/policyengine_us/system.py:115[0m, in [0;36mMicrosimulation.__init__[0;34m(self, *args, **kwargs)[0m
[1;32m    114[0m [38;5;28;01mdef[39;00m [38;5;21m__init__[39m([38;5;28mself[39m, [38;5;241m*[39margs, [38;5;241m*[39m[38;5;241m*[39mkwargs):
[0;32m--> 115[0m     [38;5;28;43msuper[39;49m[43m([49m[43m)[49m[38;5;241;43m.[39;49m[38;5;21;43m__init__[39;49m[43m([49m[38;5;241;43m*[39;49m[43margs[49m[43m,[49m[43m [49m[38;5;241;43m*[39;49m[38;5;241;43m*[39;49m[43mkwargs[49m[43m)[49m
[1;32m    117[0m     reform [38;5;241m=[39m create_structural_reforms_from_parameters(
[1;32m    118[0m         [38;5;28mself[39m[38;5;241m.[39mtax_benefit_system[38;5;241m.[39mparameters, year_start
[1;32m    119[0m     )
[1;32m    120[0m     [38;5;28;01mif[39;00m reform [38;5;129;01mis[39;00m [38;5;129;01mnot[39;00m [38;5;28;01mNone[39;00m:

[0;31mTypeError[0m: __init__() got an unexpected keyword argument 'dataset_year'

