Traceback (most recent call last):
  File "/opt/hostedtoolcache/Python/3.9.19/x64/lib/python3.9/site-packages/jupyter_cache/executors/utils.py", line 58, in single_nb_execution
    executenb(
  File "/opt/hostedtoolcache/Python/3.9.19/x64/lib/python3.9/site-packages/nbclient/client.py", line 1305, in execute
    return NotebookClient(nb=nb, resources=resources, km=km, **kwargs).execute()
  File "/opt/hostedtoolcache/Python/3.9.19/x64/lib/python3.9/site-packages/jupyter_core/utils/__init__.py", line 165, in wrapped
    return loop.run_until_complete(inner)
  File "/opt/hostedtoolcache/Python/3.9.19/x64/lib/python3.9/asyncio/base_events.py", line 647, in run_until_complete
    return future.result()
  File "/opt/hostedtoolcache/Python/3.9.19/x64/lib/python3.9/site-packages/nbclient/client.py", line 705, in async_execute
    await self.async_execute_cell(
  File "/opt/hostedtoolcache/Python/3.9.19/x64/lib/python3.9/site-packages/nbclient/client.py", line 1058, in async_execute_cell
    await self._check_raise_for_error(cell, cell_index, exec_reply)
  File "/opt/hostedtoolcache/Python/3.9.19/x64/lib/python3.9/site-packages/nbclient/client.py", line 914, in _check_raise_for_error
    raise CellExecutionError.from_cell_and_msg(cell, exec_reply_content)
nbclient.exceptions.CellExecutionError: An error occurred while executing the following cell:
------------------
from policyengine_us.model_api import *


def budgetary_impacts(
    variable: str, data_year: int = 2020, policy_year: int = 2022
) -> Tuple:
    """Calculates the budgetary impact of a variable for a given policy year.

    Args:
        variable (str): The variable to calculate the budgetary impact of.
        data_year (int): The year of the data to use.
        policy_year (int): The year of the policy to use.

    Returns:
        Tuple: A tuple of the total cost and budgetary impact of repealing the variable,
        respectively, in millions.
    """

    class ignore_reported(Reform):
        def apply(self):
            self.neutralize_variable("spm_unit_net_income_reported")

    class neutralize(Reform):
        def apply(self):
            self.neutralize_variable(variable)

    sim = Microsimulation(ignore_reported, year=data_year)
    sim_neutralized = Microsimulation(
        (ignore_reported, neutralize), year=data_year
    )
    program_value = sim.calc(variable, period=policy_year).sum()
    baseline_net_income = sim.calc(
        "spm_unit_net_income", period=policy_year
    ).sum()
    neutralized_net_income = sim_neutralized.calc(
        "spm_unit_net_income", period=policy_year
    ).sum()
    budgetary_impact = neutralized_net_income - baseline_net_income
    return round(program_value / 1e6), round(budgetary_impact / 1e6)


budgetary_impacts("ny_eitc")
------------------


[0;31m---------------------------------------------------------------------------[0m
[0;31mTypeError[0m                                 Traceback (most recent call last)
[0;32m/tmp/ipykernel_3644/1540646120.py[0m in [0;36m<cell line: 42>[0;34m()[0m
[1;32m     40[0m [0;34m[0m[0m
[1;32m     41[0m [0;34m[0m[0m
[0;32m---> 42[0;31m [0mbudgetary_impacts[0m[0;34m([0m[0;34m"ny_eitc"[0m[0;34m)[0m[0;34m[0m[0;34m[0m[0m
[0m
[0;32m/tmp/ipykernel_3644/1540646120.py[0m in [0;36mbudgetary_impacts[0;34m(variable, data_year, policy_year)[0m
[1;32m     25[0m             [0mself[0m[0;34m.[0m[0mneutralize_variable[0m[0;34m([0m[0mvariable[0m[0;34m)[0m[0;34m[0m[0;34m[0m[0m
[1;32m     26[0m [0;34m[0m[0m
[0;32m---> 27[0;31m     [0msim[0m [0;34m=[0m [0mMicrosimulation[0m[0;34m([0m[0mignore_reported[0m[0;34m,[0m [0myear[0m[0;34m=[0m[0mdata_year[0m[0;34m)[0m[0;34m[0m[0;34m[0m[0m
[0m[1;32m     28[0m     sim_neutralized = Microsimulation(
[1;32m     29[0m         [0;34m([0m[0mignore_reported[0m[0;34m,[0m [0mneutralize[0m[0;34m)[0m[0;34m,[0m [0myear[0m[0;34m=[0m[0mdata_year[0m[0;34m[0m[0;34m[0m[0m

[0;32m~/work/policyengine-us/policyengine-us/policyengine_us/system.py[0m in [0;36m__init__[0;34m(self, *args, **kwargs)[0m
[1;32m    117[0m [0;34m[0m[0m
[1;32m    118[0m     [0;32mdef[0m [0m__init__[0m[0;34m([0m[0mself[0m[0;34m,[0m [0;34m*[0m[0margs[0m[0;34m,[0m [0;34m**[0m[0mkwargs[0m[0;34m)[0m[0;34m:[0m[0;34m[0m[0;34m[0m[0m
[0;32m--> 119[0;31m         [0msuper[0m[0;34m([0m[0;34m)[0m[0;34m.[0m[0m__init__[0m[0;34m([0m[0;34m*[0m[0margs[0m[0;34m,[0m [0;34m**[0m[0mkwargs[0m[0;34m)[0m[0;34m[0m[0;34m[0m[0m
[0m[1;32m    120[0m [0;34m[0m[0m
[1;32m    121[0m         reform = create_structural_reforms_from_parameters(

[0;31mTypeError[0m: __init__() got an unexpected keyword argument 'year'

