Traceback (most recent call last):
  File "/opt/hostedtoolcache/Python/3.9.16/x64/lib/python3.9/site-packages/jupyter_cache/executors/utils.py", line 51, in single_nb_execution
    executenb(
  File "/opt/hostedtoolcache/Python/3.9.16/x64/lib/python3.9/site-packages/nbclient/client.py", line 1204, in execute
    return NotebookClient(nb=nb, resources=resources, km=km, **kwargs).execute()
  File "/opt/hostedtoolcache/Python/3.9.16/x64/lib/python3.9/site-packages/nbclient/util.py", line 84, in wrapped
    return just_run(coro(*args, **kwargs))
  File "/opt/hostedtoolcache/Python/3.9.16/x64/lib/python3.9/site-packages/nbclient/util.py", line 62, in just_run
    return loop.run_until_complete(coro)
  File "/opt/hostedtoolcache/Python/3.9.16/x64/lib/python3.9/asyncio/base_events.py", line 647, in run_until_complete
    return future.result()
  File "/opt/hostedtoolcache/Python/3.9.16/x64/lib/python3.9/site-packages/nbclient/client.py", line 663, in async_execute
    await self.async_execute_cell(
  File "/opt/hostedtoolcache/Python/3.9.16/x64/lib/python3.9/site-packages/nbclient/client.py", line 965, in async_execute_cell
    await self._check_raise_for_error(cell, cell_index, exec_reply)
  File "/opt/hostedtoolcache/Python/3.9.16/x64/lib/python3.9/site-packages/nbclient/client.py", line 862, in _check_raise_for_error
    raise CellExecutionError.from_cell_and_msg(cell, exec_reply_content)
nbclient.exceptions.CellExecutionError: An error occurred while executing the following cell:
------------------
from policyengine_us import IndividualSim

import pandas as pd
import plotly.express as px


def make(adults, children, purchased_qualifying_new_clean_vehicle):
    sim = IndividualSim(year=2023)
    # Specify age 25 to qualify for EITC.
    sim.add_person(name="head", age=25, is_tax_unit_head=True)
    members = ["head"]
    if adults == 2:
        sim.add_person(name="spouse")
        members.append("spouse")
    for i in range(children):
        child = "child{}".format(i)
        sim.add_person(name=child, age=5)
        members.append(child)
    sim.add_tax_unit(
        name="tax_unit",
        members=members,
        purchased_qualifying_new_clean_vehicle=purchased_qualifying_new_clean_vehicle,
        new_clean_vehicle_battery_capacity=70,
        # Assume it meets both requirements.
        new_clean_vehicle_battery_critical_minerals_extracted_in_trading_partner_country=0.5,
        new_clean_vehicle_battery_components_made_in_north_america=0.5,
        new_clean_vehicle_classification="SUV",
        new_clean_vehicle_msrp=65_990,  # Per Google.
        premium_tax_credit=0,
    )
    sim.add_spm_unit(name="spm_unit", members=members)
    sim.add_household(name="household", members=members, state_code="MA")
    sim.vary("employment_income", max=350_000)
    return pd.DataFrame(
        dict(
            employment_income=sim.calc("employment_income")[0],
            spm_unit_net_income=sim.calc("spm_unit_net_income")[0],
            credit=sim.calc("new_clean_vehicle_credit")[0],
            adults=adults,
            children=children,
            purchased_qualifying_new_clean_vehicle=purchased_qualifying_new_clean_vehicle,
        )
    )


l = []
for adults in [1, 2]:
    for children in range(0, 4):
        for purchased_qualifying_new_clean_vehicle in [True, False]:
            l.append(
                make(adults, children, purchased_qualifying_new_clean_vehicle)
            )

df = pd.concat(l)

wide = df.pivot(
    index=["employment_income", "adults", "children"],
    columns="purchased_qualifying_new_clean_vehicle",
    values="spm_unit_net_income",
).reset_index()
wide["benefit"] = wide[True] - wide[False]

LABELS = dict(
    employment_income="Employment income",
    benefit="Net clean vehicle credit",
    children="Children",
    adults="Adults",
)

fig = px.line(
    wide,
    "employment_income",
    "benefit",
    color="children",
    animation_frame="adults",
    labels=LABELS,
    title="Net benefit from clean vehicle credit under Inflation Reduction Act",
)
fig.update_layout(xaxis_tickformat="$,", yaxis_tickformat="$,")
fig.show()
------------------

[0;31m---------------------------------------------------------------------------[0m
[0;31mValueError[0m                                Traceback (most recent call last)
File [0;32m/opt/hostedtoolcache/Python/3.9.16/x64/lib/python3.9/site-packages/policyengine_core/simulations/individual_sim.py:261[0m, in [0;36mIndividualSim.calc[0;34m(self, var, period, target, index, map_to, reform)[0m
[1;32m    260[0m [38;5;28;01mtry[39;00m:
[0;32m--> 261[0m     result [38;5;241m=[39m [38;5;28;43mself[39;49m[38;5;241;43m.[39;49m[43msimulation[49m[38;5;241;43m.[39;49m[43mcalculate[49m[43m([49m[43mvar[49m[43m,[49m[43m [49m[43mperiod[49m[43m)[49m
[1;32m    262[0m [38;5;28;01mexcept[39;00m:

File [0;32m/opt/hostedtoolcache/Python/3.9.16/x64/lib/python3.9/site-packages/policyengine_core/simulations/simulation.py:320[0m, in [0;36mSimulation.calculate[0;34m(self, variable_name, period, map_to, decode_enums)[0m
[1;32m    319[0m [38;5;28;01mtry[39;00m:
[0;32m--> 320[0m     result [38;5;241m=[39m [38;5;28;43mself[39;49m[38;5;241;43m.[39;49m[43m_calculate[49m[43m([49m[43mvariable_name[49m[43m,[49m[43m [49m[43mperiod[49m[43m)[49m
[1;32m    321[0m     [38;5;28;01mif[39;00m [38;5;28misinstance[39m(result, EnumArray) [38;5;129;01mand[39;00m decode_enums:

File [0;32m/opt/hostedtoolcache/Python/3.9.16/x64/lib/python3.9/site-packages/policyengine_core/simulations/simulation.py:470[0m, in [0;36mSimulation._calculate[0;34m(self, variable_name, period)[0m
[1;32m    469[0m [38;5;28mself[39m[38;5;241m.[39m_check_for_cycle(variable[38;5;241m.[39mname, period)
[0;32m--> 470[0m array [38;5;241m=[39m [38;5;28;43mself[39;49m[38;5;241;43m.[39;49m[43m_run_formula[49m[43m([49m[43mvariable[49m[43m,[49m[43m [49m[43mpopulation[49m[43m,[49m[43m [49m[43mperiod[49m[43m)[49m
[1;32m    472[0m [38;5;66;03m# If no result, use the default value and cache it[39;00m

File [0;32m/opt/hostedtoolcache/Python/3.9.16/x64/lib/python3.9/site-packages/policyengine_core/simulations/simulation.py:687[0m, in [0;36mSimulation._run_formula[0;34m(self, variable, population, period)[0m
[1;32m    686[0m [38;5;28;01melse[39;00m:
[0;32m--> 687[0m     array [38;5;241m=[39m [43mformula[49m[43m([49m[43mpopulation[49m[43m,[49m[43m [49m[43mperiod[49m[43m,[49m[43m [49m[43mparameters_at[49m[43m)[49m
[1;32m    689[0m [38;5;28;01mreturn[39;00m array

File [0;32m~/work/policyengine-us/policyengine-us/policyengine_us/variables/household/income/spm_unit/spm_unit_net_income.py:13[0m, in [0;36mspm_unit_net_income.formula[0;34m(spm_unit, period, parameters)[0m
[1;32m     12[0m market_income [38;5;241m=[39m spm_unit([38;5;124m"[39m[38;5;124mspm_unit_market_income[39m[38;5;124m"[39m, period)
[0;32m---> 13[0m benefits [38;5;241m=[39m [43mspm_unit[49m[43m([49m[38;5;124;43m"[39;49m[38;5;124;43mspm_unit_benefits[39;49m[38;5;124;43m"[39;49m[43m,[49m[43m [49m[43mperiod[49m[43m)[49m
[1;32m     14[0m taxes [38;5;241m=[39m spm_unit([38;5;124m"[39m[38;5;124mspm_unit_taxes[39m[38;5;124m"[39m, period)

File [0;32m/opt/hostedtoolcache/Python/3.9.16/x64/lib/python3.9/site-packages/policyengine_core/populations/population.py:131[0m, in [0;36mPopulation.__call__[0;34m(self, variable_name, period, options)[0m
[1;32m    130[0m [38;5;28;01melse[39;00m:
[0;32m--> 131[0m     [38;5;28;01mreturn[39;00m [38;5;28;43mself[39;49m[38;5;241;43m.[39;49m[43msimulation[49m[38;5;241;43m.[39;49m[43mcalculate[49m[43m([49m
[1;32m    132[0m [43m        [49m[43mvariable_name[49m[43m,[49m[43m [49m[43mperiod[49m[43m,[49m[43m [49m[38;5;241;43m*[39;49m[38;5;241;43m*[39;49m[43mcalculate_kwargs[49m
[1;32m    133[0m [43m    [49m[43m)[49m

File [0;32m/opt/hostedtoolcache/Python/3.9.16/x64/lib/python3.9/site-packages/policyengine_core/simulations/simulation.py:320[0m, in [0;36mSimulation.calculate[0;34m(self, variable_name, period, map_to, decode_enums)[0m
[1;32m    319[0m [38;5;28;01mtry[39;00m:
[0;32m--> 320[0m     result [38;5;241m=[39m [38;5;28;43mself[39;49m[38;5;241;43m.[39;49m[43m_calculate[49m[43m([49m[43mvariable_name[49m[43m,[49m[43m [49m[43mperiod[49m[43m)[49m
[1;32m    321[0m     [38;5;28;01mif[39;00m [38;5;28misinstance[39m(result, EnumArray) [38;5;129;01mand[39;00m decode_enums:

File [0;32m/opt/hostedtoolcache/Python/3.9.16/x64/lib/python3.9/site-packages/policyengine_core/simulations/simulation.py:470[0m, in [0;36mSimulation._calculate[0;34m(self, variable_name, period)[0m
[1;32m    469[0m [38;5;28mself[39m[38;5;241m.[39m_check_for_cycle(variable[38;5;241m.[39mname, period)
[0;32m--> 470[0m array [38;5;241m=[39m [38;5;28;43mself[39;49m[38;5;241;43m.[39;49m[43m_run_formula[49m[43m([49m[43mvariable[49m[43m,[49m[43m [49m[43mpopulation[49m[43m,[49m[43m [49m[43mperiod[49m[43m)[49m
[1;32m    472[0m [38;5;66;03m# If no result, use the default value and cache it[39;00m

File [0;32m/opt/hostedtoolcache/Python/3.9.16/x64/lib/python3.9/site-packages/policyengine_core/simulations/simulation.py:687[0m, in [0;36mSimulation._run_formula[0;34m(self, variable, population, period)[0m
[1;32m    686[0m [38;5;28;01melse[39;00m:
[0;32m--> 687[0m     array [38;5;241m=[39m [43mformula[49m[43m([49m[43mpopulation[49m[43m,[49m[43m [49m[43mperiod[49m[43m,[49m[43m [49m[43mparameters_at[49m[43m)[49m
[1;32m    689[0m [38;5;28;01mreturn[39;00m array

File [0;32m~/work/policyengine-us/policyengine-us/policyengine_us/variables/household/income/spm_unit/spm_unit_benefits.py:32[0m, in [0;36mspm_unit_benefits.formula[0;34m(spm_unit, period, parameters)[0m
[1;32m     31[0m     BENEFITS[38;5;241m.[39mappend([38;5;124m"[39m[38;5;124mpremium_tax_credit[39m[38;5;124m"[39m)
[0;32m---> 32[0m [38;5;28;01mreturn[39;00m [43madd[49m[43m([49m[43mspm_unit[49m[43m,[49m[43m [49m[43mperiod[49m[43m,[49m[43m [49m[43mBENEFITS[49m[43m)[49m

File [0;32m/opt/hostedtoolcache/Python/3.9.16/x64/lib/python3.9/site-packages/policyengine_core/commons/formulas.py:225[0m, in [0;36madd[0;34m(entity, period, variables, options)[0m
[1;32m    211[0m [38;5;124;03m"""Sums a list of variables.[39;00m
[1;32m    212[0m 
[1;32m    213[0m [38;5;124;03mArgs:[39;00m
[0;32m   (...)[0m
[1;32m    223[0m [38;5;124;03m    ArrayLike: The result of the operation.[39;00m
[1;32m    224[0m [38;5;124;03m"""[39;00m
[0;32m--> 225[0m [38;5;28;01mreturn[39;00m [43mfor_each_variable[49m[43m([49m
[1;32m    226[0m [43m    [49m[43mentity[49m[43m,[49m[43m [49m[43mperiod[49m[43m,[49m[43m [49m[43mvariables[49m[43m,[49m[43m [49m[43magg_func[49m[38;5;241;43m=[39;49m[38;5;124;43m"[39;49m[38;5;124;43madd[39;49m[38;5;124;43m"[39;49m[43m,[49m[43m [49m[43moptions[49m[38;5;241;43m=[39;49m[43moptions[49m
[1;32m    227[0m [43m[49m[43m)[49m

File [0;32m/opt/hostedtoolcache/Python/3.9.16/x64/lib/python3.9/site-packages/policyengine_core/commons/formulas.py:184[0m, in [0;36mfor_each_variable[0;34m(entity, period, variables, agg_func, group_agg_func, options)[0m
[1;32m    182[0m [38;5;28;01melif[39;00m variable_entity[38;5;241m.[39mis_person:
[1;32m    183[0m     values [38;5;241m=[39m group_agg_func(
[0;32m--> 184[0m         [43mentity[49m[38;5;241;43m.[39;49m[43mmembers[49m[43m([49m[43mvariable[49m[43m,[49m[43m [49m[43mperiod[49m[43m,[49m[43m [49m[43moptions[49m[38;5;241;43m=[39;49m[43moptions[49m[43m)[49m
[1;32m    185[0m     )
[1;32m    186[0m [38;5;28;01melif[39;00m entity[38;5;241m.[39mentity[38;5;241m.[39mis_person:

File [0;32m/opt/hostedtoolcache/Python/3.9.16/x64/lib/python3.9/site-packages/policyengine_core/populations/population.py:131[0m, in [0;36mPopulation.__call__[0;34m(self, variable_name, period, options)[0m
[1;32m    130[0m [38;5;28;01melse[39;00m:
[0;32m--> 131[0m     [38;5;28;01mreturn[39;00m [38;5;28;43mself[39;49m[38;5;241;43m.[39;49m[43msimulation[49m[38;5;241;43m.[39;49m[43mcalculate[49m[43m([49m
[1;32m    132[0m [43m        [49m[43mvariable_name[49m[43m,[49m[43m [49m[43mperiod[49m[43m,[49m[43m [49m[38;5;241;43m*[39;49m[38;5;241;43m*[39;49m[43mcalculate_kwargs[49m
[1;32m    133[0m [43m    [49m[43m)[49m

File [0;32m/opt/hostedtoolcache/Python/3.9.16/x64/lib/python3.9/site-packages/policyengine_core/simulations/simulation.py:320[0m, in [0;36mSimulation.calculate[0;34m(self, variable_name, period, map_to, decode_enums)[0m
[1;32m    319[0m [38;5;28;01mtry[39;00m:
[0;32m--> 320[0m     result [38;5;241m=[39m [38;5;28;43mself[39;49m[38;5;241;43m.[39;49m[43m_calculate[49m[43m([49m[43mvariable_name[49m[43m,[49m[43m [49m[43mperiod[49m[43m)[49m
[1;32m    321[0m     [38;5;28;01mif[39;00m [38;5;28misinstance[39m(result, EnumArray) [38;5;129;01mand[39;00m decode_enums:

File [0;32m/opt/hostedtoolcache/Python/3.9.16/x64/lib/python3.9/site-packages/policyengine_core/simulations/simulation.py:470[0m, in [0;36mSimulation._calculate[0;34m(self, variable_name, period)[0m
[1;32m    469[0m [38;5;28mself[39m[38;5;241m.[39m_check_for_cycle(variable[38;5;241m.[39mname, period)
[0;32m--> 470[0m array [38;5;241m=[39m [38;5;28;43mself[39;49m[38;5;241;43m.[39;49m[43m_run_formula[49m[43m([49m[43mvariable[49m[43m,[49m[43m [49m[43mpopulation[49m[43m,[49m[43m [49m[43mperiod[49m[43m)[49m
[1;32m    472[0m [38;5;66;03m# If no result, use the default value and cache it[39;00m

File [0;32m/opt/hostedtoolcache/Python/3.9.16/x64/lib/python3.9/site-packages/policyengine_core/simulations/simulation.py:687[0m, in [0;36mSimulation._run_formula[0;34m(self, variable, population, period)[0m
[1;32m    686[0m [38;5;28;01melse[39;00m:
[0;32m--> 687[0m     array [38;5;241m=[39m [43mformula[49m[43m([49m[43mpopulation[49m[43m,[49m[43m [49m[43mperiod[49m[43m,[49m[43m [49m[43mparameters_at[49m[43m)[49m
[1;32m    689[0m [38;5;28;01mreturn[39;00m array

File [0;32m~/work/policyengine-us/policyengine-us/policyengine_us/variables/gov/ssa/ssi/ssi.py:14[0m, in [0;36mssi.formula[0;34m(person, period, parameters)[0m
[1;32m     13[0m [38;5;28;01mdef[39;00m [38;5;21mformula[39m(person, period, parameters):
[0;32m---> 14[0m     [38;5;28;01mreturn[39;00m max_([38;5;241m0[39m, [43mperson[49m[43m([49m[38;5;124;43m"[39;49m[38;5;124;43muncapped_ssi[39;49m[38;5;124;43m"[39;49m[43m,[49m[43m [49m[43mperiod[49m[43m)[49m)

File [0;32m/opt/hostedtoolcache/Python/3.9.16/x64/lib/python3.9/site-packages/policyengine_core/populations/population.py:131[0m, in [0;36mPopulation.__call__[0;34m(self, variable_name, period, options)[0m
[1;32m    130[0m [38;5;28;01melse[39;00m:
[0;32m--> 131[0m     [38;5;28;01mreturn[39;00m [38;5;28;43mself[39;49m[38;5;241;43m.[39;49m[43msimulation[49m[38;5;241;43m.[39;49m[43mcalculate[49m[43m([49m
[1;32m    132[0m [43m        [49m[43mvariable_name[49m[43m,[49m[43m [49m[43mperiod[49m[43m,[49m[43m [49m[38;5;241;43m*[39;49m[38;5;241;43m*[39;49m[43mcalculate_kwargs[49m
[1;32m    133[0m [43m    [49m[43m)[49m

File [0;32m/opt/hostedtoolcache/Python/3.9.16/x64/lib/python3.9/site-packages/policyengine_core/simulations/simulation.py:320[0m, in [0;36mSimulation.calculate[0;34m(self, variable_name, period, map_to, decode_enums)[0m
[1;32m    319[0m [38;5;28;01mtry[39;00m:
[0;32m--> 320[0m     result [38;5;241m=[39m [38;5;28;43mself[39;49m[38;5;241;43m.[39;49m[43m_calculate[49m[43m([49m[43mvariable_name[49m[43m,[49m[43m [49m[43mperiod[49m[43m)[49m
[1;32m    321[0m     [38;5;28;01mif[39;00m [38;5;28misinstance[39m(result, EnumArray) [38;5;129;01mand[39;00m decode_enums:

File [0;32m/opt/hostedtoolcache/Python/3.9.16/x64/lib/python3.9/site-packages/policyengine_core/simulations/simulation.py:470[0m, in [0;36mSimulation._calculate[0;34m(self, variable_name, period)[0m
[1;32m    469[0m [38;5;28mself[39m[38;5;241m.[39m_check_for_cycle(variable[38;5;241m.[39mname, period)
[0;32m--> 470[0m array [38;5;241m=[39m [38;5;28;43mself[39;49m[38;5;241;43m.[39;49m[43m_run_formula[49m[43m([49m[43mvariable[49m[43m,[49m[43m [49m[43mpopulation[49m[43m,[49m[43m [49m[43mperiod[49m[43m)[49m
[1;32m    472[0m [38;5;66;03m# If no result, use the default value and cache it[39;00m

File [0;32m/opt/hostedtoolcache/Python/3.9.16/x64/lib/python3.9/site-packages/policyengine_core/simulations/simulation.py:687[0m, in [0;36mSimulation._run_formula[0;34m(self, variable, population, period)[0m
[1;32m    686[0m [38;5;28;01melse[39;00m:
[0;32m--> 687[0m     array [38;5;241m=[39m [43mformula[49m[43m([49m[43mpopulation[49m[43m,[49m[43m [49m[43mperiod[49m[43m,[49m[43m [49m[43mparameters_at[49m[43m)[49m
[1;32m    689[0m [38;5;28;01mreturn[39;00m array

File [0;32m~/work/policyengine-us/policyengine-us/policyengine_us/variables/gov/ssa/ssi/uncapped_ssi.py:13[0m, in [0;36muncapped_ssi.formula[0;34m(person, period, parameters)[0m
[1;32m     12[0m [38;5;28;01mdef[39;00m [38;5;21mformula[39m(person, period, parameters):
[0;32m---> 13[0m     amount [38;5;241m=[39m [43mperson[49m[43m([49m[38;5;124;43m"[39;49m[38;5;124;43mssi_amount_if_eligible[39;49m[38;5;124;43m"[39;49m[43m,[49m[43m [49m[43mperiod[49m[43m)[49m
[1;32m     14[0m     meets_resource_test [38;5;241m=[39m person([38;5;124m"[39m[38;5;124mmeets_ssi_resource_test[39m[38;5;124m"[39m, period)

File [0;32m/opt/hostedtoolcache/Python/3.9.16/x64/lib/python3.9/site-packages/policyengine_core/populations/population.py:131[0m, in [0;36mPopulation.__call__[0;34m(self, variable_name, period, options)[0m
[1;32m    130[0m [38;5;28;01melse[39;00m:
[0;32m--> 131[0m     [38;5;28;01mreturn[39;00m [38;5;28;43mself[39;49m[38;5;241;43m.[39;49m[43msimulation[49m[38;5;241;43m.[39;49m[43mcalculate[49m[43m([49m
[1;32m    132[0m [43m        [49m[43mvariable_name[49m[43m,[49m[43m [49m[43mperiod[49m[43m,[49m[43m [49m[38;5;241;43m*[39;49m[38;5;241;43m*[39;49m[43mcalculate_kwargs[49m
[1;32m    133[0m [43m    [49m[43m)[49m

File [0;32m/opt/hostedtoolcache/Python/3.9.16/x64/lib/python3.9/site-packages/policyengine_core/simulations/simulation.py:320[0m, in [0;36mSimulation.calculate[0;34m(self, variable_name, period, map_to, decode_enums)[0m
[1;32m    319[0m [38;5;28;01mtry[39;00m:
[0;32m--> 320[0m     result [38;5;241m=[39m [38;5;28;43mself[39;49m[38;5;241;43m.[39;49m[43m_calculate[49m[43m([49m[43mvariable_name[49m[43m,[49m[43m [49m[43mperiod[49m[43m)[49m
[1;32m    321[0m     [38;5;28;01mif[39;00m [38;5;28misinstance[39m(result, EnumArray) [38;5;129;01mand[39;00m decode_enums:

File [0;32m/opt/hostedtoolcache/Python/3.9.16/x64/lib/python3.9/site-packages/policyengine_core/simulations/simulation.py:470[0m, in [0;36mSimulation._calculate[0;34m(self, variable_name, period)[0m
[1;32m    469[0m [38;5;28mself[39m[38;5;241m.[39m_check_for_cycle(variable[38;5;241m.[39mname, period)
[0;32m--> 470[0m array [38;5;241m=[39m [38;5;28;43mself[39;49m[38;5;241;43m.[39;49m[43m_run_formula[49m[43m([49m[43mvariable[49m[43m,[49m[43m [49m[43mpopulation[49m[43m,[49m[43m [49m[43mperiod[49m[43m)[49m
[1;32m    472[0m [38;5;66;03m# If no result, use the default value and cache it[39;00m

File [0;32m/opt/hostedtoolcache/Python/3.9.16/x64/lib/python3.9/site-packages/policyengine_core/simulations/simulation.py:687[0m, in [0;36mSimulation._run_formula[0;34m(self, variable, population, period)[0m
[1;32m    686[0m [38;5;28;01melse[39;00m:
[0;32m--> 687[0m     array [38;5;241m=[39m [43mformula[49m[43m([49m[43mpopulation[49m[43m,[49m[43m [49m[43mperiod[49m[43m,[49m[43m [49m[43mparameters_at[49m[43m)[49m
[1;32m    689[0m [38;5;28;01mreturn[39;00m array

File [0;32m~/work/policyengine-us/policyengine-us/policyengine_us/variables/gov/ssa/ssi/ssi_amount_if_eligible.py:16[0m, in [0;36mssi_amount_if_eligible.formula[0;34m(person, period, parameters)[0m
[1;32m     13[0m ssi [38;5;241m=[39m parameters(period)[38;5;241m.[39mgov[38;5;241m.[39mssa[38;5;241m.[39mssi[38;5;241m.[39mamount
[1;32m     14[0m [38;5;28;01mreturn[39;00m (
[1;32m     15[0m     where(
[0;32m---> 16[0m         [43mperson[49m[43m([49m[38;5;124;43m"[39;49m[38;5;124;43mssi_claim_is_joint[39;49m[38;5;124;43m"[39;49m[43m,[49m[43m [49m[43mperiod[49m[43m)[49m,
[1;32m     17[0m         ssi[38;5;241m.[39mcouple,
[1;32m     18[0m         ssi[38;5;241m.[39mindividual,
[1;32m     19[0m     )
[1;32m     20[0m     [38;5;241m*[39m MONTHS_IN_YEAR
[1;32m     21[0m )

File [0;32m/opt/hostedtoolcache/Python/3.9.16/x64/lib/python3.9/site-packages/policyengine_core/populations/population.py:131[0m, in [0;36mPopulation.__call__[0;34m(self, variable_name, period, options)[0m
[1;32m    130[0m [38;5;28;01melse[39;00m:
[0;32m--> 131[0m     [38;5;28;01mreturn[39;00m [38;5;28;43mself[39;49m[38;5;241;43m.[39;49m[43msimulation[49m[38;5;241;43m.[39;49m[43mcalculate[49m[43m([49m
[1;32m    132[0m [43m        [49m[43mvariable_name[49m[43m,[49m[43m [49m[43mperiod[49m[43m,[49m[43m [49m[38;5;241;43m*[39;49m[38;5;241;43m*[39;49m[43mcalculate_kwargs[49m
[1;32m    133[0m [43m    [49m[43m)[49m

File [0;32m/opt/hostedtoolcache/Python/3.9.16/x64/lib/python3.9/site-packages/policyengine_core/simulations/simulation.py:320[0m, in [0;36mSimulation.calculate[0;34m(self, variable_name, period, map_to, decode_enums)[0m
[1;32m    319[0m [38;5;28;01mtry[39;00m:
[0;32m--> 320[0m     result [38;5;241m=[39m [38;5;28;43mself[39;49m[38;5;241;43m.[39;49m[43m_calculate[49m[43m([49m[43mvariable_name[49m[43m,[49m[43m [49m[43mperiod[49m[43m)[49m
[1;32m    321[0m     [38;5;28;01mif[39;00m [38;5;28misinstance[39m(result, EnumArray) [38;5;129;01mand[39;00m decode_enums:

File [0;32m/opt/hostedtoolcache/Python/3.9.16/x64/lib/python3.9/site-packages/policyengine_core/simulations/simulation.py:470[0m, in [0;36mSimulation._calculate[0;34m(self, variable_name, period)[0m
[1;32m    469[0m [38;5;28mself[39m[38;5;241m.[39m_check_for_cycle(variable[38;5;241m.[39mname, period)
[0;32m--> 470[0m array [38;5;241m=[39m [38;5;28;43mself[39;49m[38;5;241;43m.[39;49m[43m_run_formula[49m[43m([49m[43mvariable[49m[43m,[49m[43m [49m[43mpopulation[49m[43m,[49m[43m [49m[43mperiod[49m[43m)[49m
[1;32m    472[0m [38;5;66;03m# If no result, use the default value and cache it[39;00m

File [0;32m/opt/hostedtoolcache/Python/3.9.16/x64/lib/python3.9/site-packages/policyengine_core/simulations/simulation.py:687[0m, in [0;36mSimulation._run_formula[0;34m(self, variable, population, period)[0m
[1;32m    686[0m [38;5;28;01melse[39;00m:
[0;32m--> 687[0m     array [38;5;241m=[39m [43mformula[49m[43m([49m[43mpopulation[49m[43m,[49m[43m [49m[43mperiod[49m[43m,[49m[43m [49m[43mparameters_at[49m[43m)[49m
[1;32m    689[0m [38;5;28;01mreturn[39;00m array

File [0;32m~/work/policyengine-us/policyengine-us/policyengine_us/variables/gov/ssa/ssi/ssi_claim_is_joint.py:12[0m, in [0;36mssi_claim_is_joint.formula[0;34m(person, period, parameters)[0m
[1;32m     11[0m eligible [38;5;241m=[39m person([38;5;124m"[39m[38;5;124mis_ssi_aged_blind_disabled[39m[38;5;124m"[39m, period)
[0;32m---> 12[0m both_eligible [38;5;241m=[39m [43mperson[49m[38;5;241;43m.[39;49m[43mmarital_unit[49m[38;5;241;43m.[39;49m[43msum[49m[43m([49m[43meligible[49m[43m)[49m [38;5;241m==[39m [38;5;241m2[39m
[1;32m     13[0m income_is_deemed [38;5;241m=[39m (
[1;32m     14[0m     person([38;5;124m"[39m[38;5;124mssi_income_deemed_from_ineligible_spouse[39m[38;5;124m"[39m, period) [38;5;241m>[39m [38;5;241m0[39m
[1;32m     15[0m )

File [0;32m/opt/hostedtoolcache/Python/3.9.16/x64/lib/python3.9/site-packages/policyengine_core/projectors/projector.py:28[0m, in [0;36mProjector.__getattr__.<locals>.projector_function[0;34m(*args, **kwargs)[0m
[1;32m     27[0m result [38;5;241m=[39m reference_attr([38;5;241m*[39margs, [38;5;241m*[39m[38;5;241m*[39mkwargs)
[0;32m---> 28[0m [38;5;28;01mreturn[39;00m [38;5;28;43mself[39;49m[38;5;241;43m.[39;49m[43mtransform_and_bubble_up[49m[43m([49m[43mresult[49m[43m)[49m

File [0;32m/opt/hostedtoolcache/Python/3.9.16/x64/lib/python3.9/site-packages/policyengine_core/projectors/projector.py:37[0m, in [0;36mProjector.transform_and_bubble_up[0;34m(self, result)[0m
[1;32m     36[0m [38;5;28;01mdef[39;00m [38;5;21mtransform_and_bubble_up[39m([38;5;28mself[39m, result):
[0;32m---> 37[0m     transformed_result [38;5;241m=[39m [38;5;28;43mself[39;49m[38;5;241;43m.[39;49m[43mtransform[49m[43m([49m[43mresult[49m[43m)[49m
[1;32m     38[0m     [38;5;28;01mif[39;00m [38;5;28mself[39m[38;5;241m.[39mparent [38;5;129;01mis[39;00m [38;5;28;01mNone[39;00m:

File [0;32m/opt/hostedtoolcache/Python/3.9.16/x64/lib/python3.9/site-packages/policyengine_core/projectors/entity_to_person_projector.py:19[0m, in [0;36mEntityToPersonProjector.transform[0;34m(self, result)[0m
[1;32m     18[0m [38;5;28;01mdef[39;00m [38;5;21mtransform[39m([38;5;28mself[39m, result: ArrayLike) [38;5;241m-[39m[38;5;241m>[39m ArrayLike:
[0;32m---> 19[0m     [38;5;28;01mreturn[39;00m [38;5;28;43mself[39;49m[38;5;241;43m.[39;49m[43mreference_entity[49m[38;5;241;43m.[39;49m[43mproject[49m[43m([49m[43mresult[49m[43m)[49m

File [0;32m/opt/hostedtoolcache/Python/3.9.16/x64/lib/python3.9/site-packages/policyengine_core/populations/group_population.py:335[0m, in [0;36mGroupPopulation.project[0;34m(self, array, role)[0m
[1;32m    334[0m [38;5;28;01mdef[39;00m [38;5;21mproject[39m([38;5;28mself[39m, array: ArrayLike, role: Role [38;5;241m=[39m [38;5;28;01mNone[39;00m) [38;5;241m-[39m[38;5;241m>[39m ArrayLike:
[0;32m--> 335[0m     [38;5;28;43mself[39;49m[38;5;241;43m.[39;49m[43mcheck_array_compatible_with_entity[49m[43m([49m[43marray[49m[43m)[49m
[1;32m    336[0m     [38;5;28mself[39m[38;5;241m.[39mentity[38;5;241m.[39mcheck_role_validity(role)

File [0;32m/opt/hostedtoolcache/Python/3.9.16/x64/lib/python3.9/site-packages/policyengine_core/populations/population.py:60[0m, in [0;36mPopulation.check_array_compatible_with_entity[0;34m(self, array)[0m
[1;32m     59[0m [38;5;28;01mif[39;00m [38;5;129;01mnot[39;00m [38;5;28mself[39m[38;5;241m.[39mcount [38;5;241m==[39m array[38;5;241m.[39msize:
[0;32m---> 60[0m     [38;5;28;01mraise[39;00m [38;5;167;01mValueError[39;00m(
[1;32m     61[0m         [38;5;124m"[39m[38;5;124mInput [39m[38;5;132;01m{}[39;00m[38;5;124m is not a valid value for the entity [39m[38;5;132;01m{}[39;00m[38;5;124m (size = [39m[38;5;132;01m{}[39;00m[38;5;124m != [39m[38;5;132;01m{}[39;00m[38;5;124m = count)[39m[38;5;124m"[39m[38;5;241m.[39mformat(
[1;32m     62[0m             array, [38;5;28mself[39m[38;5;241m.[39mentity[38;5;241m.[39mkey, array[38;5;241m.[39msize, [38;5;28mself[39m[38;5;241m.[39mcount
[1;32m     63[0m         )
[1;32m     64[0m     )

[0;31mValueError[0m: Input [0. 0. 0. ... 0. 0. 0.] is not a valid value for the entity marital_unit (size = 14003 != 14004 = count)

During handling of the above exception, another exception occurred:

[0;31mValueError[0m                                Traceback (most recent call last)
File [0;32m/opt/hostedtoolcache/Python/3.9.16/x64/lib/python3.9/site-packages/policyengine_core/simulations/individual_sim.py:264[0m, in [0;36mIndividualSim.calc[0;34m(self, var, period, target, index, map_to, reform)[0m
[1;32m    263[0m [38;5;28;01mtry[39;00m:
[0;32m--> 264[0m     result [38;5;241m=[39m [38;5;28;43mself[39;49m[38;5;241;43m.[39;49m[43msim[49m[38;5;241;43m.[39;49m[43mcalculate_add[49m[43m([49m[43mvar[49m[43m,[49m[43m [49m[43mperiod[49m[43m)[49m
[1;32m    265[0m [38;5;28;01mexcept[39;00m:

File [0;32m/opt/hostedtoolcache/Python/3.9.16/x64/lib/python3.9/site-packages/policyengine_core/simulations/simulation.py:586[0m, in [0;36mSimulation.calculate_add[0;34m(self, variable_name, period, decode_enums)[0m
[1;32m    580[0m     [38;5;28;01mraise[39;00m [38;5;167;01mValueError[39;00m(
[1;32m    581[0m         [38;5;124m"[39m[38;5;124mUnable to sum constant variable [39m[38;5;124m'[39m[38;5;132;01m{}[39;00m[38;5;124m'[39m[38;5;124m over period [39m[38;5;132;01m{}[39;00m[38;5;124m: only variables defined daily, monthly, or yearly can be summed over time.[39m[38;5;124m"[39m[38;5;241m.[39mformat(
[1;32m    582[0m             variable[38;5;241m.[39mname, period
[1;32m    583[0m         )
[1;32m    584[0m     )
[0;32m--> 586[0m [38;5;28;01mreturn[39;00m [38;5;28;43msum[39;49m[43m([49m
[1;32m    587[0m [43m    [49m[38;5;28;43mself[39;49m[38;5;241;43m.[39;49m[43mcalculate[49m[43m([49m[43mvariable_name[49m[43m,[49m[43m [49m[43msub_period[49m[43m)[49m
[1;32m    588[0m [43m    [49m[38;5;28;43;01mfor[39;49;00m[43m [49m[43msub_period[49m[43m [49m[38;5;129;43;01min[39;49;00m[43m [49m[43mperiod[49m[38;5;241;43m.[39;49m[43mget_subperiods[49m[43m([49m[43mvariable[49m[38;5;241;43m.[39;49m[43mdefinition_period[49m[43m)[49m
[1;32m    589[0m [43m[49m[43m)[49m

File [0;32m/opt/hostedtoolcache/Python/3.9.16/x64/lib/python3.9/site-packages/policyengine_core/simulations/simulation.py:587[0m, in [0;36m<genexpr>[0;34m(.0)[0m
[1;32m    580[0m     [38;5;28;01mraise[39;00m [38;5;167;01mValueError[39;00m(
[1;32m    581[0m         [38;5;124m"[39m[38;5;124mUnable to sum constant variable [39m[38;5;124m'[39m[38;5;132;01m{}[39;00m[38;5;124m'[39m[38;5;124m over period [39m[38;5;132;01m{}[39;00m[38;5;124m: only variables defined daily, monthly, or yearly can be summed over time.[39m[38;5;124m"[39m[38;5;241m.[39mformat(
[1;32m    582[0m             variable[38;5;241m.[39mname, period
[1;32m    583[0m         )
[1;32m    584[0m     )
[1;32m    586[0m [38;5;28;01mreturn[39;00m [38;5;28msum[39m(
[0;32m--> 587[0m     [38;5;28;43mself[39;49m[38;5;241;43m.[39;49m[43mcalculate[49m[43m([49m[43mvariable_name[49m[43m,[49m[43m [49m[43msub_period[49m[43m)[49m
[1;32m    588[0m     [38;5;28;01mfor[39;00m sub_period [38;5;129;01min[39;00m period[38;5;241m.[39mget_subperiods(variable[38;5;241m.[39mdefinition_period)
[1;32m    589[0m )

File [0;32m/opt/hostedtoolcache/Python/3.9.16/x64/lib/python3.9/site-packages/policyengine_core/simulations/simulation.py:320[0m, in [0;36mSimulation.calculate[0;34m(self, variable_name, period, map_to, decode_enums)[0m
[1;32m    319[0m [38;5;28;01mtry[39;00m:
[0;32m--> 320[0m     result [38;5;241m=[39m [38;5;28;43mself[39;49m[38;5;241;43m.[39;49m[43m_calculate[49m[43m([49m[43mvariable_name[49m[43m,[49m[43m [49m[43mperiod[49m[43m)[49m
[1;32m    321[0m     [38;5;28;01mif[39;00m [38;5;28misinstance[39m(result, EnumArray) [38;5;129;01mand[39;00m decode_enums:

File [0;32m/opt/hostedtoolcache/Python/3.9.16/x64/lib/python3.9/site-packages/policyengine_core/simulations/simulation.py:470[0m, in [0;36mSimulation._calculate[0;34m(self, variable_name, period)[0m
[1;32m    469[0m [38;5;28mself[39m[38;5;241m.[39m_check_for_cycle(variable[38;5;241m.[39mname, period)
[0;32m--> 470[0m array [38;5;241m=[39m [38;5;28;43mself[39;49m[38;5;241;43m.[39;49m[43m_run_formula[49m[43m([49m[43mvariable[49m[43m,[49m[43m [49m[43mpopulation[49m[43m,[49m[43m [49m[43mperiod[49m[43m)[49m
[1;32m    472[0m [38;5;66;03m# If no result, use the default value and cache it[39;00m

File [0;32m/opt/hostedtoolcache/Python/3.9.16/x64/lib/python3.9/site-packages/policyengine_core/simulations/simulation.py:687[0m, in [0;36mSimulation._run_formula[0;34m(self, variable, population, period)[0m
[1;32m    686[0m [38;5;28;01melse[39;00m:
[0;32m--> 687[0m     array [38;5;241m=[39m [43mformula[49m[43m([49m[43mpopulation[49m[43m,[49m[43m [49m[43mperiod[49m[43m,[49m[43m [49m[43mparameters_at[49m[43m)[49m
[1;32m    689[0m [38;5;28;01mreturn[39;00m array

File [0;32m~/work/policyengine-us/policyengine-us/policyengine_us/variables/household/income/spm_unit/spm_unit_net_income.py:13[0m, in [0;36mspm_unit_net_income.formula[0;34m(spm_unit, period, parameters)[0m
[1;32m     12[0m market_income [38;5;241m=[39m spm_unit([38;5;124m"[39m[38;5;124mspm_unit_market_income[39m[38;5;124m"[39m, period)
[0;32m---> 13[0m benefits [38;5;241m=[39m [43mspm_unit[49m[43m([49m[38;5;124;43m"[39;49m[38;5;124;43mspm_unit_benefits[39;49m[38;5;124;43m"[39;49m[43m,[49m[43m [49m[43mperiod[49m[43m)[49m
[1;32m     14[0m taxes [38;5;241m=[39m spm_unit([38;5;124m"[39m[38;5;124mspm_unit_taxes[39m[38;5;124m"[39m, period)

File [0;32m/opt/hostedtoolcache/Python/3.9.16/x64/lib/python3.9/site-packages/policyengine_core/populations/population.py:131[0m, in [0;36mPopulation.__call__[0;34m(self, variable_name, period, options)[0m
[1;32m    130[0m [38;5;28;01melse[39;00m:
[0;32m--> 131[0m     [38;5;28;01mreturn[39;00m [38;5;28;43mself[39;49m[38;5;241;43m.[39;49m[43msimulation[49m[38;5;241;43m.[39;49m[43mcalculate[49m[43m([49m
[1;32m    132[0m [43m        [49m[43mvariable_name[49m[43m,[49m[43m [49m[43mperiod[49m[43m,[49m[43m [49m[38;5;241;43m*[39;49m[38;5;241;43m*[39;49m[43mcalculate_kwargs[49m
[1;32m    133[0m [43m    [49m[43m)[49m

File [0;32m/opt/hostedtoolcache/Python/3.9.16/x64/lib/python3.9/site-packages/policyengine_core/simulations/simulation.py:320[0m, in [0;36mSimulation.calculate[0;34m(self, variable_name, period, map_to, decode_enums)[0m
[1;32m    319[0m [38;5;28;01mtry[39;00m:
[0;32m--> 320[0m     result [38;5;241m=[39m [38;5;28;43mself[39;49m[38;5;241;43m.[39;49m[43m_calculate[49m[43m([49m[43mvariable_name[49m[43m,[49m[43m [49m[43mperiod[49m[43m)[49m
[1;32m    321[0m     [38;5;28;01mif[39;00m [38;5;28misinstance[39m(result, EnumArray) [38;5;129;01mand[39;00m decode_enums:

File [0;32m/opt/hostedtoolcache/Python/3.9.16/x64/lib/python3.9/site-packages/policyengine_core/simulations/simulation.py:470[0m, in [0;36mSimulation._calculate[0;34m(self, variable_name, period)[0m
[1;32m    469[0m [38;5;28mself[39m[38;5;241m.[39m_check_for_cycle(variable[38;5;241m.[39mname, period)
[0;32m--> 470[0m array [38;5;241m=[39m [38;5;28;43mself[39;49m[38;5;241;43m.[39;49m[43m_run_formula[49m[43m([49m[43mvariable[49m[43m,[49m[43m [49m[43mpopulation[49m[43m,[49m[43m [49m[43mperiod[49m[43m)[49m
[1;32m    472[0m [38;5;66;03m# If no result, use the default value and cache it[39;00m

File [0;32m/opt/hostedtoolcache/Python/3.9.16/x64/lib/python3.9/site-packages/policyengine_core/simulations/simulation.py:687[0m, in [0;36mSimulation._run_formula[0;34m(self, variable, population, period)[0m
[1;32m    686[0m [38;5;28;01melse[39;00m:
[0;32m--> 687[0m     array [38;5;241m=[39m [43mformula[49m[43m([49m[43mpopulation[49m[43m,[49m[43m [49m[43mperiod[49m[43m,[49m[43m [49m[43mparameters_at[49m[43m)[49m
[1;32m    689[0m [38;5;28;01mreturn[39;00m array

File [0;32m~/work/policyengine-us/policyengine-us/policyengine_us/variables/household/income/spm_unit/spm_unit_benefits.py:32[0m, in [0;36mspm_unit_benefits.formula[0;34m(spm_unit, period, parameters)[0m
[1;32m     31[0m     BENEFITS[38;5;241m.[39mappend([38;5;124m"[39m[38;5;124mpremium_tax_credit[39m[38;5;124m"[39m)
[0;32m---> 32[0m [38;5;28;01mreturn[39;00m [43madd[49m[43m([49m[43mspm_unit[49m[43m,[49m[43m [49m[43mperiod[49m[43m,[49m[43m [49m[43mBENEFITS[49m[43m)[49m

File [0;32m/opt/hostedtoolcache/Python/3.9.16/x64/lib/python3.9/site-packages/policyengine_core/commons/formulas.py:225[0m, in [0;36madd[0;34m(entity, period, variables, options)[0m
[1;32m    211[0m [38;5;124;03m"""Sums a list of variables.[39;00m
[1;32m    212[0m 
[1;32m    213[0m [38;5;124;03mArgs:[39;00m
[0;32m   (...)[0m
[1;32m    223[0m [38;5;124;03m    ArrayLike: The result of the operation.[39;00m
[1;32m    224[0m [38;5;124;03m"""[39;00m
[0;32m--> 225[0m [38;5;28;01mreturn[39;00m [43mfor_each_variable[49m[43m([49m
[1;32m    226[0m [43m    [49m[43mentity[49m[43m,[49m[43m [49m[43mperiod[49m[43m,[49m[43m [49m[43mvariables[49m[43m,[49m[43m [49m[43magg_func[49m[38;5;241;43m=[39;49m[38;5;124;43m"[39;49m[38;5;124;43madd[39;49m[38;5;124;43m"[39;49m[43m,[49m[43m [49m[43moptions[49m[38;5;241;43m=[39;49m[43moptions[49m
[1;32m    227[0m [43m[49m[43m)[49m

File [0;32m/opt/hostedtoolcache/Python/3.9.16/x64/lib/python3.9/site-packages/policyengine_core/commons/formulas.py:184[0m, in [0;36mfor_each_variable[0;34m(entity, period, variables, agg_func, group_agg_func, options)[0m
[1;32m    182[0m [38;5;28;01melif[39;00m variable_entity[38;5;241m.[39mis_person:
[1;32m    183[0m     values [38;5;241m=[39m group_agg_func(
[0;32m--> 184[0m         [43mentity[49m[38;5;241;43m.[39;49m[43mmembers[49m[43m([49m[43mvariable[49m[43m,[49m[43m [49m[43mperiod[49m[43m,[49m[43m [49m[43moptions[49m[38;5;241;43m=[39;49m[43moptions[49m[43m)[49m
[1;32m    185[0m     )
[1;32m    186[0m [38;5;28;01melif[39;00m entity[38;5;241m.[39mentity[38;5;241m.[39mis_person:

File [0;32m/opt/hostedtoolcache/Python/3.9.16/x64/lib/python3.9/site-packages/policyengine_core/populations/population.py:131[0m, in [0;36mPopulation.__call__[0;34m(self, variable_name, period, options)[0m
[1;32m    130[0m [38;5;28;01melse[39;00m:
[0;32m--> 131[0m     [38;5;28;01mreturn[39;00m [38;5;28;43mself[39;49m[38;5;241;43m.[39;49m[43msimulation[49m[38;5;241;43m.[39;49m[43mcalculate[49m[43m([49m
[1;32m    132[0m [43m        [49m[43mvariable_name[49m[43m,[49m[43m [49m[43mperiod[49m[43m,[49m[43m [49m[38;5;241;43m*[39;49m[38;5;241;43m*[39;49m[43mcalculate_kwargs[49m
[1;32m    133[0m [43m    [49m[43m)[49m

File [0;32m/opt/hostedtoolcache/Python/3.9.16/x64/lib/python3.9/site-packages/policyengine_core/simulations/simulation.py:320[0m, in [0;36mSimulation.calculate[0;34m(self, variable_name, period, map_to, decode_enums)[0m
[1;32m    319[0m [38;5;28;01mtry[39;00m:
[0;32m--> 320[0m     result [38;5;241m=[39m [38;5;28;43mself[39;49m[38;5;241;43m.[39;49m[43m_calculate[49m[43m([49m[43mvariable_name[49m[43m,[49m[43m [49m[43mperiod[49m[43m)[49m
[1;32m    321[0m     [38;5;28;01mif[39;00m [38;5;28misinstance[39m(result, EnumArray) [38;5;129;01mand[39;00m decode_enums:

File [0;32m/opt/hostedtoolcache/Python/3.9.16/x64/lib/python3.9/site-packages/policyengine_core/simulations/simulation.py:470[0m, in [0;36mSimulation._calculate[0;34m(self, variable_name, period)[0m
[1;32m    469[0m [38;5;28mself[39m[38;5;241m.[39m_check_for_cycle(variable[38;5;241m.[39mname, period)
[0;32m--> 470[0m array [38;5;241m=[39m [38;5;28;43mself[39;49m[38;5;241;43m.[39;49m[43m_run_formula[49m[43m([49m[43mvariable[49m[43m,[49m[43m [49m[43mpopulation[49m[43m,[49m[43m [49m[43mperiod[49m[43m)[49m
[1;32m    472[0m [38;5;66;03m# If no result, use the default value and cache it[39;00m

File [0;32m/opt/hostedtoolcache/Python/3.9.16/x64/lib/python3.9/site-packages/policyengine_core/simulations/simulation.py:687[0m, in [0;36mSimulation._run_formula[0;34m(self, variable, population, period)[0m
[1;32m    686[0m [38;5;28;01melse[39;00m:
[0;32m--> 687[0m     array [38;5;241m=[39m [43mformula[49m[43m([49m[43mpopulation[49m[43m,[49m[43m [49m[43mperiod[49m[43m,[49m[43m [49m[43mparameters_at[49m[43m)[49m
[1;32m    689[0m [38;5;28;01mreturn[39;00m array

File [0;32m~/work/policyengine-us/policyengine-us/policyengine_us/variables/gov/ssa/ssi/ssi.py:14[0m, in [0;36mssi.formula[0;34m(person, period, parameters)[0m
[1;32m     13[0m [38;5;28;01mdef[39;00m [38;5;21mformula[39m(person, period, parameters):
[0;32m---> 14[0m     [38;5;28;01mreturn[39;00m max_([38;5;241m0[39m, [43mperson[49m[43m([49m[38;5;124;43m"[39;49m[38;5;124;43muncapped_ssi[39;49m[38;5;124;43m"[39;49m[43m,[49m[43m [49m[43mperiod[49m[43m)[49m)

File [0;32m/opt/hostedtoolcache/Python/3.9.16/x64/lib/python3.9/site-packages/policyengine_core/populations/population.py:131[0m, in [0;36mPopulation.__call__[0;34m(self, variable_name, period, options)[0m
[1;32m    130[0m [38;5;28;01melse[39;00m:
[0;32m--> 131[0m     [38;5;28;01mreturn[39;00m [38;5;28;43mself[39;49m[38;5;241;43m.[39;49m[43msimulation[49m[38;5;241;43m.[39;49m[43mcalculate[49m[43m([49m
[1;32m    132[0m [43m        [49m[43mvariable_name[49m[43m,[49m[43m [49m[43mperiod[49m[43m,[49m[43m [49m[38;5;241;43m*[39;49m[38;5;241;43m*[39;49m[43mcalculate_kwargs[49m
[1;32m    133[0m [43m    [49m[43m)[49m

File [0;32m/opt/hostedtoolcache/Python/3.9.16/x64/lib/python3.9/site-packages/policyengine_core/simulations/simulation.py:320[0m, in [0;36mSimulation.calculate[0;34m(self, variable_name, period, map_to, decode_enums)[0m
[1;32m    319[0m [38;5;28;01mtry[39;00m:
[0;32m--> 320[0m     result [38;5;241m=[39m [38;5;28;43mself[39;49m[38;5;241;43m.[39;49m[43m_calculate[49m[43m([49m[43mvariable_name[49m[43m,[49m[43m [49m[43mperiod[49m[43m)[49m
[1;32m    321[0m     [38;5;28;01mif[39;00m [38;5;28misinstance[39m(result, EnumArray) [38;5;129;01mand[39;00m decode_enums:

File [0;32m/opt/hostedtoolcache/Python/3.9.16/x64/lib/python3.9/site-packages/policyengine_core/simulations/simulation.py:470[0m, in [0;36mSimulation._calculate[0;34m(self, variable_name, period)[0m
[1;32m    469[0m [38;5;28mself[39m[38;5;241m.[39m_check_for_cycle(variable[38;5;241m.[39mname, period)
[0;32m--> 470[0m array [38;5;241m=[39m [38;5;28;43mself[39;49m[38;5;241;43m.[39;49m[43m_run_formula[49m[43m([49m[43mvariable[49m[43m,[49m[43m [49m[43mpopulation[49m[43m,[49m[43m [49m[43mperiod[49m[43m)[49m
[1;32m    472[0m [38;5;66;03m# If no result, use the default value and cache it[39;00m

File [0;32m/opt/hostedtoolcache/Python/3.9.16/x64/lib/python3.9/site-packages/policyengine_core/simulations/simulation.py:687[0m, in [0;36mSimulation._run_formula[0;34m(self, variable, population, period)[0m
[1;32m    686[0m [38;5;28;01melse[39;00m:
[0;32m--> 687[0m     array [38;5;241m=[39m [43mformula[49m[43m([49m[43mpopulation[49m[43m,[49m[43m [49m[43mperiod[49m[43m,[49m[43m [49m[43mparameters_at[49m[43m)[49m
[1;32m    689[0m [38;5;28;01mreturn[39;00m array

File [0;32m~/work/policyengine-us/policyengine-us/policyengine_us/variables/gov/ssa/ssi/uncapped_ssi.py:13[0m, in [0;36muncapped_ssi.formula[0;34m(person, period, parameters)[0m
[1;32m     12[0m [38;5;28;01mdef[39;00m [38;5;21mformula[39m(person, period, parameters):
[0;32m---> 13[0m     amount [38;5;241m=[39m [43mperson[49m[43m([49m[38;5;124;43m"[39;49m[38;5;124;43mssi_amount_if_eligible[39;49m[38;5;124;43m"[39;49m[43m,[49m[43m [49m[43mperiod[49m[43m)[49m
[1;32m     14[0m     meets_resource_test [38;5;241m=[39m person([38;5;124m"[39m[38;5;124mmeets_ssi_resource_test[39m[38;5;124m"[39m, period)

File [0;32m/opt/hostedtoolcache/Python/3.9.16/x64/lib/python3.9/site-packages/policyengine_core/populations/population.py:131[0m, in [0;36mPopulation.__call__[0;34m(self, variable_name, period, options)[0m
[1;32m    130[0m [38;5;28;01melse[39;00m:
[0;32m--> 131[0m     [38;5;28;01mreturn[39;00m [38;5;28;43mself[39;49m[38;5;241;43m.[39;49m[43msimulation[49m[38;5;241;43m.[39;49m[43mcalculate[49m[43m([49m
[1;32m    132[0m [43m        [49m[43mvariable_name[49m[43m,[49m[43m [49m[43mperiod[49m[43m,[49m[43m [49m[38;5;241;43m*[39;49m[38;5;241;43m*[39;49m[43mcalculate_kwargs[49m
[1;32m    133[0m [43m    [49m[43m)[49m

File [0;32m/opt/hostedtoolcache/Python/3.9.16/x64/lib/python3.9/site-packages/policyengine_core/simulations/simulation.py:320[0m, in [0;36mSimulation.calculate[0;34m(self, variable_name, period, map_to, decode_enums)[0m
[1;32m    319[0m [38;5;28;01mtry[39;00m:
[0;32m--> 320[0m     result [38;5;241m=[39m [38;5;28;43mself[39;49m[38;5;241;43m.[39;49m[43m_calculate[49m[43m([49m[43mvariable_name[49m[43m,[49m[43m [49m[43mperiod[49m[43m)[49m
[1;32m    321[0m     [38;5;28;01mif[39;00m [38;5;28misinstance[39m(result, EnumArray) [38;5;129;01mand[39;00m decode_enums:

File [0;32m/opt/hostedtoolcache/Python/3.9.16/x64/lib/python3.9/site-packages/policyengine_core/simulations/simulation.py:470[0m, in [0;36mSimulation._calculate[0;34m(self, variable_name, period)[0m
[1;32m    469[0m [38;5;28mself[39m[38;5;241m.[39m_check_for_cycle(variable[38;5;241m.[39mname, period)
[0;32m--> 470[0m array [38;5;241m=[39m [38;5;28;43mself[39;49m[38;5;241;43m.[39;49m[43m_run_formula[49m[43m([49m[43mvariable[49m[43m,[49m[43m [49m[43mpopulation[49m[43m,[49m[43m [49m[43mperiod[49m[43m)[49m
[1;32m    472[0m [38;5;66;03m# If no result, use the default value and cache it[39;00m

File [0;32m/opt/hostedtoolcache/Python/3.9.16/x64/lib/python3.9/site-packages/policyengine_core/simulations/simulation.py:687[0m, in [0;36mSimulation._run_formula[0;34m(self, variable, population, period)[0m
[1;32m    686[0m [38;5;28;01melse[39;00m:
[0;32m--> 687[0m     array [38;5;241m=[39m [43mformula[49m[43m([49m[43mpopulation[49m[43m,[49m[43m [49m[43mperiod[49m[43m,[49m[43m [49m[43mparameters_at[49m[43m)[49m
[1;32m    689[0m [38;5;28;01mreturn[39;00m array

File [0;32m~/work/policyengine-us/policyengine-us/policyengine_us/variables/gov/ssa/ssi/ssi_amount_if_eligible.py:16[0m, in [0;36mssi_amount_if_eligible.formula[0;34m(person, period, parameters)[0m
[1;32m     13[0m ssi [38;5;241m=[39m parameters(period)[38;5;241m.[39mgov[38;5;241m.[39mssa[38;5;241m.[39mssi[38;5;241m.[39mamount
[1;32m     14[0m [38;5;28;01mreturn[39;00m (
[1;32m     15[0m     where(
[0;32m---> 16[0m         [43mperson[49m[43m([49m[38;5;124;43m"[39;49m[38;5;124;43mssi_claim_is_joint[39;49m[38;5;124;43m"[39;49m[43m,[49m[43m [49m[43mperiod[49m[43m)[49m,
[1;32m     17[0m         ssi[38;5;241m.[39mcouple,
[1;32m     18[0m         ssi[38;5;241m.[39mindividual,
[1;32m     19[0m     )
[1;32m     20[0m     [38;5;241m*[39m MONTHS_IN_YEAR
[1;32m     21[0m )

File [0;32m/opt/hostedtoolcache/Python/3.9.16/x64/lib/python3.9/site-packages/policyengine_core/populations/population.py:131[0m, in [0;36mPopulation.__call__[0;34m(self, variable_name, period, options)[0m
[1;32m    130[0m [38;5;28;01melse[39;00m:
[0;32m--> 131[0m     [38;5;28;01mreturn[39;00m [38;5;28;43mself[39;49m[38;5;241;43m.[39;49m[43msimulation[49m[38;5;241;43m.[39;49m[43mcalculate[49m[43m([49m
[1;32m    132[0m [43m        [49m[43mvariable_name[49m[43m,[49m[43m [49m[43mperiod[49m[43m,[49m[43m [49m[38;5;241;43m*[39;49m[38;5;241;43m*[39;49m[43mcalculate_kwargs[49m
[1;32m    133[0m [43m    [49m[43m)[49m

File [0;32m/opt/hostedtoolcache/Python/3.9.16/x64/lib/python3.9/site-packages/policyengine_core/simulations/simulation.py:320[0m, in [0;36mSimulation.calculate[0;34m(self, variable_name, period, map_to, decode_enums)[0m
[1;32m    319[0m [38;5;28;01mtry[39;00m:
[0;32m--> 320[0m     result [38;5;241m=[39m [38;5;28;43mself[39;49m[38;5;241;43m.[39;49m[43m_calculate[49m[43m([49m[43mvariable_name[49m[43m,[49m[43m [49m[43mperiod[49m[43m)[49m
[1;32m    321[0m     [38;5;28;01mif[39;00m [38;5;28misinstance[39m(result, EnumArray) [38;5;129;01mand[39;00m decode_enums:

File [0;32m/opt/hostedtoolcache/Python/3.9.16/x64/lib/python3.9/site-packages/policyengine_core/simulations/simulation.py:470[0m, in [0;36mSimulation._calculate[0;34m(self, variable_name, period)[0m
[1;32m    469[0m [38;5;28mself[39m[38;5;241m.[39m_check_for_cycle(variable[38;5;241m.[39mname, period)
[0;32m--> 470[0m array [38;5;241m=[39m [38;5;28;43mself[39;49m[38;5;241;43m.[39;49m[43m_run_formula[49m[43m([49m[43mvariable[49m[43m,[49m[43m [49m[43mpopulation[49m[43m,[49m[43m [49m[43mperiod[49m[43m)[49m
[1;32m    472[0m [38;5;66;03m# If no result, use the default value and cache it[39;00m

File [0;32m/opt/hostedtoolcache/Python/3.9.16/x64/lib/python3.9/site-packages/policyengine_core/simulations/simulation.py:687[0m, in [0;36mSimulation._run_formula[0;34m(self, variable, population, period)[0m
[1;32m    686[0m [38;5;28;01melse[39;00m:
[0;32m--> 687[0m     array [38;5;241m=[39m [43mformula[49m[43m([49m[43mpopulation[49m[43m,[49m[43m [49m[43mperiod[49m[43m,[49m[43m [49m[43mparameters_at[49m[43m)[49m
[1;32m    689[0m [38;5;28;01mreturn[39;00m array

File [0;32m~/work/policyengine-us/policyengine-us/policyengine_us/variables/gov/ssa/ssi/ssi_claim_is_joint.py:12[0m, in [0;36mssi_claim_is_joint.formula[0;34m(person, period, parameters)[0m
[1;32m     11[0m eligible [38;5;241m=[39m person([38;5;124m"[39m[38;5;124mis_ssi_aged_blind_disabled[39m[38;5;124m"[39m, period)
[0;32m---> 12[0m both_eligible [38;5;241m=[39m [43mperson[49m[38;5;241;43m.[39;49m[43mmarital_unit[49m[38;5;241;43m.[39;49m[43msum[49m[43m([49m[43meligible[49m[43m)[49m [38;5;241m==[39m [38;5;241m2[39m
[1;32m     13[0m income_is_deemed [38;5;241m=[39m (
[1;32m     14[0m     person([38;5;124m"[39m[38;5;124mssi_income_deemed_from_ineligible_spouse[39m[38;5;124m"[39m, period) [38;5;241m>[39m [38;5;241m0[39m
[1;32m     15[0m )

File [0;32m/opt/hostedtoolcache/Python/3.9.16/x64/lib/python3.9/site-packages/policyengine_core/projectors/projector.py:28[0m, in [0;36mProjector.__getattr__.<locals>.projector_function[0;34m(*args, **kwargs)[0m
[1;32m     27[0m result [38;5;241m=[39m reference_attr([38;5;241m*[39margs, [38;5;241m*[39m[38;5;241m*[39mkwargs)
[0;32m---> 28[0m [38;5;28;01mreturn[39;00m [38;5;28;43mself[39;49m[38;5;241;43m.[39;49m[43mtransform_and_bubble_up[49m[43m([49m[43mresult[49m[43m)[49m

File [0;32m/opt/hostedtoolcache/Python/3.9.16/x64/lib/python3.9/site-packages/policyengine_core/projectors/projector.py:37[0m, in [0;36mProjector.transform_and_bubble_up[0;34m(self, result)[0m
[1;32m     36[0m [38;5;28;01mdef[39;00m [38;5;21mtransform_and_bubble_up[39m([38;5;28mself[39m, result):
[0;32m---> 37[0m     transformed_result [38;5;241m=[39m [38;5;28;43mself[39;49m[38;5;241;43m.[39;49m[43mtransform[49m[43m([49m[43mresult[49m[43m)[49m
[1;32m     38[0m     [38;5;28;01mif[39;00m [38;5;28mself[39m[38;5;241m.[39mparent [38;5;129;01mis[39;00m [38;5;28;01mNone[39;00m:

File [0;32m/opt/hostedtoolcache/Python/3.9.16/x64/lib/python3.9/site-packages/policyengine_core/projectors/entity_to_person_projector.py:19[0m, in [0;36mEntityToPersonProjector.transform[0;34m(self, result)[0m
[1;32m     18[0m [38;5;28;01mdef[39;00m [38;5;21mtransform[39m([38;5;28mself[39m, result: ArrayLike) [38;5;241m-[39m[38;5;241m>[39m ArrayLike:
[0;32m---> 19[0m     [38;5;28;01mreturn[39;00m [38;5;28;43mself[39;49m[38;5;241;43m.[39;49m[43mreference_entity[49m[38;5;241;43m.[39;49m[43mproject[49m[43m([49m[43mresult[49m[43m)[49m

File [0;32m/opt/hostedtoolcache/Python/3.9.16/x64/lib/python3.9/site-packages/policyengine_core/populations/group_population.py:335[0m, in [0;36mGroupPopulation.project[0;34m(self, array, role)[0m
[1;32m    334[0m [38;5;28;01mdef[39;00m [38;5;21mproject[39m([38;5;28mself[39m, array: ArrayLike, role: Role [38;5;241m=[39m [38;5;28;01mNone[39;00m) [38;5;241m-[39m[38;5;241m>[39m ArrayLike:
[0;32m--> 335[0m     [38;5;28;43mself[39;49m[38;5;241;43m.[39;49m[43mcheck_array_compatible_with_entity[49m[43m([49m[43marray[49m[43m)[49m
[1;32m    336[0m     [38;5;28mself[39m[38;5;241m.[39mentity[38;5;241m.[39mcheck_role_validity(role)

File [0;32m/opt/hostedtoolcache/Python/3.9.16/x64/lib/python3.9/site-packages/policyengine_core/populations/population.py:60[0m, in [0;36mPopulation.check_array_compatible_with_entity[0;34m(self, array)[0m
[1;32m     59[0m [38;5;28;01mif[39;00m [38;5;129;01mnot[39;00m [38;5;28mself[39m[38;5;241m.[39mcount [38;5;241m==[39m array[38;5;241m.[39msize:
[0;32m---> 60[0m     [38;5;28;01mraise[39;00m [38;5;167;01mValueError[39;00m(
[1;32m     61[0m         [38;5;124m"[39m[38;5;124mInput [39m[38;5;132;01m{}[39;00m[38;5;124m is not a valid value for the entity [39m[38;5;132;01m{}[39;00m[38;5;124m (size = [39m[38;5;132;01m{}[39;00m[38;5;124m != [39m[38;5;132;01m{}[39;00m[38;5;124m = count)[39m[38;5;124m"[39m[38;5;241m.[39mformat(
[1;32m     62[0m             array, [38;5;28mself[39m[38;5;241m.[39mentity[38;5;241m.[39mkey, array[38;5;241m.[39msize, [38;5;28mself[39m[38;5;241m.[39mcount
[1;32m     63[0m         )
[1;32m     64[0m     )

[0;31mValueError[0m: Input [0. 0. 0. ... 0. 0. 0.] is not a valid value for the entity marital_unit (size = 14003 != 14004 = count)

During handling of the above exception, another exception occurred:

[0;31mValueError[0m                                Traceback (most recent call last)
Cell [0;32mIn[1], line 51[0m
[1;32m     48[0m     [38;5;28;01mfor[39;00m children [38;5;129;01min[39;00m [38;5;28mrange[39m([38;5;241m0[39m, [38;5;241m4[39m):
[1;32m     49[0m         [38;5;28;01mfor[39;00m purchased_qualifying_new_clean_vehicle [38;5;129;01min[39;00m [[38;5;28;01mTrue[39;00m, [38;5;28;01mFalse[39;00m]:
[1;32m     50[0m             l[38;5;241m.[39mappend(
[0;32m---> 51[0m                 [43mmake[49m[43m([49m[43madults[49m[43m,[49m[43m [49m[43mchildren[49m[43m,[49m[43m [49m[43mpurchased_qualifying_new_clean_vehicle[49m[43m)[49m
[1;32m     52[0m             )
[1;32m     54[0m df [38;5;241m=[39m pd[38;5;241m.[39mconcat(l)
[1;32m     56[0m wide [38;5;241m=[39m df[38;5;241m.[39mpivot(
[1;32m     57[0m     index[38;5;241m=[39m[[38;5;124m"[39m[38;5;124memployment_income[39m[38;5;124m"[39m, [38;5;124m"[39m[38;5;124madults[39m[38;5;124m"[39m, [38;5;124m"[39m[38;5;124mchildren[39m[38;5;124m"[39m],
[1;32m     58[0m     columns[38;5;241m=[39m[38;5;124m"[39m[38;5;124mpurchased_qualifying_new_clean_vehicle[39m[38;5;124m"[39m,
[1;32m     59[0m     values[38;5;241m=[39m[38;5;124m"[39m[38;5;124mspm_unit_net_income[39m[38;5;124m"[39m,
[1;32m     60[0m )[38;5;241m.[39mreset_index()

Cell [0;32mIn[1], line 37[0m, in [0;36mmake[0;34m(adults, children, purchased_qualifying_new_clean_vehicle)[0m
[1;32m     32[0m sim[38;5;241m.[39madd_household(name[38;5;241m=[39m[38;5;124m"[39m[38;5;124mhousehold[39m[38;5;124m"[39m, members[38;5;241m=[39mmembers, state_code[38;5;241m=[39m[38;5;124m"[39m[38;5;124mMA[39m[38;5;124m"[39m)
[1;32m     33[0m sim[38;5;241m.[39mvary([38;5;124m"[39m[38;5;124memployment_income[39m[38;5;124m"[39m, [38;5;28mmax[39m[38;5;241m=[39m[38;5;241m350_000[39m)
[1;32m     34[0m [38;5;28;01mreturn[39;00m pd[38;5;241m.[39mDataFrame(
[1;32m     35[0m     [38;5;28mdict[39m(
[1;32m     36[0m         employment_income[38;5;241m=[39msim[38;5;241m.[39mcalc([38;5;124m"[39m[38;5;124memployment_income[39m[38;5;124m"[39m)[[38;5;241m0[39m],
[0;32m---> 37[0m         spm_unit_net_income[38;5;241m=[39m[43msim[49m[38;5;241;43m.[39;49m[43mcalc[49m[43m([49m[38;5;124;43m"[39;49m[38;5;124;43mspm_unit_net_income[39;49m[38;5;124;43m"[39;49m[43m)[49m[[38;5;241m0[39m],
[1;32m     38[0m         credit[38;5;241m=[39msim[38;5;241m.[39mcalc([38;5;124m"[39m[38;5;124mnew_clean_vehicle_credit[39m[38;5;124m"[39m)[[38;5;241m0[39m],
[1;32m     39[0m         adults[38;5;241m=[39madults,
[1;32m     40[0m         children[38;5;241m=[39mchildren,
[1;32m     41[0m         purchased_qualifying_new_clean_vehicle[38;5;241m=[39mpurchased_qualifying_new_clean_vehicle,
[1;32m     42[0m     )
[1;32m     43[0m )

File [0;32m/opt/hostedtoolcache/Python/3.9.16/x64/lib/python3.9/site-packages/policyengine_core/simulations/individual_sim.py:266[0m, in [0;36mIndividualSim.calc[0;34m(self, var, period, target, index, map_to, reform)[0m
[1;32m    264[0m         result [38;5;241m=[39m [38;5;28mself[39m[38;5;241m.[39msim[38;5;241m.[39mcalculate_add(var, period)
[1;32m    265[0m     [38;5;28;01mexcept[39;00m:
[0;32m--> 266[0m         result [38;5;241m=[39m [38;5;28;43mself[39;49m[38;5;241;43m.[39;49m[43msimulation[49m[38;5;241;43m.[39;49m[43mcalculate_divide[49m[43m([49m[43mvar[49m[43m,[49m[43m [49m[43mperiod[49m[43m)[49m
[1;32m    267[0m [38;5;28;01mif[39;00m (
[1;32m    268[0m     target [38;5;129;01mis[39;00m [38;5;129;01mnot[39;00m [38;5;28;01mNone[39;00m
[1;32m    269[0m     [38;5;129;01mand[39;00m target [38;5;129;01mnot[39;00m [38;5;129;01min[39;00m [38;5;28mself[39m[38;5;241m.[39msituation_data[entity[38;5;241m.[39mplural]
[1;32m    270[0m ):
[1;32m    271[0m     map_to [38;5;241m=[39m [38;5;28mself[39m[38;5;241m.[39mget_entity(target)[38;5;241m.[39mkey

File [0;32m/opt/hostedtoolcache/Python/3.9.16/x64/lib/python3.9/site-packages/policyengine_core/simulations/simulation.py:623[0m, in [0;36mSimulation.calculate_divide[0;34m(self, variable_name, period, decode_enums)[0m
[1;32m    619[0m     [38;5;28;01mreturn[39;00m (
[1;32m    620[0m         [38;5;28mself[39m[38;5;241m.[39mcalculate(variable_name, period[38;5;241m=[39mcomputation_period) [38;5;241m/[39m [38;5;241m12.0[39m
[1;32m    621[0m     )
[1;32m    622[0m [38;5;28;01melif[39;00m period[38;5;241m.[39munit [38;5;241m==[39m periods[38;5;241m.[39mYEAR:
[0;32m--> 623[0m     [38;5;28;01mreturn[39;00m [38;5;28;43mself[39;49m[38;5;241;43m.[39;49m[43mcalculate[49m[43m([49m[43mvariable_name[49m[43m,[49m[43m [49m[43mperiod[49m[43m)[49m
[1;32m    625[0m [38;5;28;01mraise[39;00m [38;5;167;01mValueError[39;00m(
[1;32m    626[0m     [38;5;124m"[39m[38;5;124mUnable to divide the value of [39m[38;5;124m'[39m[38;5;132;01m{}[39;00m[38;5;124m'[39m[38;5;124m to match period [39m[38;5;132;01m{}[39;00m[38;5;124m.[39m[38;5;124m"[39m[38;5;241m.[39mformat(
[1;32m    627[0m         variable_name, period
[1;32m    628[0m     )
[1;32m    629[0m )

File [0;32m/opt/hostedtoolcache/Python/3.9.16/x64/lib/python3.9/site-packages/policyengine_core/simulations/simulation.py:320[0m, in [0;36mSimulation.calculate[0;34m(self, variable_name, period, map_to, decode_enums)[0m
[1;32m    315[0m [38;5;28mself[39m[38;5;241m.[39mtracer[38;5;241m.[39mrecord_calculation_start(
[1;32m    316[0m     variable_name, period, [38;5;28mself[39m[38;5;241m.[39mbranch_name
[1;32m    317[0m )
[1;32m    319[0m [38;5;28;01mtry[39;00m:
[0;32m--> 320[0m     result [38;5;241m=[39m [38;5;28;43mself[39;49m[38;5;241;43m.[39;49m[43m_calculate[49m[43m([49m[43mvariable_name[49m[43m,[49m[43m [49m[43mperiod[49m[43m)[49m
[1;32m    321[0m     [38;5;28;01mif[39;00m [38;5;28misinstance[39m(result, EnumArray) [38;5;129;01mand[39;00m decode_enums:
[1;32m    322[0m         result [38;5;241m=[39m result[38;5;241m.[39mdecode_to_str()

File [0;32m/opt/hostedtoolcache/Python/3.9.16/x64/lib/python3.9/site-packages/policyengine_core/simulations/simulation.py:470[0m, in [0;36mSimulation._calculate[0;34m(self, variable_name, period)[0m
[1;32m    468[0m [38;5;28;01mtry[39;00m:
[1;32m    469[0m     [38;5;28mself[39m[38;5;241m.[39m_check_for_cycle(variable[38;5;241m.[39mname, period)
[0;32m--> 470[0m     array [38;5;241m=[39m [38;5;28;43mself[39;49m[38;5;241;43m.[39;49m[43m_run_formula[49m[43m([49m[43mvariable[49m[43m,[49m[43m [49m[43mpopulation[49m[43m,[49m[43m [49m[43mperiod[49m[43m)[49m
[1;32m    472[0m     [38;5;66;03m# If no result, use the default value and cache it[39;00m
[1;32m    473[0m     [38;5;28;01mif[39;00m array [38;5;129;01mis[39;00m [38;5;28;01mNone[39;00m:
[1;32m    474[0m         [38;5;66;03m# Check if the variable has a previously defined value[39;00m

File [0;32m/opt/hostedtoolcache/Python/3.9.16/x64/lib/python3.9/site-packages/policyengine_core/simulations/simulation.py:687[0m, in [0;36mSimulation._run_formula[0;34m(self, variable, population, period)[0m
[1;32m    685[0m     array [38;5;241m=[39m formula(population, period)
[1;32m    686[0m [38;5;28;01melse[39;00m:
[0;32m--> 687[0m     array [38;5;241m=[39m [43mformula[49m[43m([49m[43mpopulation[49m[43m,[49m[43m [49m[43mperiod[49m[43m,[49m[43m [49m[43mparameters_at[49m[43m)[49m
[1;32m    689[0m [38;5;28;01mreturn[39;00m array

File [0;32m~/work/policyengine-us/policyengine-us/policyengine_us/variables/household/income/spm_unit/spm_unit_net_income.py:13[0m, in [0;36mspm_unit_net_income.formula[0;34m(spm_unit, period, parameters)[0m
[1;32m     11[0m [38;5;28;01mdef[39;00m [38;5;21mformula[39m(spm_unit, period, parameters):
[1;32m     12[0m     market_income [38;5;241m=[39m spm_unit([38;5;124m"[39m[38;5;124mspm_unit_market_income[39m[38;5;124m"[39m, period)
[0;32m---> 13[0m     benefits [38;5;241m=[39m [43mspm_unit[49m[43m([49m[38;5;124;43m"[39;49m[38;5;124;43mspm_unit_benefits[39;49m[38;5;124;43m"[39;49m[43m,[49m[43m [49m[43mperiod[49m[43m)[49m
[1;32m     14[0m     taxes [38;5;241m=[39m spm_unit([38;5;124m"[39m[38;5;124mspm_unit_taxes[39m[38;5;124m"[39m, period)
[1;32m     15[0m     [38;5;28;01mreturn[39;00m market_income [38;5;241m+[39m benefits [38;5;241m-[39m taxes

File [0;32m/opt/hostedtoolcache/Python/3.9.16/x64/lib/python3.9/site-packages/policyengine_core/populations/population.py:131[0m, in [0;36mPopulation.__call__[0;34m(self, variable_name, period, options)[0m
[1;32m    127[0m     [38;5;28;01mreturn[39;00m [38;5;28mself[39m[38;5;241m.[39msimulation[38;5;241m.[39mcalculate_divide(
[1;32m    128[0m         variable_name, period, [38;5;241m*[39m[38;5;241m*[39mcalculate_kwargs
[1;32m    129[0m     )
[1;32m    130[0m [38;5;28;01melse[39;00m:
[0;32m--> 131[0m     [38;5;28;01mreturn[39;00m [38;5;28;43mself[39;49m[38;5;241;43m.[39;49m[43msimulation[49m[38;5;241;43m.[39;49m[43mcalculate[49m[43m([49m
[1;32m    132[0m [43m        [49m[43mvariable_name[49m[43m,[49m[43m [49m[43mperiod[49m[43m,[49m[43m [49m[38;5;241;43m*[39;49m[38;5;241;43m*[39;49m[43mcalculate_kwargs[49m
[1;32m    133[0m [43m    [49m[43m)[49m

File [0;32m/opt/hostedtoolcache/Python/3.9.16/x64/lib/python3.9/site-packages/policyengine_core/simulations/simulation.py:320[0m, in [0;36mSimulation.calculate[0;34m(self, variable_name, period, map_to, decode_enums)[0m
[1;32m    315[0m [38;5;28mself[39m[38;5;241m.[39mtracer[38;5;241m.[39mrecord_calculation_start(
[1;32m    316[0m     variable_name, period, [38;5;28mself[39m[38;5;241m.[39mbranch_name
[1;32m    317[0m )
[1;32m    319[0m [38;5;28;01mtry[39;00m:
[0;32m--> 320[0m     result [38;5;241m=[39m [38;5;28;43mself[39;49m[38;5;241;43m.[39;49m[43m_calculate[49m[43m([49m[43mvariable_name[49m[43m,[49m[43m [49m[43mperiod[49m[43m)[49m
[1;32m    321[0m     [38;5;28;01mif[39;00m [38;5;28misinstance[39m(result, EnumArray) [38;5;129;01mand[39;00m decode_enums:
[1;32m    322[0m         result [38;5;241m=[39m result[38;5;241m.[39mdecode_to_str()

File [0;32m/opt/hostedtoolcache/Python/3.9.16/x64/lib/python3.9/site-packages/policyengine_core/simulations/simulation.py:470[0m, in [0;36mSimulation._calculate[0;34m(self, variable_name, period)[0m
[1;32m    468[0m [38;5;28;01mtry[39;00m:
[1;32m    469[0m     [38;5;28mself[39m[38;5;241m.[39m_check_for_cycle(variable[38;5;241m.[39mname, period)
[0;32m--> 470[0m     array [38;5;241m=[39m [38;5;28;43mself[39;49m[38;5;241;43m.[39;49m[43m_run_formula[49m[43m([49m[43mvariable[49m[43m,[49m[43m [49m[43mpopulation[49m[43m,[49m[43m [49m[43mperiod[49m[43m)[49m
[1;32m    472[0m     [38;5;66;03m# If no result, use the default value and cache it[39;00m
[1;32m    473[0m     [38;5;28;01mif[39;00m array [38;5;129;01mis[39;00m [38;5;28;01mNone[39;00m:
[1;32m    474[0m         [38;5;66;03m# Check if the variable has a previously defined value[39;00m

File [0;32m/opt/hostedtoolcache/Python/3.9.16/x64/lib/python3.9/site-packages/policyengine_core/simulations/simulation.py:687[0m, in [0;36mSimulation._run_formula[0;34m(self, variable, population, period)[0m
[1;32m    685[0m     array [38;5;241m=[39m formula(population, period)
[1;32m    686[0m [38;5;28;01melse[39;00m:
[0;32m--> 687[0m     array [38;5;241m=[39m [43mformula[49m[43m([49m[43mpopulation[49m[43m,[49m[43m [49m[43mperiod[49m[43m,[49m[43m [49m[43mparameters_at[49m[43m)[49m
[1;32m    689[0m [38;5;28;01mreturn[39;00m array

File [0;32m~/work/policyengine-us/policyengine-us/policyengine_us/variables/household/income/spm_unit/spm_unit_benefits.py:32[0m, in [0;36mspm_unit_benefits.formula[0;34m(spm_unit, period, parameters)[0m
[1;32m     30[0m [38;5;28;01mif[39;00m parameters(period)[38;5;241m.[39mgov[38;5;241m.[39mcontrib[38;5;241m.[39mubi_center[38;5;241m.[39mflat_tax[38;5;241m.[39mdeduct_ptc:
[1;32m     31[0m     BENEFITS[38;5;241m.[39mappend([38;5;124m"[39m[38;5;124mpremium_tax_credit[39m[38;5;124m"[39m)
[0;32m---> 32[0m [38;5;28;01mreturn[39;00m [43madd[49m[43m([49m[43mspm_unit[49m[43m,[49m[43m [49m[43mperiod[49m[43m,[49m[43m [49m[43mBENEFITS[49m[43m)[49m

File [0;32m/opt/hostedtoolcache/Python/3.9.16/x64/lib/python3.9/site-packages/policyengine_core/commons/formulas.py:225[0m, in [0;36madd[0;34m(entity, period, variables, options)[0m
[1;32m    205[0m [38;5;28;01mdef[39;00m [38;5;21madd[39m(
[1;32m    206[0m     entity: Population,
[1;32m    207[0m     period: Period,
[1;32m    208[0m     variables: List[[38;5;28mstr[39m],
[1;32m    209[0m     options: List[[38;5;28mstr[39m] [38;5;241m=[39m [38;5;28;01mNone[39;00m,
[1;32m    210[0m ):
[1;32m    211[0m     [38;5;124;03m"""Sums a list of variables.[39;00m
[1;32m    212[0m 
[1;32m    213[0m [38;5;124;03m    Args:[39;00m
[0;32m   (...)[0m
[1;32m    223[0m [38;5;124;03m        ArrayLike: The result of the operation.[39;00m
[1;32m    224[0m [38;5;124;03m    """[39;00m
[0;32m--> 225[0m     [38;5;28;01mreturn[39;00m [43mfor_each_variable[49m[43m([49m
[1;32m    226[0m [43m        [49m[43mentity[49m[43m,[49m[43m [49m[43mperiod[49m[43m,[49m[43m [49m[43mvariables[49m[43m,[49m[43m [49m[43magg_func[49m[38;5;241;43m=[39;49m[38;5;124;43m"[39;49m[38;5;124;43madd[39;49m[38;5;124;43m"[39;49m[43m,[49m[43m [49m[43moptions[49m[38;5;241;43m=[39;49m[43moptions[49m
[1;32m    227[0m [43m    [49m[43m)[49m

File [0;32m/opt/hostedtoolcache/Python/3.9.16/x64/lib/python3.9/site-packages/policyengine_core/commons/formulas.py:184[0m, in [0;36mfor_each_variable[0;34m(entity, period, variables, agg_func, group_agg_func, options)[0m
[1;32m    181[0m     values [38;5;241m=[39m entity(variable, period, options[38;5;241m=[39moptions)
[1;32m    182[0m [38;5;28;01melif[39;00m variable_entity[38;5;241m.[39mis_person:
[1;32m    183[0m     values [38;5;241m=[39m group_agg_func(
[0;32m--> 184[0m         [43mentity[49m[38;5;241;43m.[39;49m[43mmembers[49m[43m([49m[43mvariable[49m[43m,[49m[43m [49m[43mperiod[49m[43m,[49m[43m [49m[43moptions[49m[38;5;241;43m=[39;49m[43moptions[49m[43m)[49m
[1;32m    185[0m     )
[1;32m    186[0m [38;5;28;01melif[39;00m entity[38;5;241m.[39mentity[38;5;241m.[39mis_person:
[1;32m    187[0m     [38;5;28;01mraise[39;00m [38;5;167;01mValueError[39;00m(
[1;32m    188[0m         [38;5;124mf[39m[38;5;124m"[39m[38;5;124mYou requested to aggregate [39m[38;5;132;01m{[39;00mvariable[38;5;132;01m}[39;00m[38;5;124m (defined for [39m[38;5;132;01m{[39;00mvariable_entity[38;5;241m.[39mplural[38;5;132;01m}[39;00m[38;5;124m) to [39m[38;5;132;01m{[39;00mentity[38;5;241m.[39mentity[38;5;241m.[39mplural[38;5;132;01m}[39;00m[38;5;124m, but this is not yet implemented.[39m[38;5;124m"[39m
[1;32m    189[0m     )

File [0;32m/opt/hostedtoolcache/Python/3.9.16/x64/lib/python3.9/site-packages/policyengine_core/populations/population.py:131[0m, in [0;36mPopulation.__call__[0;34m(self, variable_name, period, options)[0m
[1;32m    127[0m     [38;5;28;01mreturn[39;00m [38;5;28mself[39m[38;5;241m.[39msimulation[38;5;241m.[39mcalculate_divide(
[1;32m    128[0m         variable_name, period, [38;5;241m*[39m[38;5;241m*[39mcalculate_kwargs
[1;32m    129[0m     )
[1;32m    130[0m [38;5;28;01melse[39;00m:
[0;32m--> 131[0m     [38;5;28;01mreturn[39;00m [38;5;28;43mself[39;49m[38;5;241;43m.[39;49m[43msimulation[49m[38;5;241;43m.[39;49m[43mcalculate[49m[43m([49m
[1;32m    132[0m [43m        [49m[43mvariable_name[49m[43m,[49m[43m [49m[43mperiod[49m[43m,[49m[43m [49m[38;5;241;43m*[39;49m[38;5;241;43m*[39;49m[43mcalculate_kwargs[49m
[1;32m    133[0m [43m    [49m[43m)[49m

File [0;32m/opt/hostedtoolcache/Python/3.9.16/x64/lib/python3.9/site-packages/policyengine_core/simulations/simulation.py:320[0m, in [0;36mSimulation.calculate[0;34m(self, variable_name, period, map_to, decode_enums)[0m
[1;32m    315[0m [38;5;28mself[39m[38;5;241m.[39mtracer[38;5;241m.[39mrecord_calculation_start(
[1;32m    316[0m     variable_name, period, [38;5;28mself[39m[38;5;241m.[39mbranch_name
[1;32m    317[0m )
[1;32m    319[0m [38;5;28;01mtry[39;00m:
[0;32m--> 320[0m     result [38;5;241m=[39m [38;5;28;43mself[39;49m[38;5;241;43m.[39;49m[43m_calculate[49m[43m([49m[43mvariable_name[49m[43m,[49m[43m [49m[43mperiod[49m[43m)[49m
[1;32m    321[0m     [38;5;28;01mif[39;00m [38;5;28misinstance[39m(result, EnumArray) [38;5;129;01mand[39;00m decode_enums:
[1;32m    322[0m         result [38;5;241m=[39m result[38;5;241m.[39mdecode_to_str()

File [0;32m/opt/hostedtoolcache/Python/3.9.16/x64/lib/python3.9/site-packages/policyengine_core/simulations/simulation.py:470[0m, in [0;36mSimulation._calculate[0;34m(self, variable_name, period)[0m
[1;32m    468[0m [38;5;28;01mtry[39;00m:
[1;32m    469[0m     [38;5;28mself[39m[38;5;241m.[39m_check_for_cycle(variable[38;5;241m.[39mname, period)
[0;32m--> 470[0m     array [38;5;241m=[39m [38;5;28;43mself[39;49m[38;5;241;43m.[39;49m[43m_run_formula[49m[43m([49m[43mvariable[49m[43m,[49m[43m [49m[43mpopulation[49m[43m,[49m[43m [49m[43mperiod[49m[43m)[49m
[1;32m    472[0m     [38;5;66;03m# If no result, use the default value and cache it[39;00m
[1;32m    473[0m     [38;5;28;01mif[39;00m array [38;5;129;01mis[39;00m [38;5;28;01mNone[39;00m:
[1;32m    474[0m         [38;5;66;03m# Check if the variable has a previously defined value[39;00m

File [0;32m/opt/hostedtoolcache/Python/3.9.16/x64/lib/python3.9/site-packages/policyengine_core/simulations/simulation.py:687[0m, in [0;36mSimulation._run_formula[0;34m(self, variable, population, period)[0m
[1;32m    685[0m     array [38;5;241m=[39m formula(population, period)
[1;32m    686[0m [38;5;28;01melse[39;00m:
[0;32m--> 687[0m     array [38;5;241m=[39m [43mformula[49m[43m([49m[43mpopulation[49m[43m,[49m[43m [49m[43mperiod[49m[43m,[49m[43m [49m[43mparameters_at[49m[43m)[49m
[1;32m    689[0m [38;5;28;01mreturn[39;00m array

File [0;32m~/work/policyengine-us/policyengine-us/policyengine_us/variables/gov/ssa/ssi/ssi.py:14[0m, in [0;36mssi.formula[0;34m(person, period, parameters)[0m
[1;32m     13[0m [38;5;28;01mdef[39;00m [38;5;21mformula[39m(person, period, parameters):
[0;32m---> 14[0m     [38;5;28;01mreturn[39;00m max_([38;5;241m0[39m, [43mperson[49m[43m([49m[38;5;124;43m"[39;49m[38;5;124;43muncapped_ssi[39;49m[38;5;124;43m"[39;49m[43m,[49m[43m [49m[43mperiod[49m[43m)[49m)

File [0;32m/opt/hostedtoolcache/Python/3.9.16/x64/lib/python3.9/site-packages/policyengine_core/populations/population.py:131[0m, in [0;36mPopulation.__call__[0;34m(self, variable_name, period, options)[0m
[1;32m    127[0m     [38;5;28;01mreturn[39;00m [38;5;28mself[39m[38;5;241m.[39msimulation[38;5;241m.[39mcalculate_divide(
[1;32m    128[0m         variable_name, period, [38;5;241m*[39m[38;5;241m*[39mcalculate_kwargs
[1;32m    129[0m     )
[1;32m    130[0m [38;5;28;01melse[39;00m:
[0;32m--> 131[0m     [38;5;28;01mreturn[39;00m [38;5;28;43mself[39;49m[38;5;241;43m.[39;49m[43msimulation[49m[38;5;241;43m.[39;49m[43mcalculate[49m[43m([49m
[1;32m    132[0m [43m        [49m[43mvariable_name[49m[43m,[49m[43m [49m[43mperiod[49m[43m,[49m[43m [49m[38;5;241;43m*[39;49m[38;5;241;43m*[39;49m[43mcalculate_kwargs[49m
[1;32m    133[0m [43m    [49m[43m)[49m

File [0;32m/opt/hostedtoolcache/Python/3.9.16/x64/lib/python3.9/site-packages/policyengine_core/simulations/simulation.py:320[0m, in [0;36mSimulation.calculate[0;34m(self, variable_name, period, map_to, decode_enums)[0m
[1;32m    315[0m [38;5;28mself[39m[38;5;241m.[39mtracer[38;5;241m.[39mrecord_calculation_start(
[1;32m    316[0m     variable_name, period, [38;5;28mself[39m[38;5;241m.[39mbranch_name
[1;32m    317[0m )
[1;32m    319[0m [38;5;28;01mtry[39;00m:
[0;32m--> 320[0m     result [38;5;241m=[39m [38;5;28;43mself[39;49m[38;5;241;43m.[39;49m[43m_calculate[49m[43m([49m[43mvariable_name[49m[43m,[49m[43m [49m[43mperiod[49m[43m)[49m
[1;32m    321[0m     [38;5;28;01mif[39;00m [38;5;28misinstance[39m(result, EnumArray) [38;5;129;01mand[39;00m decode_enums:
[1;32m    322[0m         result [38;5;241m=[39m result[38;5;241m.[39mdecode_to_str()

File [0;32m/opt/hostedtoolcache/Python/3.9.16/x64/lib/python3.9/site-packages/policyengine_core/simulations/simulation.py:470[0m, in [0;36mSimulation._calculate[0;34m(self, variable_name, period)[0m
[1;32m    468[0m [38;5;28;01mtry[39;00m:
[1;32m    469[0m     [38;5;28mself[39m[38;5;241m.[39m_check_for_cycle(variable[38;5;241m.[39mname, period)
[0;32m--> 470[0m     array [38;5;241m=[39m [38;5;28;43mself[39;49m[38;5;241;43m.[39;49m[43m_run_formula[49m[43m([49m[43mvariable[49m[43m,[49m[43m [49m[43mpopulation[49m[43m,[49m[43m [49m[43mperiod[49m[43m)[49m
[1;32m    472[0m     [38;5;66;03m# If no result, use the default value and cache it[39;00m
[1;32m    473[0m     [38;5;28;01mif[39;00m array [38;5;129;01mis[39;00m [38;5;28;01mNone[39;00m:
[1;32m    474[0m         [38;5;66;03m# Check if the variable has a previously defined value[39;00m

File [0;32m/opt/hostedtoolcache/Python/3.9.16/x64/lib/python3.9/site-packages/policyengine_core/simulations/simulation.py:687[0m, in [0;36mSimulation._run_formula[0;34m(self, variable, population, period)[0m
[1;32m    685[0m     array [38;5;241m=[39m formula(population, period)
[1;32m    686[0m [38;5;28;01melse[39;00m:
[0;32m--> 687[0m     array [38;5;241m=[39m [43mformula[49m[43m([49m[43mpopulation[49m[43m,[49m[43m [49m[43mperiod[49m[43m,[49m[43m [49m[43mparameters_at[49m[43m)[49m
[1;32m    689[0m [38;5;28;01mreturn[39;00m array

File [0;32m~/work/policyengine-us/policyengine-us/policyengine_us/variables/gov/ssa/ssi/uncapped_ssi.py:13[0m, in [0;36muncapped_ssi.formula[0;34m(person, period, parameters)[0m
[1;32m     12[0m [38;5;28;01mdef[39;00m [38;5;21mformula[39m(person, period, parameters):
[0;32m---> 13[0m     amount [38;5;241m=[39m [43mperson[49m[43m([49m[38;5;124;43m"[39;49m[38;5;124;43mssi_amount_if_eligible[39;49m[38;5;124;43m"[39;49m[43m,[49m[43m [49m[43mperiod[49m[43m)[49m
[1;32m     14[0m     meets_resource_test [38;5;241m=[39m person([38;5;124m"[39m[38;5;124mmeets_ssi_resource_test[39m[38;5;124m"[39m, period)
[1;32m     15[0m     eligible [38;5;241m=[39m person([38;5;124m"[39m[38;5;124mis_ssi_eligible_individual[39m[38;5;124m"[39m, period)

File [0;32m/opt/hostedtoolcache/Python/3.9.16/x64/lib/python3.9/site-packages/policyengine_core/populations/population.py:131[0m, in [0;36mPopulation.__call__[0;34m(self, variable_name, period, options)[0m
[1;32m    127[0m     [38;5;28;01mreturn[39;00m [38;5;28mself[39m[38;5;241m.[39msimulation[38;5;241m.[39mcalculate_divide(
[1;32m    128[0m         variable_name, period, [38;5;241m*[39m[38;5;241m*[39mcalculate_kwargs
[1;32m    129[0m     )
[1;32m    130[0m [38;5;28;01melse[39;00m:
[0;32m--> 131[0m     [38;5;28;01mreturn[39;00m [38;5;28;43mself[39;49m[38;5;241;43m.[39;49m[43msimulation[49m[38;5;241;43m.[39;49m[43mcalculate[49m[43m([49m
[1;32m    132[0m [43m        [49m[43mvariable_name[49m[43m,[49m[43m [49m[43mperiod[49m[43m,[49m[43m [49m[38;5;241;43m*[39;49m[38;5;241;43m*[39;49m[43mcalculate_kwargs[49m
[1;32m    133[0m [43m    [49m[43m)[49m

File [0;32m/opt/hostedtoolcache/Python/3.9.16/x64/lib/python3.9/site-packages/policyengine_core/simulations/simulation.py:320[0m, in [0;36mSimulation.calculate[0;34m(self, variable_name, period, map_to, decode_enums)[0m
[1;32m    315[0m [38;5;28mself[39m[38;5;241m.[39mtracer[38;5;241m.[39mrecord_calculation_start(
[1;32m    316[0m     variable_name, period, [38;5;28mself[39m[38;5;241m.[39mbranch_name
[1;32m    317[0m )
[1;32m    319[0m [38;5;28;01mtry[39;00m:
[0;32m--> 320[0m     result [38;5;241m=[39m [38;5;28;43mself[39;49m[38;5;241;43m.[39;49m[43m_calculate[49m[43m([49m[43mvariable_name[49m[43m,[49m[43m [49m[43mperiod[49m[43m)[49m
[1;32m    321[0m     [38;5;28;01mif[39;00m [38;5;28misinstance[39m(result, EnumArray) [38;5;129;01mand[39;00m decode_enums:
[1;32m    322[0m         result [38;5;241m=[39m result[38;5;241m.[39mdecode_to_str()

File [0;32m/opt/hostedtoolcache/Python/3.9.16/x64/lib/python3.9/site-packages/policyengine_core/simulations/simulation.py:470[0m, in [0;36mSimulation._calculate[0;34m(self, variable_name, period)[0m
[1;32m    468[0m [38;5;28;01mtry[39;00m:
[1;32m    469[0m     [38;5;28mself[39m[38;5;241m.[39m_check_for_cycle(variable[38;5;241m.[39mname, period)
[0;32m--> 470[0m     array [38;5;241m=[39m [38;5;28;43mself[39;49m[38;5;241;43m.[39;49m[43m_run_formula[49m[43m([49m[43mvariable[49m[43m,[49m[43m [49m[43mpopulation[49m[43m,[49m[43m [49m[43mperiod[49m[43m)[49m
[1;32m    472[0m     [38;5;66;03m# If no result, use the default value and cache it[39;00m
[1;32m    473[0m     [38;5;28;01mif[39;00m array [38;5;129;01mis[39;00m [38;5;28;01mNone[39;00m:
[1;32m    474[0m         [38;5;66;03m# Check if the variable has a previously defined value[39;00m

File [0;32m/opt/hostedtoolcache/Python/3.9.16/x64/lib/python3.9/site-packages/policyengine_core/simulations/simulation.py:687[0m, in [0;36mSimulation._run_formula[0;34m(self, variable, population, period)[0m
[1;32m    685[0m     array [38;5;241m=[39m formula(population, period)
[1;32m    686[0m [38;5;28;01melse[39;00m:
[0;32m--> 687[0m     array [38;5;241m=[39m [43mformula[49m[43m([49m[43mpopulation[49m[43m,[49m[43m [49m[43mperiod[49m[43m,[49m[43m [49m[43mparameters_at[49m[43m)[49m
[1;32m    689[0m [38;5;28;01mreturn[39;00m array

File [0;32m~/work/policyengine-us/policyengine-us/policyengine_us/variables/gov/ssa/ssi/ssi_amount_if_eligible.py:16[0m, in [0;36mssi_amount_if_eligible.formula[0;34m(person, period, parameters)[0m
[1;32m     12[0m [38;5;28;01mdef[39;00m [38;5;21mformula[39m(person, period, parameters):
[1;32m     13[0m     ssi [38;5;241m=[39m parameters(period)[38;5;241m.[39mgov[38;5;241m.[39mssa[38;5;241m.[39mssi[38;5;241m.[39mamount
[1;32m     14[0m     [38;5;28;01mreturn[39;00m (
[1;32m     15[0m         where(
[0;32m---> 16[0m             [43mperson[49m[43m([49m[38;5;124;43m"[39;49m[38;5;124;43mssi_claim_is_joint[39;49m[38;5;124;43m"[39;49m[43m,[49m[43m [49m[43mperiod[49m[43m)[49m,
[1;32m     17[0m             ssi[38;5;241m.[39mcouple,
[1;32m     18[0m             ssi[38;5;241m.[39mindividual,
[1;32m     19[0m         )
[1;32m     20[0m         [38;5;241m*[39m MONTHS_IN_YEAR
[1;32m     21[0m     )

File [0;32m/opt/hostedtoolcache/Python/3.9.16/x64/lib/python3.9/site-packages/policyengine_core/populations/population.py:131[0m, in [0;36mPopulation.__call__[0;34m(self, variable_name, period, options)[0m
[1;32m    127[0m     [38;5;28;01mreturn[39;00m [38;5;28mself[39m[38;5;241m.[39msimulation[38;5;241m.[39mcalculate_divide(
[1;32m    128[0m         variable_name, period, [38;5;241m*[39m[38;5;241m*[39mcalculate_kwargs
[1;32m    129[0m     )
[1;32m    130[0m [38;5;28;01melse[39;00m:
[0;32m--> 131[0m     [38;5;28;01mreturn[39;00m [38;5;28;43mself[39;49m[38;5;241;43m.[39;49m[43msimulation[49m[38;5;241;43m.[39;49m[43mcalculate[49m[43m([49m
[1;32m    132[0m [43m        [49m[43mvariable_name[49m[43m,[49m[43m [49m[43mperiod[49m[43m,[49m[43m [49m[38;5;241;43m*[39;49m[38;5;241;43m*[39;49m[43mcalculate_kwargs[49m
[1;32m    133[0m [43m    [49m[43m)[49m

File [0;32m/opt/hostedtoolcache/Python/3.9.16/x64/lib/python3.9/site-packages/policyengine_core/simulations/simulation.py:320[0m, in [0;36mSimulation.calculate[0;34m(self, variable_name, period, map_to, decode_enums)[0m
[1;32m    315[0m [38;5;28mself[39m[38;5;241m.[39mtracer[38;5;241m.[39mrecord_calculation_start(
[1;32m    316[0m     variable_name, period, [38;5;28mself[39m[38;5;241m.[39mbranch_name
[1;32m    317[0m )
[1;32m    319[0m [38;5;28;01mtry[39;00m:
[0;32m--> 320[0m     result [38;5;241m=[39m [38;5;28;43mself[39;49m[38;5;241;43m.[39;49m[43m_calculate[49m[43m([49m[43mvariable_name[49m[43m,[49m[43m [49m[43mperiod[49m[43m)[49m
[1;32m    321[0m     [38;5;28;01mif[39;00m [38;5;28misinstance[39m(result, EnumArray) [38;5;129;01mand[39;00m decode_enums:
[1;32m    322[0m         result [38;5;241m=[39m result[38;5;241m.[39mdecode_to_str()

File [0;32m/opt/hostedtoolcache/Python/3.9.16/x64/lib/python3.9/site-packages/policyengine_core/simulations/simulation.py:470[0m, in [0;36mSimulation._calculate[0;34m(self, variable_name, period)[0m
[1;32m    468[0m [38;5;28;01mtry[39;00m:
[1;32m    469[0m     [38;5;28mself[39m[38;5;241m.[39m_check_for_cycle(variable[38;5;241m.[39mname, period)
[0;32m--> 470[0m     array [38;5;241m=[39m [38;5;28;43mself[39;49m[38;5;241;43m.[39;49m[43m_run_formula[49m[43m([49m[43mvariable[49m[43m,[49m[43m [49m[43mpopulation[49m[43m,[49m[43m [49m[43mperiod[49m[43m)[49m
[1;32m    472[0m     [38;5;66;03m# If no result, use the default value and cache it[39;00m
[1;32m    473[0m     [38;5;28;01mif[39;00m array [38;5;129;01mis[39;00m [38;5;28;01mNone[39;00m:
[1;32m    474[0m         [38;5;66;03m# Check if the variable has a previously defined value[39;00m

File [0;32m/opt/hostedtoolcache/Python/3.9.16/x64/lib/python3.9/site-packages/policyengine_core/simulations/simulation.py:687[0m, in [0;36mSimulation._run_formula[0;34m(self, variable, population, period)[0m
[1;32m    685[0m     array [38;5;241m=[39m formula(population, period)
[1;32m    686[0m [38;5;28;01melse[39;00m:
[0;32m--> 687[0m     array [38;5;241m=[39m [43mformula[49m[43m([49m[43mpopulation[49m[43m,[49m[43m [49m[43mperiod[49m[43m,[49m[43m [49m[43mparameters_at[49m[43m)[49m
[1;32m    689[0m [38;5;28;01mreturn[39;00m array

File [0;32m~/work/policyengine-us/policyengine-us/policyengine_us/variables/gov/ssa/ssi/ssi_claim_is_joint.py:12[0m, in [0;36mssi_claim_is_joint.formula[0;34m(person, period, parameters)[0m
[1;32m     10[0m [38;5;28;01mdef[39;00m [38;5;21mformula[39m(person, period, parameters):
[1;32m     11[0m     eligible [38;5;241m=[39m person([38;5;124m"[39m[38;5;124mis_ssi_aged_blind_disabled[39m[38;5;124m"[39m, period)
[0;32m---> 12[0m     both_eligible [38;5;241m=[39m [43mperson[49m[38;5;241;43m.[39;49m[43mmarital_unit[49m[38;5;241;43m.[39;49m[43msum[49m[43m([49m[43meligible[49m[43m)[49m [38;5;241m==[39m [38;5;241m2[39m
[1;32m     13[0m     income_is_deemed [38;5;241m=[39m (
[1;32m     14[0m         person([38;5;124m"[39m[38;5;124mssi_income_deemed_from_ineligible_spouse[39m[38;5;124m"[39m, period) [38;5;241m>[39m [38;5;241m0[39m
[1;32m     15[0m     )
[1;32m     16[0m     [38;5;28;01mreturn[39;00m both_eligible [38;5;241m|[39m income_is_deemed

File [0;32m/opt/hostedtoolcache/Python/3.9.16/x64/lib/python3.9/site-packages/policyengine_core/projectors/projector.py:28[0m, in [0;36mProjector.__getattr__.<locals>.projector_function[0;34m(*args, **kwargs)[0m
[1;32m     26[0m [38;5;28;01mdef[39;00m [38;5;21mprojector_function[39m([38;5;241m*[39margs, [38;5;241m*[39m[38;5;241m*[39mkwargs):
[1;32m     27[0m     result [38;5;241m=[39m reference_attr([38;5;241m*[39margs, [38;5;241m*[39m[38;5;241m*[39mkwargs)
[0;32m---> 28[0m     [38;5;28;01mreturn[39;00m [38;5;28;43mself[39;49m[38;5;241;43m.[39;49m[43mtransform_and_bubble_up[49m[43m([49m[43mresult[49m[43m)[49m

File [0;32m/opt/hostedtoolcache/Python/3.9.16/x64/lib/python3.9/site-packages/policyengine_core/projectors/projector.py:37[0m, in [0;36mProjector.transform_and_bubble_up[0;34m(self, result)[0m
[1;32m     36[0m [38;5;28;01mdef[39;00m [38;5;21mtransform_and_bubble_up[39m([38;5;28mself[39m, result):
[0;32m---> 37[0m     transformed_result [38;5;241m=[39m [38;5;28;43mself[39;49m[38;5;241;43m.[39;49m[43mtransform[49m[43m([49m[43mresult[49m[43m)[49m
[1;32m     38[0m     [38;5;28;01mif[39;00m [38;5;28mself[39m[38;5;241m.[39mparent [38;5;129;01mis[39;00m [38;5;28;01mNone[39;00m:
[1;32m     39[0m         [38;5;28;01mreturn[39;00m transformed_result

File [0;32m/opt/hostedtoolcache/Python/3.9.16/x64/lib/python3.9/site-packages/policyengine_core/projectors/entity_to_person_projector.py:19[0m, in [0;36mEntityToPersonProjector.transform[0;34m(self, result)[0m
[1;32m     18[0m [38;5;28;01mdef[39;00m [38;5;21mtransform[39m([38;5;28mself[39m, result: ArrayLike) [38;5;241m-[39m[38;5;241m>[39m ArrayLike:
[0;32m---> 19[0m     [38;5;28;01mreturn[39;00m [38;5;28;43mself[39;49m[38;5;241;43m.[39;49m[43mreference_entity[49m[38;5;241;43m.[39;49m[43mproject[49m[43m([49m[43mresult[49m[43m)[49m

File [0;32m/opt/hostedtoolcache/Python/3.9.16/x64/lib/python3.9/site-packages/policyengine_core/populations/group_population.py:335[0m, in [0;36mGroupPopulation.project[0;34m(self, array, role)[0m
[1;32m    334[0m [38;5;28;01mdef[39;00m [38;5;21mproject[39m([38;5;28mself[39m, array: ArrayLike, role: Role [38;5;241m=[39m [38;5;28;01mNone[39;00m) [38;5;241m-[39m[38;5;241m>[39m ArrayLike:
[0;32m--> 335[0m     [38;5;28;43mself[39;49m[38;5;241;43m.[39;49m[43mcheck_array_compatible_with_entity[49m[43m([49m[43marray[49m[43m)[49m
[1;32m    336[0m     [38;5;28mself[39m[38;5;241m.[39mentity[38;5;241m.[39mcheck_role_validity(role)
[1;32m    337[0m     [38;5;28;01mif[39;00m role [38;5;129;01mis[39;00m [38;5;28;01mNone[39;00m:

File [0;32m/opt/hostedtoolcache/Python/3.9.16/x64/lib/python3.9/site-packages/policyengine_core/populations/population.py:60[0m, in [0;36mPopulation.check_array_compatible_with_entity[0;34m(self, array)[0m
[1;32m     58[0m [38;5;28;01mdef[39;00m [38;5;21mcheck_array_compatible_with_entity[39m([38;5;28mself[39m, array: numpy[38;5;241m.[39mndarray) [38;5;241m-[39m[38;5;241m>[39m [38;5;28;01mNone[39;00m:
[1;32m     59[0m     [38;5;28;01mif[39;00m [38;5;129;01mnot[39;00m [38;5;28mself[39m[38;5;241m.[39mcount [38;5;241m==[39m array[38;5;241m.[39msize:
[0;32m---> 60[0m         [38;5;28;01mraise[39;00m [38;5;167;01mValueError[39;00m(
[1;32m     61[0m             [38;5;124m"[39m[38;5;124mInput [39m[38;5;132;01m{}[39;00m[38;5;124m is not a valid value for the entity [39m[38;5;132;01m{}[39;00m[38;5;124m (size = [39m[38;5;132;01m{}[39;00m[38;5;124m != [39m[38;5;132;01m{}[39;00m[38;5;124m = count)[39m[38;5;124m"[39m[38;5;241m.[39mformat(
[1;32m     62[0m                 array, [38;5;28mself[39m[38;5;241m.[39mentity[38;5;241m.[39mkey, array[38;5;241m.[39msize, [38;5;28mself[39m[38;5;241m.[39mcount
[1;32m     63[0m             )
[1;32m     64[0m         )

[0;31mValueError[0m: Input [0. 0. 0. ... 0. 0. 0.] is not a valid value for the entity marital_unit (size = 14003 != 14004 = count)
ValueError: Input [0. 0. 0. ... 0. 0. 0.] is not a valid value for the entity marital_unit (size = 14003 != 14004 = count)

