Traceback (most recent call last):
  File "/opt/hostedtoolcache/Python/3.9.18/x64/lib/python3.9/site-packages/jupyter_cache/executors/utils.py", line 58, in single_nb_execution
    executenb(
  File "/opt/hostedtoolcache/Python/3.9.18/x64/lib/python3.9/site-packages/nbclient/client.py", line 1305, in execute
    return NotebookClient(nb=nb, resources=resources, km=km, **kwargs).execute()
  File "/opt/hostedtoolcache/Python/3.9.18/x64/lib/python3.9/site-packages/jupyter_core/utils/__init__.py", line 173, in wrapped
    return loop.run_until_complete(inner)
  File "/opt/hostedtoolcache/Python/3.9.18/x64/lib/python3.9/asyncio/base_events.py", line 647, in run_until_complete
    return future.result()
  File "/opt/hostedtoolcache/Python/3.9.18/x64/lib/python3.9/site-packages/nbclient/client.py", line 705, in async_execute
    await self.async_execute_cell(
  File "/opt/hostedtoolcache/Python/3.9.18/x64/lib/python3.9/site-packages/nbclient/client.py", line 1058, in async_execute_cell
    await self._check_raise_for_error(cell, cell_index, exec_reply)
  File "/opt/hostedtoolcache/Python/3.9.18/x64/lib/python3.9/site-packages/nbclient/client.py", line 914, in _check_raise_for_error
    raise CellExecutionError.from_cell_and_msg(cell, exec_reply_content)
nbclient.exceptions.CellExecutionError: An error occurred while executing the following cell:
------------------
from policyengine_us import IndividualSim
import pandas as pd
import plotly.express as px

LIGHT_GRAY = "#F5F5F5"
GRAY = "#BDBDBD"
BLUE = "#5091cc"
LIGHT_BLUE = "lightblue"
DARK_BLUE = "darkblue"


def make_tax(adults, children):
    sim = IndividualSim(year=2022)
    sim.add_person(name="head", age=25)
    members = ["head"]
    if adults == 2:
        sim.add_person(name="spouse", age=25)
        members += ["spouse"]
    for i in range(children):
        child = "child{}".format(i)
        sim.add_person(name=child, age=6)
        members += [child]
    sim.add_tax_unit(name="tax_unit", members=members, premium_tax_credit=0)
    sim.add_household(name="household", members=members, state_code="PA")
    sim.vary("employment_income", max=100_000, step=1_000)
    employment_income = sim.calc("employment_income")[0]
    state_income_tax = sim.calc("state_income_tax")[0].round()
    mtr = sim.deriv("state_income_tax", "employment_income", wrt_target="head")
    return pd.DataFrame(
        dict(
            employment_income=employment_income,
            state_income_tax=state_income_tax,
            mtr=mtr,
            adults=adults,
            children=str(children),
        )
    )


# Make a table of state taxes for different numbers of adults and children.
l = []
for adults in range(1, 3):
    for children in range(0, 4):
        l.append(make_tax(adults, children))

df = pd.concat(l)

LABELS = dict(
    employment_income="Employment income",
    state_income_tax="Pennsylvania income tax",
    mtr="Marginal tax rate",
    adults="Adults",
    children="Children",
)

COLOR_MAP = {"0": GRAY, "1": LIGHT_BLUE, "2": BLUE, "3": DARK_BLUE}

fig = px.line(
    df,
    "employment_income",
    "state_income_tax",
    color="children",
    animation_frame="adults",
    labels=LABELS,
    title="Pennsylvania income tax",
    color_discrete_map=COLOR_MAP,
)
fig.update_layout(
    xaxis_tickformat="$,",
    yaxis_tickformat="$,",
    plot_bgcolor="white",
    xaxis_gridcolor=LIGHT_GRAY,
    yaxis_gridcolor=LIGHT_GRAY,
)
fig.show()
------------------


[0;31m---------------------------------------------------------------------------[0m
[0;31mValueError[0m                                Traceback (most recent call last)
File [0;32m/opt/hostedtoolcache/Python/3.9.18/x64/lib/python3.9/site-packages/policyengine_core/simulations/individual_sim.py:261[0m, in [0;36mIndividualSim.calc[0;34m(self, var, period, target, index, map_to, reform)[0m
[1;32m    260[0m [38;5;28;01mtry[39;00m:
[0;32m--> 261[0m     result [38;5;241m=[39m [38;5;28;43mself[39;49m[38;5;241;43m.[39;49m[43msimulation[49m[38;5;241;43m.[39;49m[43mcalculate[49m[43m([49m[43mvar[49m[43m,[49m[43m [49m[43mperiod[49m[43m)[49m
[1;32m    262[0m [38;5;28;01mexcept[39;00m:

File [0;32m/opt/hostedtoolcache/Python/3.9.18/x64/lib/python3.9/site-packages/policyengine_core/simulations/simulation.py:330[0m, in [0;36mSimulation.calculate[0;34m(self, variable_name, period, map_to, decode_enums)[0m
[1;32m    329[0m [38;5;28;01mtry[39;00m:
[0;32m--> 330[0m     result [38;5;241m=[39m [38;5;28;43mself[39;49m[38;5;241;43m.[39;49m[43m_calculate[49m[43m([49m[43mvariable_name[49m[43m,[49m[43m [49m[43mperiod[49m[43m)[49m
[1;32m    331[0m     [38;5;28;01mif[39;00m [38;5;28misinstance[39m(result, EnumArray) [38;5;129;01mand[39;00m decode_enums:

File [0;32m/opt/hostedtoolcache/Python/3.9.18/x64/lib/python3.9/site-packages/policyengine_core/simulations/simulation.py:506[0m, in [0;36mSimulation._calculate[0;34m(self, variable_name, period)[0m
[1;32m    505[0m [38;5;28mself[39m[38;5;241m.[39m_check_for_cycle(variable[38;5;241m.[39mname, period)
[0;32m--> 506[0m array [38;5;241m=[39m [38;5;28;43mself[39;49m[38;5;241;43m.[39;49m[43m_run_formula[49m[43m([49m[43mvariable[49m[43m,[49m[43m [49m[43mpopulation[49m[43m,[49m[43m [49m[43mperiod[49m[43m)[49m
[1;32m    508[0m [38;5;66;03m# If no result, use the default value and cache it[39;00m

File [0;32m/opt/hostedtoolcache/Python/3.9.18/x64/lib/python3.9/site-packages/policyengine_core/simulations/simulation.py:780[0m, in [0;36mSimulation._run_formula[0;34m(self, variable, population, period)[0m
[1;32m    779[0m [38;5;28;01melse[39;00m:
[0;32m--> 780[0m     array [38;5;241m=[39m [43mformula[49m[43m([49m[43mpopulation[49m[43m,[49m[43m [49m[43mperiod[49m[43m,[49m[43m [49m[43mparameters_at[49m[43m)[49m
[1;32m    782[0m [38;5;28;01mreturn[39;00m array

File [0;32m~/work/policyengine-us/policyengine-us/policyengine_us/variables/gov/states/tax/income/state_income_tax.py:80[0m, in [0;36mstate_income_tax.formula[0;34m(tax_unit, period, parameters)[0m
[1;32m     79[0m [38;5;28;01melse[39;00m:
[0;32m---> 80[0m     [38;5;28;01mreturn[39;00m [43madd[49m[43m([49m[43mtax_unit[49m[43m,[49m[43m [49m[43mperiod[49m[43m,[49m[43m [49m[43mstate_income_tax[49m[38;5;241;43m.[39;49m[43madds[49m[43m)[49m

File [0;32m/opt/hostedtoolcache/Python/3.9.18/x64/lib/python3.9/site-packages/policyengine_core/commons/formulas.py:225[0m, in [0;36madd[0;34m(entity, period, variables, options)[0m
[1;32m    211[0m [38;5;250m[39m[38;5;124;03m"""Sums a list of variables.[39;00m
[1;32m    212[0m 
[1;32m    213[0m [38;5;124;03mArgs:[39;00m
[0;32m   (...)[0m
[1;32m    223[0m [38;5;124;03m    ArrayLike: The result of the operation.[39;00m
[1;32m    224[0m [38;5;124;03m"""[39;00m
[0;32m--> 225[0m [38;5;28;01mreturn[39;00m [43mfor_each_variable[49m[43m([49m
[1;32m    226[0m [43m    [49m[43mentity[49m[43m,[49m[43m [49m[43mperiod[49m[43m,[49m[43m [49m[43mvariables[49m[43m,[49m[43m [49m[43magg_func[49m[38;5;241;43m=[39;49m[38;5;124;43m"[39;49m[38;5;124;43madd[39;49m[38;5;124;43m"[39;49m[43m,[49m[43m [49m[43moptions[49m[38;5;241;43m=[39;49m[43moptions[49m
[1;32m    227[0m [43m[49m[43m)[49m

File [0;32m/opt/hostedtoolcache/Python/3.9.18/x64/lib/python3.9/site-packages/policyengine_core/commons/formulas.py:181[0m, in [0;36mfor_each_variable[0;34m(entity, period, variables, agg_func, group_agg_func, options)[0m
[1;32m    180[0m [38;5;28;01mif[39;00m variable_entity[38;5;241m.[39mkey [38;5;241m==[39m entity[38;5;241m.[39mentity[38;5;241m.[39mkey:
[0;32m--> 181[0m     values [38;5;241m=[39m [43mentity[49m[43m([49m[43mvariable[49m[43m,[49m[43m [49m[43mperiod[49m[43m,[49m[43m [49m[43moptions[49m[38;5;241;43m=[39;49m[43moptions[49m[43m)[49m
[1;32m    182[0m [38;5;28;01melif[39;00m variable_entity[38;5;241m.[39mis_person:

File [0;32m/opt/hostedtoolcache/Python/3.9.18/x64/lib/python3.9/site-packages/policyengine_core/populations/population.py:134[0m, in [0;36mPopulation.__call__[0;34m(self, variable_name, period, options)[0m
[1;32m    133[0m [38;5;28;01melse[39;00m:
[0;32m--> 134[0m     [38;5;28;01mreturn[39;00m [38;5;28;43mself[39;49m[38;5;241;43m.[39;49m[43msimulation[49m[38;5;241;43m.[39;49m[43mcalculate[49m[43m([49m
[1;32m    135[0m [43m        [49m[43mvariable_name[49m[43m,[49m[43m [49m[43mperiod[49m[43m,[49m[43m [49m[38;5;241;43m*[39;49m[38;5;241;43m*[39;49m[43mcalculate_kwargs[49m
[1;32m    136[0m [43m    [49m[43m)[49m

File [0;32m/opt/hostedtoolcache/Python/3.9.18/x64/lib/python3.9/site-packages/policyengine_core/simulations/simulation.py:330[0m, in [0;36mSimulation.calculate[0;34m(self, variable_name, period, map_to, decode_enums)[0m
[1;32m    329[0m [38;5;28;01mtry[39;00m:
[0;32m--> 330[0m     result [38;5;241m=[39m [38;5;28;43mself[39;49m[38;5;241;43m.[39;49m[43m_calculate[49m[43m([49m[43mvariable_name[49m[43m,[49m[43m [49m[43mperiod[49m[43m)[49m
[1;32m    331[0m     [38;5;28;01mif[39;00m [38;5;28misinstance[39m(result, EnumArray) [38;5;129;01mand[39;00m decode_enums:

File [0;32m/opt/hostedtoolcache/Python/3.9.18/x64/lib/python3.9/site-packages/policyengine_core/simulations/simulation.py:506[0m, in [0;36mSimulation._calculate[0;34m(self, variable_name, period)[0m
[1;32m    505[0m [38;5;28mself[39m[38;5;241m.[39m_check_for_cycle(variable[38;5;241m.[39mname, period)
[0;32m--> 506[0m array [38;5;241m=[39m [38;5;28;43mself[39;49m[38;5;241;43m.[39;49m[43m_run_formula[49m[43m([49m[43mvariable[49m[43m,[49m[43m [49m[43mpopulation[49m[43m,[49m[43m [49m[43mperiod[49m[43m)[49m
[1;32m    508[0m [38;5;66;03m# If no result, use the default value and cache it[39;00m

File [0;32m/opt/hostedtoolcache/Python/3.9.18/x64/lib/python3.9/site-packages/policyengine_core/simulations/simulation.py:719[0m, in [0;36mSimulation._run_formula[0;34m(self, variable, population, period)[0m
[1;32m    718[0m [38;5;28;01mif[39;00m added_variable [38;5;129;01min[39;00m [38;5;28mself[39m[38;5;241m.[39mtax_benefit_system[38;5;241m.[39mvariables:
[0;32m--> 719[0m     values [38;5;241m=[39m values [38;5;241m+[39m [38;5;28;43mself[39;49m[38;5;241;43m.[39;49m[43mcalculate[49m[43m([49m
[1;32m    720[0m [43m        [49m[43madded_variable[49m[43m,[49m[43m [49m[43mperiod[49m[43m,[49m[43m [49m[43mmap_to[49m[38;5;241;43m=[39;49m[43mvariable[49m[38;5;241;43m.[39;49m[43mentity[49m[38;5;241;43m.[39;49m[43mkey[49m
[1;32m    721[0m [43m    [49m[43m)[49m
[1;32m    722[0m [38;5;28;01melse[39;00m:

File [0;32m/opt/hostedtoolcache/Python/3.9.18/x64/lib/python3.9/site-packages/policyengine_core/simulations/simulation.py:330[0m, in [0;36mSimulation.calculate[0;34m(self, variable_name, period, map_to, decode_enums)[0m
[1;32m    329[0m [38;5;28;01mtry[39;00m:
[0;32m--> 330[0m     result [38;5;241m=[39m [38;5;28;43mself[39;49m[38;5;241;43m.[39;49m[43m_calculate[49m[43m([49m[43mvariable_name[49m[43m,[49m[43m [49m[43mperiod[49m[43m)[49m
[1;32m    331[0m     [38;5;28;01mif[39;00m [38;5;28misinstance[39m(result, EnumArray) [38;5;129;01mand[39;00m decode_enums:

File [0;32m/opt/hostedtoolcache/Python/3.9.18/x64/lib/python3.9/site-packages/policyengine_core/simulations/simulation.py:506[0m, in [0;36mSimulation._calculate[0;34m(self, variable_name, period)[0m
[1;32m    505[0m [38;5;28mself[39m[38;5;241m.[39m_check_for_cycle(variable[38;5;241m.[39mname, period)
[0;32m--> 506[0m array [38;5;241m=[39m [38;5;28;43mself[39;49m[38;5;241;43m.[39;49m[43m_run_formula[49m[43m([49m[43mvariable[49m[43m,[49m[43m [49m[43mpopulation[49m[43m,[49m[43m [49m[43mperiod[49m[43m)[49m
[1;32m    508[0m [38;5;66;03m# If no result, use the default value and cache it[39;00m

File [0;32m/opt/hostedtoolcache/Python/3.9.18/x64/lib/python3.9/site-packages/policyengine_core/simulations/simulation.py:780[0m, in [0;36mSimulation._run_formula[0;34m(self, variable, population, period)[0m
[1;32m    779[0m [38;5;28;01melse[39;00m:
[0;32m--> 780[0m     array [38;5;241m=[39m [43mformula[49m[43m([49m[43mpopulation[49m[43m,[49m[43m [49m[43mperiod[49m[43m,[49m[43m [49m[43mparameters_at[49m[43m)[49m
[1;32m    782[0m [38;5;28;01mreturn[39;00m array

File [0;32m~/work/policyengine-us/policyengine-us/policyengine_us/variables/gov/states/pa/tax/income/pa_use_tax.py:19[0m, in [0;36mpa_use_tax.formula[0;34m(tax_unit, period, parameters)[0m
[1;32m     15[0m [38;5;66;03m# Parameters vary depending on whether filer is in[39;00m
[1;32m     16[0m [38;5;66;03m# - Philadelphia (county==city)[39;00m
[1;32m     17[0m [38;5;66;03m# - Allegheny County[39;00m
[1;32m     18[0m [38;5;66;03m# - Rest of PA[39;00m
[0;32m---> 19[0m county [38;5;241m=[39m [43mtax_unit[49m[38;5;241;43m.[39;49m[43mhousehold[49m[43m([49m[38;5;124;43m"[39;49m[38;5;124;43mcounty_str[39;49m[38;5;124;43m"[39;49m[43m,[49m[43m [49m[43mperiod[49m[43m)[49m
[1;32m     20[0m [38;5;66;03m# counties = county.possible_values[39;00m

File [0;32m/opt/hostedtoolcache/Python/3.9.18/x64/lib/python3.9/site-packages/policyengine_core/projectors/projector.py:33[0m, in [0;36mProjector.__call__[0;34m(self, *args, **kwargs)[0m
[1;32m     32[0m [38;5;28;01mdef[39;00m [38;5;21m__call__[39m([38;5;28mself[39m, [38;5;241m*[39margs, [38;5;241m*[39m[38;5;241m*[39mkwargs):
[0;32m---> 33[0m     result [38;5;241m=[39m [38;5;28;43mself[39;49m[38;5;241;43m.[39;49m[43mreference_entity[49m[43m([49m[38;5;241;43m*[39;49m[43margs[49m[43m,[49m[43m [49m[38;5;241;43m*[39;49m[38;5;241;43m*[39;49m[43mkwargs[49m[43m)[49m
[1;32m     34[0m     [38;5;28;01mreturn[39;00m [38;5;28mself[39m[38;5;241m.[39mtransform_and_bubble_up(result)

File [0;32m/opt/hostedtoolcache/Python/3.9.18/x64/lib/python3.9/site-packages/policyengine_core/populations/population.py:134[0m, in [0;36mPopulation.__call__[0;34m(self, variable_name, period, options)[0m
[1;32m    133[0m [38;5;28;01melse[39;00m:
[0;32m--> 134[0m     [38;5;28;01mreturn[39;00m [38;5;28;43mself[39;49m[38;5;241;43m.[39;49m[43msimulation[49m[38;5;241;43m.[39;49m[43mcalculate[49m[43m([49m
[1;32m    135[0m [43m        [49m[43mvariable_name[49m[43m,[49m[43m [49m[43mperiod[49m[43m,[49m[43m [49m[38;5;241;43m*[39;49m[38;5;241;43m*[39;49m[43mcalculate_kwargs[49m
[1;32m    136[0m [43m    [49m[43m)[49m

File [0;32m/opt/hostedtoolcache/Python/3.9.18/x64/lib/python3.9/site-packages/policyengine_core/simulations/simulation.py:330[0m, in [0;36mSimulation.calculate[0;34m(self, variable_name, period, map_to, decode_enums)[0m
[1;32m    329[0m [38;5;28;01mtry[39;00m:
[0;32m--> 330[0m     result [38;5;241m=[39m [38;5;28;43mself[39;49m[38;5;241;43m.[39;49m[43m_calculate[49m[43m([49m[43mvariable_name[49m[43m,[49m[43m [49m[43mperiod[49m[43m)[49m
[1;32m    331[0m     [38;5;28;01mif[39;00m [38;5;28misinstance[39m(result, EnumArray) [38;5;129;01mand[39;00m decode_enums:

File [0;32m/opt/hostedtoolcache/Python/3.9.18/x64/lib/python3.9/site-packages/policyengine_core/simulations/simulation.py:506[0m, in [0;36mSimulation._calculate[0;34m(self, variable_name, period)[0m
[1;32m    505[0m [38;5;28mself[39m[38;5;241m.[39m_check_for_cycle(variable[38;5;241m.[39mname, period)
[0;32m--> 506[0m array [38;5;241m=[39m [38;5;28;43mself[39;49m[38;5;241;43m.[39;49m[43m_run_formula[49m[43m([49m[43mvariable[49m[43m,[49m[43m [49m[43mpopulation[49m[43m,[49m[43m [49m[43mperiod[49m[43m)[49m
[1;32m    508[0m [38;5;66;03m# If no result, use the default value and cache it[39;00m

File [0;32m/opt/hostedtoolcache/Python/3.9.18/x64/lib/python3.9/site-packages/policyengine_core/simulations/simulation.py:780[0m, in [0;36mSimulation._run_formula[0;34m(self, variable, population, period)[0m
[1;32m    779[0m [38;5;28;01melse[39;00m:
[0;32m--> 780[0m     array [38;5;241m=[39m [43mformula[49m[43m([49m[43mpopulation[49m[43m,[49m[43m [49m[43mperiod[49m[43m,[49m[43m [49m[43mparameters_at[49m[43m)[49m
[1;32m    782[0m [38;5;28;01mreturn[39;00m array

File [0;32m~/work/policyengine-us/policyengine-us/policyengine_us/variables/household/demographic/geographic/county/county_str.py:12[0m, in [0;36mcounty_str.formula[0;34m(household, period, parameters)[0m
[1;32m     11[0m [38;5;28;01mdef[39;00m [38;5;21mformula[39m(household, period, parameters):
[0;32m---> 12[0m     [38;5;28;01mreturn[39;00m [43mhousehold[49m[43m([49m[38;5;124;43m"[39;49m[38;5;124;43mcounty[39;49m[38;5;124;43m"[39;49m[43m,[49m[43m [49m[43mperiod[49m[43m)[49m[38;5;241m.[39mdecode_to_str()

File [0;32m/opt/hostedtoolcache/Python/3.9.18/x64/lib/python3.9/site-packages/policyengine_core/populations/population.py:134[0m, in [0;36mPopulation.__call__[0;34m(self, variable_name, period, options)[0m
[1;32m    133[0m [38;5;28;01melse[39;00m:
[0;32m--> 134[0m     [38;5;28;01mreturn[39;00m [38;5;28;43mself[39;49m[38;5;241;43m.[39;49m[43msimulation[49m[38;5;241;43m.[39;49m[43mcalculate[49m[43m([49m
[1;32m    135[0m [43m        [49m[43mvariable_name[49m[43m,[49m[43m [49m[43mperiod[49m[43m,[49m[43m [49m[38;5;241;43m*[39;49m[38;5;241;43m*[39;49m[43mcalculate_kwargs[49m
[1;32m    136[0m [43m    [49m[43m)[49m

File [0;32m/opt/hostedtoolcache/Python/3.9.18/x64/lib/python3.9/site-packages/policyengine_core/simulations/simulation.py:330[0m, in [0;36mSimulation.calculate[0;34m(self, variable_name, period, map_to, decode_enums)[0m
[1;32m    329[0m [38;5;28;01mtry[39;00m:
[0;32m--> 330[0m     result [38;5;241m=[39m [38;5;28;43mself[39;49m[38;5;241;43m.[39;49m[43m_calculate[49m[43m([49m[43mvariable_name[49m[43m,[49m[43m [49m[43mperiod[49m[43m)[49m
[1;32m    331[0m     [38;5;28;01mif[39;00m [38;5;28misinstance[39m(result, EnumArray) [38;5;129;01mand[39;00m decode_enums:

File [0;32m/opt/hostedtoolcache/Python/3.9.18/x64/lib/python3.9/site-packages/policyengine_core/simulations/simulation.py:506[0m, in [0;36mSimulation._calculate[0;34m(self, variable_name, period)[0m
[1;32m    505[0m [38;5;28mself[39m[38;5;241m.[39m_check_for_cycle(variable[38;5;241m.[39mname, period)
[0;32m--> 506[0m array [38;5;241m=[39m [38;5;28;43mself[39;49m[38;5;241;43m.[39;49m[43m_run_formula[49m[43m([49m[43mvariable[49m[43m,[49m[43m [49m[43mpopulation[49m[43m,[49m[43m [49m[43mperiod[49m[43m)[49m
[1;32m    508[0m [38;5;66;03m# If no result, use the default value and cache it[39;00m

File [0;32m/opt/hostedtoolcache/Python/3.9.18/x64/lib/python3.9/site-packages/policyengine_core/simulations/simulation.py:780[0m, in [0;36mSimulation._run_formula[0;34m(self, variable, population, period)[0m
[1;32m    779[0m [38;5;28;01melse[39;00m:
[0;32m--> 780[0m     array [38;5;241m=[39m [43mformula[49m[43m([49m[43mpopulation[49m[43m,[49m[43m [49m[43mperiod[49m[43m,[49m[43m [49m[43mparameters_at[49m[43m)[49m
[1;32m    782[0m [38;5;28;01mreturn[39;00m array

File [0;32m~/work/policyengine-us/policyengine-us/policyengine_us/variables/household/demographic/geographic/county/county.py:17[0m, in [0;36mcounty.formula[0;34m(household, period, parameters)[0m
[1;32m     15[0m [38;5;28;01mdef[39;00m [38;5;21mformula[39m(household, period, parameters):
[1;32m     16[0m     [38;5;66;03m# Attempt to look up from ZIP code[39;00m
[0;32m---> 17[0m     zip_code [38;5;241m=[39m [43mhousehold[49m[43m([49m[38;5;124;43m"[39;49m[38;5;124;43mzip_code[39;49m[38;5;124;43m"[39;49m[43m,[49m[43m [49m[43mperiod[49m[43m)[49m[38;5;241;43m.[39;49m[43mastype[49m[43m([49m[38;5;28;43mint[39;49m[43m)[49m
[1;32m     18[0m     zip_codes [38;5;241m=[39m ZIP_CODE_DATASET[38;5;241m.[39mset_index([38;5;124m"[39m[38;5;124mzip_code[39m[38;5;124m"[39m)

[0;31mValueError[0m: invalid literal for int() with base 10: 'UNKNOWN'

During handling of the above exception, another exception occurred:

[0;31mValueError[0m                                Traceback (most recent call last)
File [0;32m/opt/hostedtoolcache/Python/3.9.18/x64/lib/python3.9/site-packages/policyengine_core/simulations/individual_sim.py:264[0m, in [0;36mIndividualSim.calc[0;34m(self, var, period, target, index, map_to, reform)[0m
[1;32m    263[0m [38;5;28;01mtry[39;00m:
[0;32m--> 264[0m     result [38;5;241m=[39m [38;5;28;43mself[39;49m[38;5;241;43m.[39;49m[43msim[49m[38;5;241;43m.[39;49m[43mcalculate_add[49m[43m([49m[43mvar[49m[43m,[49m[43m [49m[43mperiod[49m[43m)[49m
[1;32m    265[0m [38;5;28;01mexcept[39;00m:

File [0;32m/opt/hostedtoolcache/Python/3.9.18/x64/lib/python3.9/site-packages/policyengine_core/simulations/simulation.py:625[0m, in [0;36mSimulation.calculate_add[0;34m(self, variable_name, period, decode_enums)[0m
[1;32m    619[0m     [38;5;28;01mraise[39;00m [38;5;167;01mValueError[39;00m(
[1;32m    620[0m         [38;5;124m"[39m[38;5;124mUnable to sum constant variable [39m[38;5;124m'[39m[38;5;132;01m{}[39;00m[38;5;124m'[39m[38;5;124m over period [39m[38;5;132;01m{}[39;00m[38;5;124m: only variables defined daily, monthly, or yearly can be summed over time.[39m[38;5;124m"[39m[38;5;241m.[39mformat(
[1;32m    621[0m             variable[38;5;241m.[39mname, period
[1;32m    622[0m         )
[1;32m    623[0m     )
[0;32m--> 625[0m result [38;5;241m=[39m [38;5;28;43msum[39;49m[43m([49m
[1;32m    626[0m [43m    [49m[38;5;28;43mself[39;49m[38;5;241;43m.[39;49m[43mcalculate[49m[43m([49m[43mvariable_name[49m[43m,[49m[43m [49m[43msub_period[49m[43m)[49m
[1;32m    627[0m [43m    [49m[38;5;28;43;01mfor[39;49;00m[43m [49m[43msub_period[49m[43m [49m[38;5;129;43;01min[39;49;00m[43m [49m[43mperiod[49m[38;5;241;43m.[39;49m[43mget_subperiods[49m[43m([49m[43mvariable[49m[38;5;241;43m.[39;49m[43mdefinition_period[49m[43m)[49m
[1;32m    628[0m [43m[49m[43m)[49m
[1;32m    629[0m holder [38;5;241m=[39m [38;5;28mself[39m[38;5;241m.[39mget_holder(variable[38;5;241m.[39mname)

File [0;32m/opt/hostedtoolcache/Python/3.9.18/x64/lib/python3.9/site-packages/policyengine_core/simulations/simulation.py:626[0m, in [0;36m<genexpr>[0;34m(.0)[0m
[1;32m    619[0m     [38;5;28;01mraise[39;00m [38;5;167;01mValueError[39;00m(
[1;32m    620[0m         [38;5;124m"[39m[38;5;124mUnable to sum constant variable [39m[38;5;124m'[39m[38;5;132;01m{}[39;00m[38;5;124m'[39m[38;5;124m over period [39m[38;5;132;01m{}[39;00m[38;5;124m: only variables defined daily, monthly, or yearly can be summed over time.[39m[38;5;124m"[39m[38;5;241m.[39mformat(
[1;32m    621[0m             variable[38;5;241m.[39mname, period
[1;32m    622[0m         )
[1;32m    623[0m     )
[1;32m    625[0m result [38;5;241m=[39m [38;5;28msum[39m(
[0;32m--> 626[0m     [38;5;28;43mself[39;49m[38;5;241;43m.[39;49m[43mcalculate[49m[43m([49m[43mvariable_name[49m[43m,[49m[43m [49m[43msub_period[49m[43m)[49m
[1;32m    627[0m     [38;5;28;01mfor[39;00m sub_period [38;5;129;01min[39;00m period[38;5;241m.[39mget_subperiods(variable[38;5;241m.[39mdefinition_period)
[1;32m    628[0m )
[1;32m    629[0m holder [38;5;241m=[39m [38;5;28mself[39m[38;5;241m.[39mget_holder(variable[38;5;241m.[39mname)

File [0;32m/opt/hostedtoolcache/Python/3.9.18/x64/lib/python3.9/site-packages/policyengine_core/simulations/simulation.py:330[0m, in [0;36mSimulation.calculate[0;34m(self, variable_name, period, map_to, decode_enums)[0m
[1;32m    329[0m [38;5;28;01mtry[39;00m:
[0;32m--> 330[0m     result [38;5;241m=[39m [38;5;28;43mself[39;49m[38;5;241;43m.[39;49m[43m_calculate[49m[43m([49m[43mvariable_name[49m[43m,[49m[43m [49m[43mperiod[49m[43m)[49m
[1;32m    331[0m     [38;5;28;01mif[39;00m [38;5;28misinstance[39m(result, EnumArray) [38;5;129;01mand[39;00m decode_enums:

File [0;32m/opt/hostedtoolcache/Python/3.9.18/x64/lib/python3.9/site-packages/policyengine_core/simulations/simulation.py:506[0m, in [0;36mSimulation._calculate[0;34m(self, variable_name, period)[0m
[1;32m    505[0m [38;5;28mself[39m[38;5;241m.[39m_check_for_cycle(variable[38;5;241m.[39mname, period)
[0;32m--> 506[0m array [38;5;241m=[39m [38;5;28;43mself[39;49m[38;5;241;43m.[39;49m[43m_run_formula[49m[43m([49m[43mvariable[49m[43m,[49m[43m [49m[43mpopulation[49m[43m,[49m[43m [49m[43mperiod[49m[43m)[49m
[1;32m    508[0m [38;5;66;03m# If no result, use the default value and cache it[39;00m

File [0;32m/opt/hostedtoolcache/Python/3.9.18/x64/lib/python3.9/site-packages/policyengine_core/simulations/simulation.py:780[0m, in [0;36mSimulation._run_formula[0;34m(self, variable, population, period)[0m
[1;32m    779[0m [38;5;28;01melse[39;00m:
[0;32m--> 780[0m     array [38;5;241m=[39m [43mformula[49m[43m([49m[43mpopulation[49m[43m,[49m[43m [49m[43mperiod[49m[43m,[49m[43m [49m[43mparameters_at[49m[43m)[49m
[1;32m    782[0m [38;5;28;01mreturn[39;00m array

File [0;32m~/work/policyengine-us/policyengine-us/policyengine_us/variables/gov/states/tax/income/state_income_tax.py:80[0m, in [0;36mstate_income_tax.formula[0;34m(tax_unit, period, parameters)[0m
[1;32m     79[0m [38;5;28;01melse[39;00m:
[0;32m---> 80[0m     [38;5;28;01mreturn[39;00m [43madd[49m[43m([49m[43mtax_unit[49m[43m,[49m[43m [49m[43mperiod[49m[43m,[49m[43m [49m[43mstate_income_tax[49m[38;5;241;43m.[39;49m[43madds[49m[43m)[49m

File [0;32m/opt/hostedtoolcache/Python/3.9.18/x64/lib/python3.9/site-packages/policyengine_core/commons/formulas.py:225[0m, in [0;36madd[0;34m(entity, period, variables, options)[0m
[1;32m    211[0m [38;5;250m[39m[38;5;124;03m"""Sums a list of variables.[39;00m
[1;32m    212[0m 
[1;32m    213[0m [38;5;124;03mArgs:[39;00m
[0;32m   (...)[0m
[1;32m    223[0m [38;5;124;03m    ArrayLike: The result of the operation.[39;00m
[1;32m    224[0m [38;5;124;03m"""[39;00m
[0;32m--> 225[0m [38;5;28;01mreturn[39;00m [43mfor_each_variable[49m[43m([49m
[1;32m    226[0m [43m    [49m[43mentity[49m[43m,[49m[43m [49m[43mperiod[49m[43m,[49m[43m [49m[43mvariables[49m[43m,[49m[43m [49m[43magg_func[49m[38;5;241;43m=[39;49m[38;5;124;43m"[39;49m[38;5;124;43madd[39;49m[38;5;124;43m"[39;49m[43m,[49m[43m [49m[43moptions[49m[38;5;241;43m=[39;49m[43moptions[49m
[1;32m    227[0m [43m[49m[43m)[49m

File [0;32m/opt/hostedtoolcache/Python/3.9.18/x64/lib/python3.9/site-packages/policyengine_core/commons/formulas.py:181[0m, in [0;36mfor_each_variable[0;34m(entity, period, variables, agg_func, group_agg_func, options)[0m
[1;32m    180[0m [38;5;28;01mif[39;00m variable_entity[38;5;241m.[39mkey [38;5;241m==[39m entity[38;5;241m.[39mentity[38;5;241m.[39mkey:
[0;32m--> 181[0m     values [38;5;241m=[39m [43mentity[49m[43m([49m[43mvariable[49m[43m,[49m[43m [49m[43mperiod[49m[43m,[49m[43m [49m[43moptions[49m[38;5;241;43m=[39;49m[43moptions[49m[43m)[49m
[1;32m    182[0m [38;5;28;01melif[39;00m variable_entity[38;5;241m.[39mis_person:

File [0;32m/opt/hostedtoolcache/Python/3.9.18/x64/lib/python3.9/site-packages/policyengine_core/populations/population.py:134[0m, in [0;36mPopulation.__call__[0;34m(self, variable_name, period, options)[0m
[1;32m    133[0m [38;5;28;01melse[39;00m:
[0;32m--> 134[0m     [38;5;28;01mreturn[39;00m [38;5;28;43mself[39;49m[38;5;241;43m.[39;49m[43msimulation[49m[38;5;241;43m.[39;49m[43mcalculate[49m[43m([49m
[1;32m    135[0m [43m        [49m[43mvariable_name[49m[43m,[49m[43m [49m[43mperiod[49m[43m,[49m[43m [49m[38;5;241;43m*[39;49m[38;5;241;43m*[39;49m[43mcalculate_kwargs[49m
[1;32m    136[0m [43m    [49m[43m)[49m

File [0;32m/opt/hostedtoolcache/Python/3.9.18/x64/lib/python3.9/site-packages/policyengine_core/simulations/simulation.py:330[0m, in [0;36mSimulation.calculate[0;34m(self, variable_name, period, map_to, decode_enums)[0m
[1;32m    329[0m [38;5;28;01mtry[39;00m:
[0;32m--> 330[0m     result [38;5;241m=[39m [38;5;28;43mself[39;49m[38;5;241;43m.[39;49m[43m_calculate[49m[43m([49m[43mvariable_name[49m[43m,[49m[43m [49m[43mperiod[49m[43m)[49m
[1;32m    331[0m     [38;5;28;01mif[39;00m [38;5;28misinstance[39m(result, EnumArray) [38;5;129;01mand[39;00m decode_enums:

File [0;32m/opt/hostedtoolcache/Python/3.9.18/x64/lib/python3.9/site-packages/policyengine_core/simulations/simulation.py:506[0m, in [0;36mSimulation._calculate[0;34m(self, variable_name, period)[0m
[1;32m    505[0m [38;5;28mself[39m[38;5;241m.[39m_check_for_cycle(variable[38;5;241m.[39mname, period)
[0;32m--> 506[0m array [38;5;241m=[39m [38;5;28;43mself[39;49m[38;5;241;43m.[39;49m[43m_run_formula[49m[43m([49m[43mvariable[49m[43m,[49m[43m [49m[43mpopulation[49m[43m,[49m[43m [49m[43mperiod[49m[43m)[49m
[1;32m    508[0m [38;5;66;03m# If no result, use the default value and cache it[39;00m

File [0;32m/opt/hostedtoolcache/Python/3.9.18/x64/lib/python3.9/site-packages/policyengine_core/simulations/simulation.py:719[0m, in [0;36mSimulation._run_formula[0;34m(self, variable, population, period)[0m
[1;32m    718[0m [38;5;28;01mif[39;00m added_variable [38;5;129;01min[39;00m [38;5;28mself[39m[38;5;241m.[39mtax_benefit_system[38;5;241m.[39mvariables:
[0;32m--> 719[0m     values [38;5;241m=[39m values [38;5;241m+[39m [38;5;28;43mself[39;49m[38;5;241;43m.[39;49m[43mcalculate[49m[43m([49m
[1;32m    720[0m [43m        [49m[43madded_variable[49m[43m,[49m[43m [49m[43mperiod[49m[43m,[49m[43m [49m[43mmap_to[49m[38;5;241;43m=[39;49m[43mvariable[49m[38;5;241;43m.[39;49m[43mentity[49m[38;5;241;43m.[39;49m[43mkey[49m
[1;32m    721[0m [43m    [49m[43m)[49m
[1;32m    722[0m [38;5;28;01melse[39;00m:

File [0;32m/opt/hostedtoolcache/Python/3.9.18/x64/lib/python3.9/site-packages/policyengine_core/simulations/simulation.py:330[0m, in [0;36mSimulation.calculate[0;34m(self, variable_name, period, map_to, decode_enums)[0m
[1;32m    329[0m [38;5;28;01mtry[39;00m:
[0;32m--> 330[0m     result [38;5;241m=[39m [38;5;28;43mself[39;49m[38;5;241;43m.[39;49m[43m_calculate[49m[43m([49m[43mvariable_name[49m[43m,[49m[43m [49m[43mperiod[49m[43m)[49m
[1;32m    331[0m     [38;5;28;01mif[39;00m [38;5;28misinstance[39m(result, EnumArray) [38;5;129;01mand[39;00m decode_enums:

File [0;32m/opt/hostedtoolcache/Python/3.9.18/x64/lib/python3.9/site-packages/policyengine_core/simulations/simulation.py:506[0m, in [0;36mSimulation._calculate[0;34m(self, variable_name, period)[0m
[1;32m    505[0m [38;5;28mself[39m[38;5;241m.[39m_check_for_cycle(variable[38;5;241m.[39mname, period)
[0;32m--> 506[0m array [38;5;241m=[39m [38;5;28;43mself[39;49m[38;5;241;43m.[39;49m[43m_run_formula[49m[43m([49m[43mvariable[49m[43m,[49m[43m [49m[43mpopulation[49m[43m,[49m[43m [49m[43mperiod[49m[43m)[49m
[1;32m    508[0m [38;5;66;03m# If no result, use the default value and cache it[39;00m

File [0;32m/opt/hostedtoolcache/Python/3.9.18/x64/lib/python3.9/site-packages/policyengine_core/simulations/simulation.py:780[0m, in [0;36mSimulation._run_formula[0;34m(self, variable, population, period)[0m
[1;32m    779[0m [38;5;28;01melse[39;00m:
[0;32m--> 780[0m     array [38;5;241m=[39m [43mformula[49m[43m([49m[43mpopulation[49m[43m,[49m[43m [49m[43mperiod[49m[43m,[49m[43m [49m[43mparameters_at[49m[43m)[49m
[1;32m    782[0m [38;5;28;01mreturn[39;00m array

File [0;32m~/work/policyengine-us/policyengine-us/policyengine_us/variables/gov/states/pa/tax/income/pa_use_tax.py:19[0m, in [0;36mpa_use_tax.formula[0;34m(tax_unit, period, parameters)[0m
[1;32m     15[0m [38;5;66;03m# Parameters vary depending on whether filer is in[39;00m
[1;32m     16[0m [38;5;66;03m# - Philadelphia (county==city)[39;00m
[1;32m     17[0m [38;5;66;03m# - Allegheny County[39;00m
[1;32m     18[0m [38;5;66;03m# - Rest of PA[39;00m
[0;32m---> 19[0m county [38;5;241m=[39m [43mtax_unit[49m[38;5;241;43m.[39;49m[43mhousehold[49m[43m([49m[38;5;124;43m"[39;49m[38;5;124;43mcounty_str[39;49m[38;5;124;43m"[39;49m[43m,[49m[43m [49m[43mperiod[49m[43m)[49m
[1;32m     20[0m [38;5;66;03m# counties = county.possible_values[39;00m

File [0;32m/opt/hostedtoolcache/Python/3.9.18/x64/lib/python3.9/site-packages/policyengine_core/projectors/projector.py:33[0m, in [0;36mProjector.__call__[0;34m(self, *args, **kwargs)[0m
[1;32m     32[0m [38;5;28;01mdef[39;00m [38;5;21m__call__[39m([38;5;28mself[39m, [38;5;241m*[39margs, [38;5;241m*[39m[38;5;241m*[39mkwargs):
[0;32m---> 33[0m     result [38;5;241m=[39m [38;5;28;43mself[39;49m[38;5;241;43m.[39;49m[43mreference_entity[49m[43m([49m[38;5;241;43m*[39;49m[43margs[49m[43m,[49m[43m [49m[38;5;241;43m*[39;49m[38;5;241;43m*[39;49m[43mkwargs[49m[43m)[49m
[1;32m     34[0m     [38;5;28;01mreturn[39;00m [38;5;28mself[39m[38;5;241m.[39mtransform_and_bubble_up(result)

File [0;32m/opt/hostedtoolcache/Python/3.9.18/x64/lib/python3.9/site-packages/policyengine_core/populations/population.py:134[0m, in [0;36mPopulation.__call__[0;34m(self, variable_name, period, options)[0m
[1;32m    133[0m [38;5;28;01melse[39;00m:
[0;32m--> 134[0m     [38;5;28;01mreturn[39;00m [38;5;28;43mself[39;49m[38;5;241;43m.[39;49m[43msimulation[49m[38;5;241;43m.[39;49m[43mcalculate[49m[43m([49m
[1;32m    135[0m [43m        [49m[43mvariable_name[49m[43m,[49m[43m [49m[43mperiod[49m[43m,[49m[43m [49m[38;5;241;43m*[39;49m[38;5;241;43m*[39;49m[43mcalculate_kwargs[49m
[1;32m    136[0m [43m    [49m[43m)[49m

File [0;32m/opt/hostedtoolcache/Python/3.9.18/x64/lib/python3.9/site-packages/policyengine_core/simulations/simulation.py:330[0m, in [0;36mSimulation.calculate[0;34m(self, variable_name, period, map_to, decode_enums)[0m
[1;32m    329[0m [38;5;28;01mtry[39;00m:
[0;32m--> 330[0m     result [38;5;241m=[39m [38;5;28;43mself[39;49m[38;5;241;43m.[39;49m[43m_calculate[49m[43m([49m[43mvariable_name[49m[43m,[49m[43m [49m[43mperiod[49m[43m)[49m
[1;32m    331[0m     [38;5;28;01mif[39;00m [38;5;28misinstance[39m(result, EnumArray) [38;5;129;01mand[39;00m decode_enums:

File [0;32m/opt/hostedtoolcache/Python/3.9.18/x64/lib/python3.9/site-packages/policyengine_core/simulations/simulation.py:506[0m, in [0;36mSimulation._calculate[0;34m(self, variable_name, period)[0m
[1;32m    505[0m [38;5;28mself[39m[38;5;241m.[39m_check_for_cycle(variable[38;5;241m.[39mname, period)
[0;32m--> 506[0m array [38;5;241m=[39m [38;5;28;43mself[39;49m[38;5;241;43m.[39;49m[43m_run_formula[49m[43m([49m[43mvariable[49m[43m,[49m[43m [49m[43mpopulation[49m[43m,[49m[43m [49m[43mperiod[49m[43m)[49m
[1;32m    508[0m [38;5;66;03m# If no result, use the default value and cache it[39;00m

File [0;32m/opt/hostedtoolcache/Python/3.9.18/x64/lib/python3.9/site-packages/policyengine_core/simulations/simulation.py:780[0m, in [0;36mSimulation._run_formula[0;34m(self, variable, population, period)[0m
[1;32m    779[0m [38;5;28;01melse[39;00m:
[0;32m--> 780[0m     array [38;5;241m=[39m [43mformula[49m[43m([49m[43mpopulation[49m[43m,[49m[43m [49m[43mperiod[49m[43m,[49m[43m [49m[43mparameters_at[49m[43m)[49m
[1;32m    782[0m [38;5;28;01mreturn[39;00m array

File [0;32m~/work/policyengine-us/policyengine-us/policyengine_us/variables/household/demographic/geographic/county/county_str.py:12[0m, in [0;36mcounty_str.formula[0;34m(household, period, parameters)[0m
[1;32m     11[0m [38;5;28;01mdef[39;00m [38;5;21mformula[39m(household, period, parameters):
[0;32m---> 12[0m     [38;5;28;01mreturn[39;00m [43mhousehold[49m[43m([49m[38;5;124;43m"[39;49m[38;5;124;43mcounty[39;49m[38;5;124;43m"[39;49m[43m,[49m[43m [49m[43mperiod[49m[43m)[49m[38;5;241m.[39mdecode_to_str()

File [0;32m/opt/hostedtoolcache/Python/3.9.18/x64/lib/python3.9/site-packages/policyengine_core/populations/population.py:134[0m, in [0;36mPopulation.__call__[0;34m(self, variable_name, period, options)[0m
[1;32m    133[0m [38;5;28;01melse[39;00m:
[0;32m--> 134[0m     [38;5;28;01mreturn[39;00m [38;5;28;43mself[39;49m[38;5;241;43m.[39;49m[43msimulation[49m[38;5;241;43m.[39;49m[43mcalculate[49m[43m([49m
[1;32m    135[0m [43m        [49m[43mvariable_name[49m[43m,[49m[43m [49m[43mperiod[49m[43m,[49m[43m [49m[38;5;241;43m*[39;49m[38;5;241;43m*[39;49m[43mcalculate_kwargs[49m
[1;32m    136[0m [43m    [49m[43m)[49m

File [0;32m/opt/hostedtoolcache/Python/3.9.18/x64/lib/python3.9/site-packages/policyengine_core/simulations/simulation.py:330[0m, in [0;36mSimulation.calculate[0;34m(self, variable_name, period, map_to, decode_enums)[0m
[1;32m    329[0m [38;5;28;01mtry[39;00m:
[0;32m--> 330[0m     result [38;5;241m=[39m [38;5;28;43mself[39;49m[38;5;241;43m.[39;49m[43m_calculate[49m[43m([49m[43mvariable_name[49m[43m,[49m[43m [49m[43mperiod[49m[43m)[49m
[1;32m    331[0m     [38;5;28;01mif[39;00m [38;5;28misinstance[39m(result, EnumArray) [38;5;129;01mand[39;00m decode_enums:

File [0;32m/opt/hostedtoolcache/Python/3.9.18/x64/lib/python3.9/site-packages/policyengine_core/simulations/simulation.py:506[0m, in [0;36mSimulation._calculate[0;34m(self, variable_name, period)[0m
[1;32m    505[0m [38;5;28mself[39m[38;5;241m.[39m_check_for_cycle(variable[38;5;241m.[39mname, period)
[0;32m--> 506[0m array [38;5;241m=[39m [38;5;28;43mself[39;49m[38;5;241;43m.[39;49m[43m_run_formula[49m[43m([49m[43mvariable[49m[43m,[49m[43m [49m[43mpopulation[49m[43m,[49m[43m [49m[43mperiod[49m[43m)[49m
[1;32m    508[0m [38;5;66;03m# If no result, use the default value and cache it[39;00m

File [0;32m/opt/hostedtoolcache/Python/3.9.18/x64/lib/python3.9/site-packages/policyengine_core/simulations/simulation.py:780[0m, in [0;36mSimulation._run_formula[0;34m(self, variable, population, period)[0m
[1;32m    779[0m [38;5;28;01melse[39;00m:
[0;32m--> 780[0m     array [38;5;241m=[39m [43mformula[49m[43m([49m[43mpopulation[49m[43m,[49m[43m [49m[43mperiod[49m[43m,[49m[43m [49m[43mparameters_at[49m[43m)[49m
[1;32m    782[0m [38;5;28;01mreturn[39;00m array

File [0;32m~/work/policyengine-us/policyengine-us/policyengine_us/variables/household/demographic/geographic/county/county.py:17[0m, in [0;36mcounty.formula[0;34m(household, period, parameters)[0m
[1;32m     15[0m [38;5;28;01mdef[39;00m [38;5;21mformula[39m(household, period, parameters):
[1;32m     16[0m     [38;5;66;03m# Attempt to look up from ZIP code[39;00m
[0;32m---> 17[0m     zip_code [38;5;241m=[39m [43mhousehold[49m[43m([49m[38;5;124;43m"[39;49m[38;5;124;43mzip_code[39;49m[38;5;124;43m"[39;49m[43m,[49m[43m [49m[43mperiod[49m[43m)[49m[38;5;241;43m.[39;49m[43mastype[49m[43m([49m[38;5;28;43mint[39;49m[43m)[49m
[1;32m     18[0m     zip_codes [38;5;241m=[39m ZIP_CODE_DATASET[38;5;241m.[39mset_index([38;5;124m"[39m[38;5;124mzip_code[39m[38;5;124m"[39m)

[0;31mValueError[0m: invalid literal for int() with base 10: 'UNKNOWN'

During handling of the above exception, another exception occurred:

[0;31mValueError[0m                                Traceback (most recent call last)
Cell [0;32mIn[1], line 44[0m
[1;32m     42[0m [38;5;28;01mfor[39;00m adults [38;5;129;01min[39;00m [38;5;28mrange[39m([38;5;241m1[39m, [38;5;241m3[39m):
[1;32m     43[0m     [38;5;28;01mfor[39;00m children [38;5;129;01min[39;00m [38;5;28mrange[39m([38;5;241m0[39m, [38;5;241m4[39m):
[0;32m---> 44[0m         l[38;5;241m.[39mappend([43mmake_tax[49m[43m([49m[43madults[49m[43m,[49m[43m [49m[43mchildren[49m[43m)[49m)
[1;32m     46[0m df [38;5;241m=[39m pd[38;5;241m.[39mconcat(l)
[1;32m     48[0m LABELS [38;5;241m=[39m [38;5;28mdict[39m(
[1;32m     49[0m     employment_income[38;5;241m=[39m[38;5;124m"[39m[38;5;124mEmployment income[39m[38;5;124m"[39m,
[1;32m     50[0m     state_income_tax[38;5;241m=[39m[38;5;124m"[39m[38;5;124mPennsylvania income tax[39m[38;5;124m"[39m,
[0;32m   (...)[0m
[1;32m     53[0m     children[38;5;241m=[39m[38;5;124m"[39m[38;5;124mChildren[39m[38;5;124m"[39m,
[1;32m     54[0m )

Cell [0;32mIn[1], line 27[0m, in [0;36mmake_tax[0;34m(adults, children)[0m
[1;32m     25[0m sim[38;5;241m.[39mvary([38;5;124m"[39m[38;5;124memployment_income[39m[38;5;124m"[39m, [38;5;28mmax[39m[38;5;241m=[39m[38;5;241m100_000[39m, step[38;5;241m=[39m[38;5;241m1_000[39m)
[1;32m     26[0m employment_income [38;5;241m=[39m sim[38;5;241m.[39mcalc([38;5;124m"[39m[38;5;124memployment_income[39m[38;5;124m"[39m)[[38;5;241m0[39m]
[0;32m---> 27[0m state_income_tax [38;5;241m=[39m [43msim[49m[38;5;241;43m.[39;49m[43mcalc[49m[43m([49m[38;5;124;43m"[39;49m[38;5;124;43mstate_income_tax[39;49m[38;5;124;43m"[39;49m[43m)[49m[[38;5;241m0[39m][38;5;241m.[39mround()
[1;32m     28[0m mtr [38;5;241m=[39m sim[38;5;241m.[39mderiv([38;5;124m"[39m[38;5;124mstate_income_tax[39m[38;5;124m"[39m, [38;5;124m"[39m[38;5;124memployment_income[39m[38;5;124m"[39m, wrt_target[38;5;241m=[39m[38;5;124m"[39m[38;5;124mhead[39m[38;5;124m"[39m)
[1;32m     29[0m [38;5;28;01mreturn[39;00m pd[38;5;241m.[39mDataFrame(
[1;32m     30[0m     [38;5;28mdict[39m(
[1;32m     31[0m         employment_income[38;5;241m=[39memployment_income,
[0;32m   (...)[0m
[1;32m     36[0m     )
[1;32m     37[0m )

File [0;32m/opt/hostedtoolcache/Python/3.9.18/x64/lib/python3.9/site-packages/policyengine_core/simulations/individual_sim.py:266[0m, in [0;36mIndividualSim.calc[0;34m(self, var, period, target, index, map_to, reform)[0m
[1;32m    264[0m         result [38;5;241m=[39m [38;5;28mself[39m[38;5;241m.[39msim[38;5;241m.[39mcalculate_add(var, period)
[1;32m    265[0m     [38;5;28;01mexcept[39;00m:
[0;32m--> 266[0m         result [38;5;241m=[39m [38;5;28;43mself[39;49m[38;5;241;43m.[39;49m[43msimulation[49m[38;5;241;43m.[39;49m[43mcalculate_divide[49m[43m([49m[43mvar[49m[43m,[49m[43m [49m[43mperiod[49m[43m)[49m
[1;32m    267[0m [38;5;28;01mif[39;00m (
[1;32m    268[0m     target [38;5;129;01mis[39;00m [38;5;129;01mnot[39;00m [38;5;28;01mNone[39;00m
[1;32m    269[0m     [38;5;129;01mand[39;00m target [38;5;129;01mnot[39;00m [38;5;129;01min[39;00m [38;5;28mself[39m[38;5;241m.[39msituation_data[entity[38;5;241m.[39mplural]
[1;32m    270[0m ):
[1;32m    271[0m     map_to [38;5;241m=[39m [38;5;28mself[39m[38;5;241m.[39mget_entity(target)[38;5;241m.[39mkey

File [0;32m/opt/hostedtoolcache/Python/3.9.18/x64/lib/python3.9/site-packages/policyengine_core/simulations/simulation.py:668[0m, in [0;36mSimulation.calculate_divide[0;34m(self, variable_name, period, decode_enums)[0m
[1;32m    666[0m     [38;5;28;01mreturn[39;00m result
[1;32m    667[0m [38;5;28;01melif[39;00m period[38;5;241m.[39munit [38;5;241m==[39m periods[38;5;241m.[39mYEAR:
[0;32m--> 668[0m     [38;5;28;01mreturn[39;00m [38;5;28;43mself[39;49m[38;5;241;43m.[39;49m[43mcalculate[49m[43m([49m[43mvariable_name[49m[43m,[49m[43m [49m[43mperiod[49m[43m)[49m
[1;32m    670[0m [38;5;28;01mraise[39;00m [38;5;167;01mValueError[39;00m(
[1;32m    671[0m     [38;5;124m"[39m[38;5;124mUnable to divide the value of [39m[38;5;124m'[39m[38;5;132;01m{}[39;00m[38;5;124m'[39m[38;5;124m to match period [39m[38;5;132;01m{}[39;00m[38;5;124m.[39m[38;5;124m"[39m[38;5;241m.[39mformat(
[1;32m    672[0m         variable_name, period
[1;32m    673[0m     )
[1;32m    674[0m )

File [0;32m/opt/hostedtoolcache/Python/3.9.18/x64/lib/python3.9/site-packages/policyengine_core/simulations/simulation.py:330[0m, in [0;36mSimulation.calculate[0;34m(self, variable_name, period, map_to, decode_enums)[0m
[1;32m    325[0m [38;5;28mself[39m[38;5;241m.[39mtracer[38;5;241m.[39mrecord_calculation_start(
[1;32m    326[0m     variable_name, period, [38;5;28mself[39m[38;5;241m.[39mbranch_name
[1;32m    327[0m )
[1;32m    329[0m [38;5;28;01mtry[39;00m:
[0;32m--> 330[0m     result [38;5;241m=[39m [38;5;28;43mself[39;49m[38;5;241;43m.[39;49m[43m_calculate[49m[43m([49m[43mvariable_name[49m[43m,[49m[43m [49m[43mperiod[49m[43m)[49m
[1;32m    331[0m     [38;5;28;01mif[39;00m [38;5;28misinstance[39m(result, EnumArray) [38;5;129;01mand[39;00m decode_enums:
[1;32m    332[0m         result [38;5;241m=[39m result[38;5;241m.[39mdecode_to_str()

File [0;32m/opt/hostedtoolcache/Python/3.9.18/x64/lib/python3.9/site-packages/policyengine_core/simulations/simulation.py:506[0m, in [0;36mSimulation._calculate[0;34m(self, variable_name, period)[0m
[1;32m    504[0m [38;5;28;01mtry[39;00m:
[1;32m    505[0m     [38;5;28mself[39m[38;5;241m.[39m_check_for_cycle(variable[38;5;241m.[39mname, period)
[0;32m--> 506[0m     array [38;5;241m=[39m [38;5;28;43mself[39;49m[38;5;241;43m.[39;49m[43m_run_formula[49m[43m([49m[43mvariable[49m[43m,[49m[43m [49m[43mpopulation[49m[43m,[49m[43m [49m[43mperiod[49m[43m)[49m
[1;32m    508[0m     [38;5;66;03m# If no result, use the default value and cache it[39;00m
[1;32m    509[0m     [38;5;28;01mif[39;00m array [38;5;129;01mis[39;00m [38;5;28;01mNone[39;00m:
[1;32m    510[0m         [38;5;66;03m# Check if the variable has a previously defined value[39;00m

File [0;32m/opt/hostedtoolcache/Python/3.9.18/x64/lib/python3.9/site-packages/policyengine_core/simulations/simulation.py:780[0m, in [0;36mSimulation._run_formula[0;34m(self, variable, population, period)[0m
[1;32m    778[0m     array [38;5;241m=[39m formula(population, period)
[1;32m    779[0m [38;5;28;01melse[39;00m:
[0;32m--> 780[0m     array [38;5;241m=[39m [43mformula[49m[43m([49m[43mpopulation[49m[43m,[49m[43m [49m[43mperiod[49m[43m,[49m[43m [49m[43mparameters_at[49m[43m)[49m
[1;32m    782[0m [38;5;28;01mreturn[39;00m array

File [0;32m~/work/policyengine-us/policyengine-us/policyengine_us/variables/gov/states/tax/income/state_income_tax.py:80[0m, in [0;36mstate_income_tax.formula[0;34m(tax_unit, period, parameters)[0m
[1;32m     74[0m     [38;5;28;01mreturn[39;00m where(
[1;32m     75[0m         total_tax_unit_heads [38;5;241m>[39m [38;5;241m0[39m,
[1;32m     76[0m         spm_unit_state_tax [38;5;241m/[39m total_tax_unit_heads,
[1;32m     77[0m         [38;5;241m0[39m,
[1;32m     78[0m     )
[1;32m     79[0m [38;5;28;01melse[39;00m:
[0;32m---> 80[0m     [38;5;28;01mreturn[39;00m [43madd[49m[43m([49m[43mtax_unit[49m[43m,[49m[43m [49m[43mperiod[49m[43m,[49m[43m [49m[43mstate_income_tax[49m[38;5;241;43m.[39;49m[43madds[49m[43m)[49m

File [0;32m/opt/hostedtoolcache/Python/3.9.18/x64/lib/python3.9/site-packages/policyengine_core/commons/formulas.py:225[0m, in [0;36madd[0;34m(entity, period, variables, options)[0m
[1;32m    205[0m [38;5;28;01mdef[39;00m [38;5;21madd[39m(
[1;32m    206[0m     entity: Population,
[1;32m    207[0m     period: Period,
[1;32m    208[0m     variables: List[[38;5;28mstr[39m],
[1;32m    209[0m     options: List[[38;5;28mstr[39m] [38;5;241m=[39m [38;5;28;01mNone[39;00m,
[1;32m    210[0m ):
[1;32m    211[0m [38;5;250m    [39m[38;5;124;03m"""Sums a list of variables.[39;00m
[1;32m    212[0m 
[1;32m    213[0m [38;5;124;03m    Args:[39;00m
[0;32m   (...)[0m
[1;32m    223[0m [38;5;124;03m        ArrayLike: The result of the operation.[39;00m
[1;32m    224[0m [38;5;124;03m    """[39;00m
[0;32m--> 225[0m     [38;5;28;01mreturn[39;00m [43mfor_each_variable[49m[43m([49m
[1;32m    226[0m [43m        [49m[43mentity[49m[43m,[49m[43m [49m[43mperiod[49m[43m,[49m[43m [49m[43mvariables[49m[43m,[49m[43m [49m[43magg_func[49m[38;5;241;43m=[39;49m[38;5;124;43m"[39;49m[38;5;124;43madd[39;49m[38;5;124;43m"[39;49m[43m,[49m[43m [49m[43moptions[49m[38;5;241;43m=[39;49m[43moptions[49m
[1;32m    227[0m [43m    [49m[43m)[49m

File [0;32m/opt/hostedtoolcache/Python/3.9.18/x64/lib/python3.9/site-packages/policyengine_core/commons/formulas.py:181[0m, in [0;36mfor_each_variable[0;34m(entity, period, variables, agg_func, group_agg_func, options)[0m
[1;32m    179[0m variable_entity [38;5;241m=[39m entity[38;5;241m.[39mentity[38;5;241m.[39mget_variable(variable)[38;5;241m.[39mentity
[1;32m    180[0m [38;5;28;01mif[39;00m variable_entity[38;5;241m.[39mkey [38;5;241m==[39m entity[38;5;241m.[39mentity[38;5;241m.[39mkey:
[0;32m--> 181[0m     values [38;5;241m=[39m [43mentity[49m[43m([49m[43mvariable[49m[43m,[49m[43m [49m[43mperiod[49m[43m,[49m[43m [49m[43moptions[49m[38;5;241;43m=[39;49m[43moptions[49m[43m)[49m
[1;32m    182[0m [38;5;28;01melif[39;00m variable_entity[38;5;241m.[39mis_person:
[1;32m    183[0m     values [38;5;241m=[39m group_agg_func(
[1;32m    184[0m         entity[38;5;241m.[39mmembers(variable, period, options[38;5;241m=[39moptions)
[1;32m    185[0m     )

File [0;32m/opt/hostedtoolcache/Python/3.9.18/x64/lib/python3.9/site-packages/policyengine_core/populations/population.py:134[0m, in [0;36mPopulation.__call__[0;34m(self, variable_name, period, options)[0m
[1;32m    130[0m     [38;5;28;01mreturn[39;00m [38;5;28mself[39m[38;5;241m.[39msimulation[38;5;241m.[39mcalculate_divide(
[1;32m    131[0m         variable_name, period, [38;5;241m*[39m[38;5;241m*[39mcalculate_kwargs
[1;32m    132[0m     )
[1;32m    133[0m [38;5;28;01melse[39;00m:
[0;32m--> 134[0m     [38;5;28;01mreturn[39;00m [38;5;28;43mself[39;49m[38;5;241;43m.[39;49m[43msimulation[49m[38;5;241;43m.[39;49m[43mcalculate[49m[43m([49m
[1;32m    135[0m [43m        [49m[43mvariable_name[49m[43m,[49m[43m [49m[43mperiod[49m[43m,[49m[43m [49m[38;5;241;43m*[39;49m[38;5;241;43m*[39;49m[43mcalculate_kwargs[49m
[1;32m    136[0m [43m    [49m[43m)[49m

File [0;32m/opt/hostedtoolcache/Python/3.9.18/x64/lib/python3.9/site-packages/policyengine_core/simulations/simulation.py:330[0m, in [0;36mSimulation.calculate[0;34m(self, variable_name, period, map_to, decode_enums)[0m
[1;32m    325[0m [38;5;28mself[39m[38;5;241m.[39mtracer[38;5;241m.[39mrecord_calculation_start(
[1;32m    326[0m     variable_name, period, [38;5;28mself[39m[38;5;241m.[39mbranch_name
[1;32m    327[0m )
[1;32m    329[0m [38;5;28;01mtry[39;00m:
[0;32m--> 330[0m     result [38;5;241m=[39m [38;5;28;43mself[39;49m[38;5;241;43m.[39;49m[43m_calculate[49m[43m([49m[43mvariable_name[49m[43m,[49m[43m [49m[43mperiod[49m[43m)[49m
[1;32m    331[0m     [38;5;28;01mif[39;00m [38;5;28misinstance[39m(result, EnumArray) [38;5;129;01mand[39;00m decode_enums:
[1;32m    332[0m         result [38;5;241m=[39m result[38;5;241m.[39mdecode_to_str()

File [0;32m/opt/hostedtoolcache/Python/3.9.18/x64/lib/python3.9/site-packages/policyengine_core/simulations/simulation.py:506[0m, in [0;36mSimulation._calculate[0;34m(self, variable_name, period)[0m
[1;32m    504[0m [38;5;28;01mtry[39;00m:
[1;32m    505[0m     [38;5;28mself[39m[38;5;241m.[39m_check_for_cycle(variable[38;5;241m.[39mname, period)
[0;32m--> 506[0m     array [38;5;241m=[39m [38;5;28;43mself[39;49m[38;5;241;43m.[39;49m[43m_run_formula[49m[43m([49m[43mvariable[49m[43m,[49m[43m [49m[43mpopulation[49m[43m,[49m[43m [49m[43mperiod[49m[43m)[49m
[1;32m    508[0m     [38;5;66;03m# If no result, use the default value and cache it[39;00m
[1;32m    509[0m     [38;5;28;01mif[39;00m array [38;5;129;01mis[39;00m [38;5;28;01mNone[39;00m:
[1;32m    510[0m         [38;5;66;03m# Check if the variable has a previously defined value[39;00m

File [0;32m/opt/hostedtoolcache/Python/3.9.18/x64/lib/python3.9/site-packages/policyengine_core/simulations/simulation.py:719[0m, in [0;36mSimulation._run_formula[0;34m(self, variable, population, period)[0m
[1;32m    717[0m [38;5;28;01mfor[39;00m added_variable [38;5;129;01min[39;00m adds_list:
[1;32m    718[0m     [38;5;28;01mif[39;00m added_variable [38;5;129;01min[39;00m [38;5;28mself[39m[38;5;241m.[39mtax_benefit_system[38;5;241m.[39mvariables:
[0;32m--> 719[0m         values [38;5;241m=[39m values [38;5;241m+[39m [38;5;28;43mself[39;49m[38;5;241;43m.[39;49m[43mcalculate[49m[43m([49m
[1;32m    720[0m [43m            [49m[43madded_variable[49m[43m,[49m[43m [49m[43mperiod[49m[43m,[49m[43m [49m[43mmap_to[49m[38;5;241;43m=[39;49m[43mvariable[49m[38;5;241;43m.[39;49m[43mentity[49m[38;5;241;43m.[39;49m[43mkey[49m
[1;32m    721[0m [43m        [49m[43m)[49m
[1;32m    722[0m     [38;5;28;01melse[39;00m:
[1;32m    723[0m         [38;5;28;01mtry[39;00m:

File [0;32m/opt/hostedtoolcache/Python/3.9.18/x64/lib/python3.9/site-packages/policyengine_core/simulations/simulation.py:330[0m, in [0;36mSimulation.calculate[0;34m(self, variable_name, period, map_to, decode_enums)[0m
[1;32m    325[0m [38;5;28mself[39m[38;5;241m.[39mtracer[38;5;241m.[39mrecord_calculation_start(
[1;32m    326[0m     variable_name, period, [38;5;28mself[39m[38;5;241m.[39mbranch_name
[1;32m    327[0m )
[1;32m    329[0m [38;5;28;01mtry[39;00m:
[0;32m--> 330[0m     result [38;5;241m=[39m [38;5;28;43mself[39;49m[38;5;241;43m.[39;49m[43m_calculate[49m[43m([49m[43mvariable_name[49m[43m,[49m[43m [49m[43mperiod[49m[43m)[49m
[1;32m    331[0m     [38;5;28;01mif[39;00m [38;5;28misinstance[39m(result, EnumArray) [38;5;129;01mand[39;00m decode_enums:
[1;32m    332[0m         result [38;5;241m=[39m result[38;5;241m.[39mdecode_to_str()

File [0;32m/opt/hostedtoolcache/Python/3.9.18/x64/lib/python3.9/site-packages/policyengine_core/simulations/simulation.py:506[0m, in [0;36mSimulation._calculate[0;34m(self, variable_name, period)[0m
[1;32m    504[0m [38;5;28;01mtry[39;00m:
[1;32m    505[0m     [38;5;28mself[39m[38;5;241m.[39m_check_for_cycle(variable[38;5;241m.[39mname, period)
[0;32m--> 506[0m     array [38;5;241m=[39m [38;5;28;43mself[39;49m[38;5;241;43m.[39;49m[43m_run_formula[49m[43m([49m[43mvariable[49m[43m,[49m[43m [49m[43mpopulation[49m[43m,[49m[43m [49m[43mperiod[49m[43m)[49m
[1;32m    508[0m     [38;5;66;03m# If no result, use the default value and cache it[39;00m
[1;32m    509[0m     [38;5;28;01mif[39;00m array [38;5;129;01mis[39;00m [38;5;28;01mNone[39;00m:
[1;32m    510[0m         [38;5;66;03m# Check if the variable has a previously defined value[39;00m

File [0;32m/opt/hostedtoolcache/Python/3.9.18/x64/lib/python3.9/site-packages/policyengine_core/simulations/simulation.py:780[0m, in [0;36mSimulation._run_formula[0;34m(self, variable, population, period)[0m
[1;32m    778[0m     array [38;5;241m=[39m formula(population, period)
[1;32m    779[0m [38;5;28;01melse[39;00m:
[0;32m--> 780[0m     array [38;5;241m=[39m [43mformula[49m[43m([49m[43mpopulation[49m[43m,[49m[43m [49m[43mperiod[49m[43m,[49m[43m [49m[43mparameters_at[49m[43m)[49m
[1;32m    782[0m [38;5;28;01mreturn[39;00m array

File [0;32m~/work/policyengine-us/policyengine-us/policyengine_us/variables/gov/states/pa/tax/income/pa_use_tax.py:19[0m, in [0;36mpa_use_tax.formula[0;34m(tax_unit, period, parameters)[0m
[1;32m     14[0m income [38;5;241m=[39m tax_unit([38;5;124m"[39m[38;5;124mpa_total_taxable_income[39m[38;5;124m"[39m, period)
[1;32m     15[0m [38;5;66;03m# Parameters vary depending on whether filer is in[39;00m
[1;32m     16[0m [38;5;66;03m# - Philadelphia (county==city)[39;00m
[1;32m     17[0m [38;5;66;03m# - Allegheny County[39;00m
[1;32m     18[0m [38;5;66;03m# - Rest of PA[39;00m
[0;32m---> 19[0m county [38;5;241m=[39m [43mtax_unit[49m[38;5;241;43m.[39;49m[43mhousehold[49m[43m([49m[38;5;124;43m"[39;49m[38;5;124;43mcounty_str[39;49m[38;5;124;43m"[39;49m[43m,[49m[43m [49m[43mperiod[49m[43m)[49m
[1;32m     20[0m [38;5;66;03m# counties = county.possible_values[39;00m
[1;32m     22[0m philadelphia [38;5;241m=[39m county [38;5;241m==[39m [38;5;124m"[39m[38;5;124mPHILADELPHIA_COUNTY_PA[39m[38;5;124m"[39m

File [0;32m/opt/hostedtoolcache/Python/3.9.18/x64/lib/python3.9/site-packages/policyengine_core/projectors/projector.py:33[0m, in [0;36mProjector.__call__[0;34m(self, *args, **kwargs)[0m
[1;32m     32[0m [38;5;28;01mdef[39;00m [38;5;21m__call__[39m([38;5;28mself[39m, [38;5;241m*[39margs, [38;5;241m*[39m[38;5;241m*[39mkwargs):
[0;32m---> 33[0m     result [38;5;241m=[39m [38;5;28;43mself[39;49m[38;5;241;43m.[39;49m[43mreference_entity[49m[43m([49m[38;5;241;43m*[39;49m[43margs[49m[43m,[49m[43m [49m[38;5;241;43m*[39;49m[38;5;241;43m*[39;49m[43mkwargs[49m[43m)[49m
[1;32m     34[0m     [38;5;28;01mreturn[39;00m [38;5;28mself[39m[38;5;241m.[39mtransform_and_bubble_up(result)

File [0;32m/opt/hostedtoolcache/Python/3.9.18/x64/lib/python3.9/site-packages/policyengine_core/populations/population.py:134[0m, in [0;36mPopulation.__call__[0;34m(self, variable_name, period, options)[0m
[1;32m    130[0m     [38;5;28;01mreturn[39;00m [38;5;28mself[39m[38;5;241m.[39msimulation[38;5;241m.[39mcalculate_divide(
[1;32m    131[0m         variable_name, period, [38;5;241m*[39m[38;5;241m*[39mcalculate_kwargs
[1;32m    132[0m     )
[1;32m    133[0m [38;5;28;01melse[39;00m:
[0;32m--> 134[0m     [38;5;28;01mreturn[39;00m [38;5;28;43mself[39;49m[38;5;241;43m.[39;49m[43msimulation[49m[38;5;241;43m.[39;49m[43mcalculate[49m[43m([49m
[1;32m    135[0m [43m        [49m[43mvariable_name[49m[43m,[49m[43m [49m[43mperiod[49m[43m,[49m[43m [49m[38;5;241;43m*[39;49m[38;5;241;43m*[39;49m[43mcalculate_kwargs[49m
[1;32m    136[0m [43m    [49m[43m)[49m

File [0;32m/opt/hostedtoolcache/Python/3.9.18/x64/lib/python3.9/site-packages/policyengine_core/simulations/simulation.py:330[0m, in [0;36mSimulation.calculate[0;34m(self, variable_name, period, map_to, decode_enums)[0m
[1;32m    325[0m [38;5;28mself[39m[38;5;241m.[39mtracer[38;5;241m.[39mrecord_calculation_start(
[1;32m    326[0m     variable_name, period, [38;5;28mself[39m[38;5;241m.[39mbranch_name
[1;32m    327[0m )
[1;32m    329[0m [38;5;28;01mtry[39;00m:
[0;32m--> 330[0m     result [38;5;241m=[39m [38;5;28;43mself[39;49m[38;5;241;43m.[39;49m[43m_calculate[49m[43m([49m[43mvariable_name[49m[43m,[49m[43m [49m[43mperiod[49m[43m)[49m
[1;32m    331[0m     [38;5;28;01mif[39;00m [38;5;28misinstance[39m(result, EnumArray) [38;5;129;01mand[39;00m decode_enums:
[1;32m    332[0m         result [38;5;241m=[39m result[38;5;241m.[39mdecode_to_str()

File [0;32m/opt/hostedtoolcache/Python/3.9.18/x64/lib/python3.9/site-packages/policyengine_core/simulations/simulation.py:506[0m, in [0;36mSimulation._calculate[0;34m(self, variable_name, period)[0m
[1;32m    504[0m [38;5;28;01mtry[39;00m:
[1;32m    505[0m     [38;5;28mself[39m[38;5;241m.[39m_check_for_cycle(variable[38;5;241m.[39mname, period)
[0;32m--> 506[0m     array [38;5;241m=[39m [38;5;28;43mself[39;49m[38;5;241;43m.[39;49m[43m_run_formula[49m[43m([49m[43mvariable[49m[43m,[49m[43m [49m[43mpopulation[49m[43m,[49m[43m [49m[43mperiod[49m[43m)[49m
[1;32m    508[0m     [38;5;66;03m# If no result, use the default value and cache it[39;00m
[1;32m    509[0m     [38;5;28;01mif[39;00m array [38;5;129;01mis[39;00m [38;5;28;01mNone[39;00m:
[1;32m    510[0m         [38;5;66;03m# Check if the variable has a previously defined value[39;00m

File [0;32m/opt/hostedtoolcache/Python/3.9.18/x64/lib/python3.9/site-packages/policyengine_core/simulations/simulation.py:780[0m, in [0;36mSimulation._run_formula[0;34m(self, variable, population, period)[0m
[1;32m    778[0m     array [38;5;241m=[39m formula(population, period)
[1;32m    779[0m [38;5;28;01melse[39;00m:
[0;32m--> 780[0m     array [38;5;241m=[39m [43mformula[49m[43m([49m[43mpopulation[49m[43m,[49m[43m [49m[43mperiod[49m[43m,[49m[43m [49m[43mparameters_at[49m[43m)[49m
[1;32m    782[0m [38;5;28;01mreturn[39;00m array

File [0;32m~/work/policyengine-us/policyengine-us/policyengine_us/variables/household/demographic/geographic/county/county_str.py:12[0m, in [0;36mcounty_str.formula[0;34m(household, period, parameters)[0m
[1;32m     11[0m [38;5;28;01mdef[39;00m [38;5;21mformula[39m(household, period, parameters):
[0;32m---> 12[0m     [38;5;28;01mreturn[39;00m [43mhousehold[49m[43m([49m[38;5;124;43m"[39;49m[38;5;124;43mcounty[39;49m[38;5;124;43m"[39;49m[43m,[49m[43m [49m[43mperiod[49m[43m)[49m[38;5;241m.[39mdecode_to_str()

File [0;32m/opt/hostedtoolcache/Python/3.9.18/x64/lib/python3.9/site-packages/policyengine_core/populations/population.py:134[0m, in [0;36mPopulation.__call__[0;34m(self, variable_name, period, options)[0m
[1;32m    130[0m     [38;5;28;01mreturn[39;00m [38;5;28mself[39m[38;5;241m.[39msimulation[38;5;241m.[39mcalculate_divide(
[1;32m    131[0m         variable_name, period, [38;5;241m*[39m[38;5;241m*[39mcalculate_kwargs
[1;32m    132[0m     )
[1;32m    133[0m [38;5;28;01melse[39;00m:
[0;32m--> 134[0m     [38;5;28;01mreturn[39;00m [38;5;28;43mself[39;49m[38;5;241;43m.[39;49m[43msimulation[49m[38;5;241;43m.[39;49m[43mcalculate[49m[43m([49m
[1;32m    135[0m [43m        [49m[43mvariable_name[49m[43m,[49m[43m [49m[43mperiod[49m[43m,[49m[43m [49m[38;5;241;43m*[39;49m[38;5;241;43m*[39;49m[43mcalculate_kwargs[49m
[1;32m    136[0m [43m    [49m[43m)[49m

File [0;32m/opt/hostedtoolcache/Python/3.9.18/x64/lib/python3.9/site-packages/policyengine_core/simulations/simulation.py:330[0m, in [0;36mSimulation.calculate[0;34m(self, variable_name, period, map_to, decode_enums)[0m
[1;32m    325[0m [38;5;28mself[39m[38;5;241m.[39mtracer[38;5;241m.[39mrecord_calculation_start(
[1;32m    326[0m     variable_name, period, [38;5;28mself[39m[38;5;241m.[39mbranch_name
[1;32m    327[0m )
[1;32m    329[0m [38;5;28;01mtry[39;00m:
[0;32m--> 330[0m     result [38;5;241m=[39m [38;5;28;43mself[39;49m[38;5;241;43m.[39;49m[43m_calculate[49m[43m([49m[43mvariable_name[49m[43m,[49m[43m [49m[43mperiod[49m[43m)[49m
[1;32m    331[0m     [38;5;28;01mif[39;00m [38;5;28misinstance[39m(result, EnumArray) [38;5;129;01mand[39;00m decode_enums:
[1;32m    332[0m         result [38;5;241m=[39m result[38;5;241m.[39mdecode_to_str()

File [0;32m/opt/hostedtoolcache/Python/3.9.18/x64/lib/python3.9/site-packages/policyengine_core/simulations/simulation.py:506[0m, in [0;36mSimulation._calculate[0;34m(self, variable_name, period)[0m
[1;32m    504[0m [38;5;28;01mtry[39;00m:
[1;32m    505[0m     [38;5;28mself[39m[38;5;241m.[39m_check_for_cycle(variable[38;5;241m.[39mname, period)
[0;32m--> 506[0m     array [38;5;241m=[39m [38;5;28;43mself[39;49m[38;5;241;43m.[39;49m[43m_run_formula[49m[43m([49m[43mvariable[49m[43m,[49m[43m [49m[43mpopulation[49m[43m,[49m[43m [49m[43mperiod[49m[43m)[49m
[1;32m    508[0m     [38;5;66;03m# If no result, use the default value and cache it[39;00m
[1;32m    509[0m     [38;5;28;01mif[39;00m array [38;5;129;01mis[39;00m [38;5;28;01mNone[39;00m:
[1;32m    510[0m         [38;5;66;03m# Check if the variable has a previously defined value[39;00m

File [0;32m/opt/hostedtoolcache/Python/3.9.18/x64/lib/python3.9/site-packages/policyengine_core/simulations/simulation.py:780[0m, in [0;36mSimulation._run_formula[0;34m(self, variable, population, period)[0m
[1;32m    778[0m     array [38;5;241m=[39m formula(population, period)
[1;32m    779[0m [38;5;28;01melse[39;00m:
[0;32m--> 780[0m     array [38;5;241m=[39m [43mformula[49m[43m([49m[43mpopulation[49m[43m,[49m[43m [49m[43mperiod[49m[43m,[49m[43m [49m[43mparameters_at[49m[43m)[49m
[1;32m    782[0m [38;5;28;01mreturn[39;00m array

File [0;32m~/work/policyengine-us/policyengine-us/policyengine_us/variables/household/demographic/geographic/county/county.py:17[0m, in [0;36mcounty.formula[0;34m(household, period, parameters)[0m
[1;32m     15[0m [38;5;28;01mdef[39;00m [38;5;21mformula[39m(household, period, parameters):
[1;32m     16[0m     [38;5;66;03m# Attempt to look up from ZIP code[39;00m
[0;32m---> 17[0m     zip_code [38;5;241m=[39m [43mhousehold[49m[43m([49m[38;5;124;43m"[39;49m[38;5;124;43mzip_code[39;49m[38;5;124;43m"[39;49m[43m,[49m[43m [49m[43mperiod[49m[43m)[49m[38;5;241;43m.[39;49m[43mastype[49m[43m([49m[38;5;28;43mint[39;49m[43m)[49m
[1;32m     18[0m     zip_codes [38;5;241m=[39m ZIP_CODE_DATASET[38;5;241m.[39mset_index([38;5;124m"[39m[38;5;124mzip_code[39m[38;5;124m"[39m)
[1;32m     19[0m     county_name [38;5;241m=[39m zip_codes[38;5;241m.[39mcounty[zip_code]

[0;31mValueError[0m: invalid literal for int() with base 10: 'UNKNOWN'

